[0.016s] Invoking command in '/home/hollowknight/Documents/code/Doe/build/doe_control': CMAKE_PREFIX_PATH=${CMAKE_PREFIX_PATH}:/opt/ros/jazzy DEBUGINFOD_URLS=https://debuginfod.ubuntu.com /usr/bin/cmake /home/hollowknight/Documents/code/Doe/src/doe_control -DCMAKE_INSTALL_PREFIX=/home/hollowknight/Documents/code/Doe/install/doe_control
[0.204s] -- The C compiler identification is GNU 13.2.0
[0.348s] -- The CXX compiler identification is GNU 13.2.0
[0.366s] -- Detecting C compiler ABI info
[0.444s] -- Detecting C compiler ABI info - done
[0.450s] -- Check for working C compiler: /usr/bin/cc - skipped
[0.451s] -- Detecting C compile features
[0.451s] -- Detecting C compile features - done
[0.460s] -- Detecting CXX compiler ABI info
[0.537s] -- Detecting CXX compiler ABI info - done
[0.545s] -- Check for working CXX compiler: /usr/bin/c++ - skipped
[0.545s] -- Detecting CXX compile features
[0.545s] -- Detecting CXX compile features - done
[0.549s] -- Found ament_cmake: 2.5.2 (/opt/ros/jazzy/share/ament_cmake/cmake)
[0.664s] -- Found Python3: /usr/bin/python3 (found version "3.12.3") found components: Interpreter 
[0.759s] -- Found rclcpp: 28.1.5 (/opt/ros/jazzy/share/rclcpp/cmake)
[0.800s] -- Found rosidl_generator_c: 4.6.4 (/opt/ros/jazzy/share/rosidl_generator_c/cmake)
[0.815s] -- Found rosidl_generator_cpp: 4.6.4 (/opt/ros/jazzy/share/rosidl_generator_cpp/cmake)
[0.831s] -- Using all available rosidl_typesupport_c: rosidl_typesupport_fastrtps_c;rosidl_typesupport_introspection_c
[0.848s] -- Using all available rosidl_typesupport_cpp: rosidl_typesupport_fastrtps_cpp;rosidl_typesupport_introspection_cpp
[0.925s] -- Found rmw_implementation_cmake: 7.3.1 (/opt/ros/jazzy/share/rmw_implementation_cmake/cmake)
[0.928s] -- Found rmw_fastrtps_cpp: 8.4.1 (/opt/ros/jazzy/share/rmw_fastrtps_cpp/cmake)
[1.000s] -- Found OpenSSL: /usr/lib/x86_64-linux-gnu/libcrypto.so (found version "3.0.13")  
[1.016s] -- Found FastRTPS: /opt/ros/jazzy/include (Required is at least version "2.13") 
[1.032s] -- Using RMW implementation 'rmw_fastrtps_cpp' as default
[1.100s] -- Found rclcpp_components: 28.1.5 (/opt/ros/jazzy/share/rclcpp_components/cmake)
[1.147s] [31mCMake Error at CMakeLists.txt:24 (find_package):
[1.147s]   By not providing "Findtriton_interfaces.cmake" in CMAKE_MODULE_PATH this
[1.147s]   project has asked CMake to find a package configuration file provided by
[1.147s]   "triton_interfaces", but CMake did not find one.
[1.147s] 
[1.148s]   Could not find a package configuration file provided by "triton_interfaces"
[1.148s]   with any of the following names:
[1.148s] 
[1.148s]     triton_interfacesConfig.cmake
[1.148s]     triton_interfaces-config.cmake
[1.148s] 
[1.148s]   Add the installation prefix of "triton_interfaces" to CMAKE_PREFIX_PATH or
[1.148s]   set "triton_interfaces_DIR" to a directory containing one of the above
[1.148s]   files.  If "triton_interfaces" provides a separate development package or
[1.148s]   SDK, be sure it has been installed.
[1.148s] 
[1.148s] [0m
[1.148s] -- Configuring incomplete, errors occurred!
[1.155s] Invoked command in '/home/hollowknight/Documents/code/Doe/build/doe_control' returned '1': CMAKE_PREFIX_PATH=${CMAKE_PREFIX_PATH}:/opt/ros/jazzy DEBUGINFOD_URLS=https://debuginfod.ubuntu.com /usr/bin/cmake /home/hollowknight/Documents/code/Doe/src/doe_control -DCMAKE_INSTALL_PREFIX=/home/hollowknight/Documents/code/Doe/install/doe_control
