[0.012s] Invoking command in '/home/hollowknight/Documents/code/Doe/build/doe_navigation': CMAKE_PREFIX_PATH=${CMAKE_PREFIX_PATH}:/opt/ros/jazzy DEBUGINFOD_URLS=https://debuginfod.ubuntu.com /usr/bin/cmake /home/hollowknight/Documents/code/Doe/src/doe_navigation -DCMAKE_INSTALL_PREFIX=/home/hollowknight/Documents/code/Doe/install/doe_navigation
[0.196s] -- The C compiler identification is GNU 13.2.0
[0.343s] -- The CXX compiler identification is GNU 13.2.0
[0.359s] -- Detecting C compiler ABI info
[0.437s] -- Detecting C compiler ABI info - done
[0.445s] -- Check for working C compiler: /usr/bin/cc - skipped
[0.446s] -- Detecting C compile features
[0.446s] -- Detecting C compile features - done
[0.454s] -- Detecting CXX compiler ABI info
[0.530s] -- Detecting CXX compiler ABI info - done
[0.539s] -- Check for working CXX compiler: /usr/bin/c++ - skipped
[0.539s] -- Detecting CXX compile features
[0.540s] -- Detecting CXX compile features - done
[0.543s] -- Found ament_cmake: 2.5.2 (/opt/ros/jazzy/share/ament_cmake/cmake)
[0.656s] -- Found Python3: /usr/bin/python3 (found version "3.12.3") found components: Interpreter 
[0.752s] -- Found ament_lint_auto: 0.17.1 (/opt/ros/jazzy/share/ament_lint_auto/cmake)
[0.837s] -- Added test 'lint_cmake' to check CMake code style
[0.838s] -- Added test 'xmllint' to check XML markup files
[0.839s] -- Configuring done (0.8s)
[0.842s] -- Generating done (0.0s)
[0.843s] -- Build files have been written to: /home/hollowknight/Documents/code/Doe/build/doe_navigation
[0.847s] Invoked command in '/home/hollowknight/Documents/code/Doe/build/doe_navigation' returned '0': CMAKE_PREFIX_PATH=${CMAKE_PREFIX_PATH}:/opt/ros/jazzy DEBUGINFOD_URLS=https://debuginfod.ubuntu.com /usr/bin/cmake /home/hollowknight/Documents/code/Doe/src/doe_navigation -DCMAKE_INSTALL_PREFIX=/home/hollowknight/Documents/code/Doe/install/doe_navigation
[0.848s] Invoking command in '/home/hollowknight/Documents/code/Doe/build/doe_navigation': CMAKE_PREFIX_PATH=${CMAKE_PREFIX_PATH}:/opt/ros/jazzy DEBUGINFOD_URLS=https://debuginfod.ubuntu.com /usr/bin/cmake --build /home/hollowknight/Documents/code/Doe/build/doe_navigation -- -j12 -l12
[0.879s] Invoked command in '/home/hollowknight/Documents/code/Doe/build/doe_navigation' returned '0': CMAKE_PREFIX_PATH=${CMAKE_PREFIX_PATH}:/opt/ros/jazzy DEBUGINFOD_URLS=https://debuginfod.ubuntu.com /usr/bin/cmake --build /home/hollowknight/Documents/code/Doe/build/doe_navigation -- -j12 -l12
[0.902s] Invoking command in '/home/hollowknight/Documents/code/Doe/build/doe_navigation': CMAKE_PREFIX_PATH=${CMAKE_PREFIX_PATH}:/opt/ros/jazzy DEBUGINFOD_URLS=https://debuginfod.ubuntu.com /usr/bin/cmake --install /home/hollowknight/Documents/code/Doe/build/doe_navigation
[0.909s] -- Install configuration: ""
[0.909s] -- Installing: /home/hollowknight/Documents/code/Doe/install/doe_navigation/share/ament_index/resource_index/package_run_dependencies/doe_navigation
[0.910s] -- Installing: /home/hollowknight/Documents/code/Doe/install/doe_navigation/share/ament_index/resource_index/parent_prefix_path/doe_navigation
[0.910s] -- Installing: /home/hollowknight/Documents/code/Doe/install/doe_navigation/share/doe_navigation/environment/ament_prefix_path.sh
[0.910s] -- Installing: /home/hollowknight/Documents/code/Doe/install/doe_navigation/share/doe_navigation/environment/ament_prefix_path.dsv
[0.910s] -- Installing: /home/hollowknight/Documents/code/Doe/install/doe_navigation/share/doe_navigation/environment/path.sh
[0.911s] -- Installing: /home/hollowknight/Documents/code/Doe/install/doe_navigation/share/doe_navigation/environment/path.dsv
[0.911s] -- Installing: /home/hollowknight/Documents/code/Doe/install/doe_navigation/share/doe_navigation/local_setup.bash
[0.911s] -- Installing: /home/hollowknight/Documents/code/Doe/install/doe_navigation/share/doe_navigation/local_setup.sh
[0.911s] -- Installing: /home/hollowknight/Documents/code/Doe/install/doe_navigation/share/doe_navigation/local_setup.zsh
[0.911s] -- Installing: /home/hollowknight/Documents/code/Doe/install/doe_navigation/share/doe_navigation/local_setup.dsv
[0.912s] -- Installing: /home/hollowknight/Documents/code/Doe/install/doe_navigation/share/doe_navigation/package.dsv
[0.912s] -- Installing: /home/hollowknight/Documents/code/Doe/install/doe_navigation/share/ament_index/resource_index/packages/doe_navigation
[0.912s] -- Installing: /home/hollowknight/Documents/code/Doe/install/doe_navigation/share/doe_navigation/cmake/doe_navigationConfig.cmake
[0.912s] -- Installing: /home/hollowknight/Documents/code/Doe/install/doe_navigation/share/doe_navigation/cmake/doe_navigationConfig-version.cmake
[0.912s] -- Installing: /home/hollowknight/Documents/code/Doe/install/doe_navigation/share/doe_navigation/package.xml
[0.932s] Invoked command in '/home/hollowknight/Documents/code/Doe/build/doe_navigation' returned '0': CMAKE_PREFIX_PATH=${CMAKE_PREFIX_PATH}:/opt/ros/jazzy DEBUGINFOD_URLS=https://debuginfod.ubuntu.com /usr/bin/cmake --install /home/hollowknight/Documents/code/Doe/build/doe_navigation
