[0.015s] Invoking command in '/home/hollowknight/Documents/code/Doe/build/doe_control': CMAKE_PREFIX_PATH=${CMAKE_PREFIX_PATH}:/opt/ros/jazzy DEBUGINFOD_URLS=https://debuginfod.ubuntu.com /usr/bin/cmake /home/hollowknight/Documents/code/Doe/src/doe_control -DCMAKE_INSTALL_PREFIX=/home/hollowknight/Documents/code/Doe/install/doe_control
[0.025s] -- Found ament_cmake: 2.5.2 (/opt/ros/jazzy/share/ament_cmake/cmake)
[0.194s] -- Found rclcpp: 28.1.5 (/opt/ros/jazzy/share/rclcpp/cmake)
[0.228s] -- Found rosidl_generator_c: 4.6.4 (/opt/ros/jazzy/share/rosidl_generator_c/cmake)
[0.234s] -- Found rosidl_generator_cpp: 4.6.4 (/opt/ros/jazzy/share/rosidl_generator_cpp/cmake)
[0.243s] -- Using all available rosidl_typesupport_c: rosidl_typesupport_fastrtps_c;rosidl_typesupport_introspection_c
[0.252s] -- Using all available rosidl_typesupport_cpp: rosidl_typesupport_fastrtps_cpp;rosidl_typesupport_introspection_cpp
[0.299s] -- Found rmw_implementation_cmake: 7.3.1 (/opt/ros/jazzy/share/rmw_implementation_cmake/cmake)
[0.300s] -- Found rmw_fastrtps_cpp: 8.4.1 (/opt/ros/jazzy/share/rmw_fastrtps_cpp/cmake)
[0.349s] -- Using RMW implementation 'rmw_fastrtps_cpp' as default
[0.397s] -- Found rclcpp_components: 28.1.5 (/opt/ros/jazzy/share/rclcpp_components/cmake)
[0.418s] -- Found geometry_msgs: 5.3.5 (/opt/ros/jazzy/share/geometry_msgs/cmake)
[0.441s] -- Found sensor_msgs: 5.3.5 (/opt/ros/jazzy/share/sensor_msgs/cmake)
[0.460s] -- Found nav_msgs: 5.3.5 (/opt/ros/jazzy/share/nav_msgs/cmake)
[0.484s] -- Found OpenCV: /usr/local (found suitable version "4.10.0", minimum required is "4.10.0") 
[0.485s] -- Found tf2: 0.36.4 (/opt/ros/jazzy/share/tf2/cmake)
[0.490s] -- Found ament_lint_auto: 0.17.1 (/opt/ros/jazzy/share/ament_lint_auto/cmake)
[0.566s] -- Added test 'cppcheck' to perform static code analysis on C / C++ code
[0.567s] -- Configured cppcheck include dirs: /home/hollowknight/Documents/code/Doe/src/doe_control/include
[0.567s] -- Configured cppcheck exclude dirs and/or files: 
[0.567s] -- Added test 'lint_cmake' to check CMake code style
[0.568s] -- Added test 'uncrustify' to check C / C++ code style
[0.568s] -- Configured uncrustify additional arguments: 
[0.569s] -- Added test 'xmllint' to check XML markup files
[0.570s] -- Configuring done (0.5s)
[0.575s] -- Generating done (0.0s)
[0.577s] -- Build files have been written to: /home/hollowknight/Documents/code/Doe/build/doe_control
[0.583s] Invoked command in '/home/hollowknight/Documents/code/Doe/build/doe_control' returned '0': CMAKE_PREFIX_PATH=${CMAKE_PREFIX_PATH}:/opt/ros/jazzy DEBUGINFOD_URLS=https://debuginfod.ubuntu.com /usr/bin/cmake /home/hollowknight/Documents/code/Doe/src/doe_control -DCMAKE_INSTALL_PREFIX=/home/hollowknight/Documents/code/Doe/install/doe_control
[0.584s] Invoking command in '/home/hollowknight/Documents/code/Doe/build/doe_control': CMAKE_PREFIX_PATH=${CMAKE_PREFIX_PATH}:/opt/ros/jazzy DEBUGINFOD_URLS=https://debuginfod.ubuntu.com /usr/bin/cmake --build /home/hollowknight/Documents/code/Doe/build/doe_control -- -j12 -l12
[0.623s] [ 50%] [32mBuilding CXX object CMakeFiles/thrust_publisher.dir/src/thrust_publisher.cpp.o[0m
[0.661s] In file included from [01m[K/home/hollowknight/Documents/code/Doe/src/doe_control/src/thrust_publisher.cpp:1[m[K:
[0.662s] [01m[K/home/hollowknight/Documents/code/Doe/src/doe_control/include/doe_control/thrust_publisher.hpp:8:10:[m[K [01;31m[Kfatal error: [m[Kopencv2/core.hpp: No such file or directory
[0.662s]     8 | #include [01;31m[K<opencv2/core.hpp>[m[K
[0.662s]       |          [01;31m[K^~~~~~~~~~~~~~~~~~[m[K
[0.662s] compilation terminated.
[0.663s] gmake[2]: *** [CMakeFiles/thrust_publisher.dir/build.make:76: CMakeFiles/thrust_publisher.dir/src/thrust_publisher.cpp.o] Error 1
[0.663s] gmake[1]: *** [CMakeFiles/Makefile2:137: CMakeFiles/thrust_publisher.dir/all] Error 2
[0.664s] gmake: *** [Makefile:146: all] Error 2
[0.666s] Invoked command in '/home/hollowknight/Documents/code/Doe/build/doe_control' returned '2': CMAKE_PREFIX_PATH=${CMAKE_PREFIX_PATH}:/opt/ros/jazzy DEBUGINFOD_URLS=https://debuginfod.ubuntu.com /usr/bin/cmake --build /home/hollowknight/Documents/code/Doe/build/doe_control -- -j12 -l12
