[0.007s] Invoking command in '/home/hollowknight/Documents/code/Doe/src/build/doe_control': DEBUGINFOD_URLS=https://debuginfod.ubuntu.com /usr/bin/cmake /home/hollowknight/Documents/code/Doe/src/doe_control -DCMAKE_INSTALL_PREFIX=/home/hollowknight/Documents/code/Doe/src/install/doe_control
[0.051s] -- The C compiler identification is GNU 13.2.0
[0.097s] -- The CXX compiler identification is GNU 13.2.0
[0.112s] -- Detecting C compiler ABI info
[0.182s] -- Detecting C compiler ABI info - done
[0.191s] -- Check for working C compiler: /usr/bin/cc - skipped
[0.192s] -- Detecting C compile features
[0.192s] -- Detecting C compile features - done
[0.200s] -- Detecting CXX compiler ABI info
[0.276s] -- Detecting CXX compiler ABI info - done
[0.285s] -- Check for working CXX compiler: /usr/bin/c++ - skipped
[0.285s] -- Detecting CXX compile features
[0.286s] -- Detecting CXX compile features - done
[0.298s] [31mCMake Error at CMakeLists.txt:19 (find_package):
[0.298s]   By not providing "Findament_cmake.cmake" in CMAKE_MODULE_PATH this project
[0.298s]   has asked CMake to find a package configuration file provided by
[0.298s]   "ament_cmake", but CMake did not find one.
[0.298s] 
[0.298s]   Could not find a package configuration file provided by "ament_cmake" with
[0.298s]   any of the following names:
[0.298s] 
[0.298s]     ament_cmakeConfig.cmake
[0.298s]     ament_cmake-config.cmake
[0.299s] 
[0.299s]   Add the installation prefix of "ament_cmake" to CMAKE_PREFIX_PATH or set
[0.299s]   "ament_cmake_DIR" to a directory containing one of the above files.  If
[0.299s]   "ament_cmake" provides a separate development package or SDK, be sure it
[0.299s]   has been installed.
[0.299s] 
[0.299s] [0m
[0.301s] -- Configuring incomplete, errors occurred!
[0.304s] Invoked command in '/home/hollowknight/Documents/code/Doe/src/build/doe_control' returned '1': DEBUGINFOD_URLS=https://debuginfod.ubuntu.com /usr/bin/cmake /home/hollowknight/Documents/code/Doe/src/doe_control -DCMAKE_INSTALL_PREFIX=/home/hollowknight/Documents/code/Doe/src/install/doe_control
