[0.010s] Invoking command in '/home/hollowknight/Documents/code/Doe/src/build/doe_simulation': DEBUGINFOD_URLS=https://debuginfod.ubuntu.com /usr/bin/cmake /home/hollowknight/Documents/code/Doe/src/doe_simulation -DCMAKE_INSTALL_PREFIX=/home/hollowknight/Documents/code/Doe/src/install/doe_simulation
[0.051s] -- The C compiler identification is GNU 13.2.0
[0.096s] -- The CXX compiler identification is GNU 13.2.0
[0.109s] -- Detecting C compiler ABI info
[0.178s] -- Detecting C compiler ABI info - done
[0.189s] -- Check for working C compiler: /usr/bin/cc - skipped
[0.190s] -- Detecting C compile features
[0.190s] -- Detecting C compile features - done
[0.199s] -- Detecting CXX compiler ABI info
[0.273s] -- Detecting CXX compiler ABI info - done
[0.283s] -- Check for working CXX compiler: /usr/bin/c++ - skipped
[0.283s] -- Detecting CXX compile features
[0.284s] -- Detecting CXX compile features - done
[0.294s] [31mCMake Error at CMakeLists.txt:9 (find_package):
[0.295s]   By not providing "Findament_cmake.cmake" in CMAKE_MODULE_PATH this project
[0.295s]   has asked CMake to find a package configuration file provided by
[0.295s]   "ament_cmake", but CMake did not find one.
[0.295s] 
[0.295s]   Could not find a package configuration file provided by "ament_cmake" with
[0.295s]   any of the following names:
[0.295s] 
[0.296s]     ament_cmakeConfig.cmake
[0.296s]     ament_cmake-config.cmake
[0.296s] 
[0.296s]   Add the installation prefix of "ament_cmake" to CMAKE_PREFIX_PATH or set
[0.296s]   "ament_cmake_DIR" to a directory containing one of the above files.  If
[0.296s]   "ament_cmake" provides a separate development package or SDK, be sure it
[0.296s]   has been installed.
[0.296s] 
[0.296s] [0m
[0.296s] -- Configuring incomplete, errors occurred!
[0.300s] Invoked command in '/home/hollowknight/Documents/code/Doe/src/build/doe_simulation' returned '1': DEBUGINFOD_URLS=https://debuginfod.ubuntu.com /usr/bin/cmake /home/hollowknight/Documents/code/Doe/src/doe_simulation -DCMAKE_INSTALL_PREFIX=/home/hollowknight/Documents/code/Doe/src/install/doe_simulation
