[0.007s] Invoking command in '/home/hollowknight/Documents/code/Doe/src/build/doe_perception': DEBUGINFOD_URLS=https://debuginfod.ubuntu.com /usr/bin/cmake /home/hollowknight/Documents/code/Doe/src/doe_perception -DCMAKE_INSTALL_PREFIX=/home/hollowknight/Documents/code/Doe/src/install/doe_perception
[0.048s] -- The C compiler identification is GNU 13.2.0
[0.095s] -- The CXX compiler identification is GNU 13.2.0
[0.111s] -- Detecting C compiler ABI info
[0.178s] -- Detecting C compiler ABI info - done
[0.184s] -- Check for working C compiler: /usr/bin/cc - skipped
[0.184s] -- Detecting C compile features
[0.185s] -- Detecting C compile features - done
[0.193s] -- Detecting CXX compiler ABI info
[0.278s] -- Detecting CXX compiler ABI info - done
[0.286s] -- Check for working CXX compiler: /usr/bin/c++ - skipped
[0.287s] -- Detecting CXX compile features
[0.287s] -- Detecting CXX compile features - done
[0.299s] [31mCMake Error at CMakeLists.txt:9 (find_package):
[0.299s]   By not providing "Findament_cmake.cmake" in CMAKE_MODULE_PATH this project
[0.299s]   has asked CMake to find a package configuration file provided by
[0.299s]   "ament_cmake", but CMake did not find one.
[0.299s] 
[0.299s]   Could not find a package configuration file provided by "ament_cmake" with
[0.299s]   any of the following names:
[0.299s] 
[0.300s]     ament_cmakeConfig.cmake
[0.300s]     ament_cmake-config.cmake
[0.300s] 
[0.300s]   Add the installation prefix of "ament_cmake" to CMAKE_PREFIX_PATH or set
[0.300s]   "ament_cmake_DIR" to a directory containing one of the above files.  If
[0.300s]   "ament_cmake" provides a separate development package or SDK, be sure it
[0.300s]   has been installed.
[0.300s] 
[0.300s] [0m
[0.300s] -- Configuring incomplete, errors occurred!
[0.302s] Invoked command in '/home/hollowknight/Documents/code/Doe/src/build/doe_perception' returned '1': DEBUGINFOD_URLS=https://debuginfod.ubuntu.com /usr/bin/cmake /home/hollowknight/Documents/code/Doe/src/doe_perception -DCMAKE_INSTALL_PREFIX=/home/hollowknight/Documents/code/Doe/src/install/doe_perception
