[0.012s] Invoking command in '/home/hollowknight/Documents/code/Doe/build/doe_simulation': CMAKE_PREFIX_PATH=${CMAKE_PREFIX_PATH}:/opt/ros/jazzy DEBUGINFOD_URLS=https://debuginfod.ubuntu.com /usr/bin/cmake /home/hollowknight/Documents/code/Doe/src/doe_simulation -DCMAKE_INSTALL_PREFIX=/home/hollowknight/Documents/code/Doe/install/doe_simulation
[0.191s] -- The C compiler identification is GNU 13.2.0
[0.338s] -- The CXX compiler identification is GNU 13.2.0
[0.356s] -- Detecting C compiler ABI info
[0.434s] -- Detecting C compiler ABI info - done
[0.442s] -- Check for working C compiler: /usr/bin/cc - skipped
[0.442s] -- Detecting C compile features
[0.443s] -- Detecting C compile features - done
[0.450s] -- Detecting CXX compiler ABI info
[0.526s] -- Detecting CXX compiler ABI info - done
[0.538s] -- Check for working CXX compiler: /usr/bin/c++ - skipped
[0.538s] -- Detecting CXX compile features
[0.538s] -- Detecting CXX compile features - done
[0.541s] -- Found ament_cmake: 2.5.2 (/opt/ros/jazzy/share/ament_cmake/cmake)
[0.659s] -- Found Python3: /usr/bin/python3 (found version "3.12.3") found components: Interpreter 
[0.749s] -- Found ament_lint_auto: 0.17.1 (/opt/ros/jazzy/share/ament_lint_auto/cmake)
[0.833s] -- Added test 'lint_cmake' to check CMake code style
[0.834s] -- Added test 'xmllint' to check XML markup files
[0.836s] -- Configuring done (0.8s)
[0.840s] -- Generating done (0.0s)
[0.841s] -- Build files have been written to: /home/hollowknight/Documents/code/Doe/build/doe_simulation
[0.846s] Invoked command in '/home/hollowknight/Documents/code/Doe/build/doe_simulation' returned '0': CMAKE_PREFIX_PATH=${CMAKE_PREFIX_PATH}:/opt/ros/jazzy DEBUGINFOD_URLS=https://debuginfod.ubuntu.com /usr/bin/cmake /home/hollowknight/Documents/code/Doe/src/doe_simulation -DCMAKE_INSTALL_PREFIX=/home/hollowknight/Documents/code/Doe/install/doe_simulation
[0.847s] Invoking command in '/home/hollowknight/Documents/code/Doe/build/doe_simulation': CMAKE_PREFIX_PATH=${CMAKE_PREFIX_PATH}:/opt/ros/jazzy DEBUGINFOD_URLS=https://debuginfod.ubuntu.com /usr/bin/cmake --build /home/hollowknight/Documents/code/Doe/build/doe_simulation -- -j12 -l12
[0.876s] Invoked command in '/home/hollowknight/Documents/code/Doe/build/doe_simulation' returned '0': CMAKE_PREFIX_PATH=${CMAKE_PREFIX_PATH}:/opt/ros/jazzy DEBUGINFOD_URLS=https://debuginfod.ubuntu.com /usr/bin/cmake --build /home/hollowknight/Documents/code/Doe/build/doe_simulation -- -j12 -l12
[0.897s] Invoking command in '/home/hollowknight/Documents/code/Doe/build/doe_simulation': CMAKE_PREFIX_PATH=${CMAKE_PREFIX_PATH}:/opt/ros/jazzy DEBUGINFOD_URLS=https://debuginfod.ubuntu.com /usr/bin/cmake --install /home/hollowknight/Documents/code/Doe/build/doe_simulation
[0.903s] -- Install configuration: ""
[0.903s] -- Installing: /home/hollowknight/Documents/code/Doe/install/doe_simulation/share/ament_index/resource_index/package_run_dependencies/doe_simulation
[0.903s] -- Installing: /home/hollowknight/Documents/code/Doe/install/doe_simulation/share/ament_index/resource_index/parent_prefix_path/doe_simulation
[0.903s] -- Installing: /home/hollowknight/Documents/code/Doe/install/doe_simulation/share/doe_simulation/environment/ament_prefix_path.sh
[0.903s] -- Installing: /home/hollowknight/Documents/code/Doe/install/doe_simulation/share/doe_simulation/environment/ament_prefix_path.dsv
[0.903s] -- Installing: /home/hollowknight/Documents/code/Doe/install/doe_simulation/share/doe_simulation/environment/path.sh
[0.904s] -- Installing: /home/hollowknight/Documents/code/Doe/install/doe_simulation/share/doe_simulation/environment/path.dsv
[0.905s] -- Installing: /home/hollowknight/Documents/code/Doe/install/doe_simulation/share/doe_simulation/local_setup.bash
[0.905s] -- Installing: /home/hollowknight/Documents/code/Doe/install/doe_simulation/share/doe_simulation/local_setup.sh
[0.905s] -- Installing: /home/hollowknight/Documents/code/Doe/install/doe_simulation/share/doe_simulation/local_setup.zsh
[0.905s] -- Installing: /home/hollowknight/Documents/code/Doe/install/doe_simulation/share/doe_simulation/local_setup.dsv
[0.905s] -- Installing: /home/hollowknight/Documents/code/Doe/install/doe_simulation/share/doe_simulation/package.dsv
[0.905s] -- Installing: /home/hollowknight/Documents/code/Doe/install/doe_simulation/share/ament_index/resource_index/packages/doe_simulation
[0.906s] -- Installing: /home/hollowknight/Documents/code/Doe/install/doe_simulation/share/doe_simulation/cmake/doe_simulationConfig.cmake
[0.906s] -- Installing: /home/hollowknight/Documents/code/Doe/install/doe_simulation/share/doe_simulation/cmake/doe_simulationConfig-version.cmake
[0.906s] -- Installing: /home/hollowknight/Documents/code/Doe/install/doe_simulation/share/doe_simulation/package.xml
[0.919s] Invoked command in '/home/hollowknight/Documents/code/Doe/build/doe_simulation' returned '0': CMAKE_PREFIX_PATH=${CMAKE_PREFIX_PATH}:/opt/ros/jazzy DEBUGINFOD_URLS=https://debuginfod.ubuntu.com /usr/bin/cmake --install /home/hollowknight/Documents/code/Doe/build/doe_simulation
