[0.011s] Invoking command in '/home/hollowknight/Documents/code/Doe/build/doe_perception': CMAKE_PREFIX_PATH=${CMAKE_PREFIX_PATH}:/opt/ros/jazzy DEBUGINFOD_URLS=https://debuginfod.ubuntu.com /usr/bin/cmake /home/hollowknight/Documents/code/Doe/src/doe_perception -DCMAKE_INSTALL_PREFIX=/home/hollowknight/Documents/code/Doe/install/doe_perception
[0.192s] -- The C compiler identification is GNU 13.2.0
[0.340s] -- The CXX compiler identification is GNU 13.2.0
[0.358s] -- Detecting C compiler ABI info
[0.435s] -- Detecting C compiler ABI info - done
[0.444s] -- Check for working C compiler: /usr/bin/cc - skipped
[0.444s] -- Detecting C compile features
[0.444s] -- Detecting C compile features - done
[0.451s] -- Detecting CXX compiler ABI info
[0.528s] -- Detecting CXX compiler ABI info - done
[0.536s] -- Check for working CXX compiler: /usr/bin/c++ - skipped
[0.537s] -- Detecting CXX compile features
[0.537s] -- Detecting CXX compile features - done
[0.541s] -- Found ament_cmake: 2.5.2 (/opt/ros/jazzy/share/ament_cmake/cmake)
[0.654s] -- Found Python3: /usr/bin/python3 (found version "3.12.3") found components: Interpreter 
[0.754s] -- Found ament_lint_auto: 0.17.1 (/opt/ros/jazzy/share/ament_lint_auto/cmake)
[0.840s] -- Added test 'lint_cmake' to check CMake code style
[0.841s] -- Added test 'xmllint' to check XML markup files
[0.843s] -- Configuring done (0.8s)
[0.847s] -- Generating done (0.0s)
[0.847s] -- Build files have been written to: /home/hollowknight/Documents/code/Doe/build/doe_perception
[0.851s] Invoked command in '/home/hollowknight/Documents/code/Doe/build/doe_perception' returned '0': CMAKE_PREFIX_PATH=${CMAKE_PREFIX_PATH}:/opt/ros/jazzy DEBUGINFOD_URLS=https://debuginfod.ubuntu.com /usr/bin/cmake /home/hollowknight/Documents/code/Doe/src/doe_perception -DCMAKE_INSTALL_PREFIX=/home/hollowknight/Documents/code/Doe/install/doe_perception
[0.851s] Invoking command in '/home/hollowknight/Documents/code/Doe/build/doe_perception': CMAKE_PREFIX_PATH=${CMAKE_PREFIX_PATH}:/opt/ros/jazzy DEBUGINFOD_URLS=https://debuginfod.ubuntu.com /usr/bin/cmake --build /home/hollowknight/Documents/code/Doe/build/doe_perception -- -j12 -l12
[0.881s] Invoked command in '/home/hollowknight/Documents/code/Doe/build/doe_perception' returned '0': CMAKE_PREFIX_PATH=${CMAKE_PREFIX_PATH}:/opt/ros/jazzy DEBUGINFOD_URLS=https://debuginfod.ubuntu.com /usr/bin/cmake --build /home/hollowknight/Documents/code/Doe/build/doe_perception -- -j12 -l12
[0.900s] Invoking command in '/home/hollowknight/Documents/code/Doe/build/doe_perception': CMAKE_PREFIX_PATH=${CMAKE_PREFIX_PATH}:/opt/ros/jazzy DEBUGINFOD_URLS=https://debuginfod.ubuntu.com /usr/bin/cmake --install /home/hollowknight/Documents/code/Doe/build/doe_perception
[0.906s] -- Install configuration: ""
[0.906s] -- Installing: /home/hollowknight/Documents/code/Doe/install/doe_perception/share/ament_index/resource_index/package_run_dependencies/doe_perception
[0.906s] -- Installing: /home/hollowknight/Documents/code/Doe/install/doe_perception/share/ament_index/resource_index/parent_prefix_path/doe_perception
[0.906s] -- Installing: /home/hollowknight/Documents/code/Doe/install/doe_perception/share/doe_perception/environment/ament_prefix_path.sh
[0.907s] -- Installing: /home/hollowknight/Documents/code/Doe/install/doe_perception/share/doe_perception/environment/ament_prefix_path.dsv
[0.907s] -- Installing: /home/hollowknight/Documents/code/Doe/install/doe_perception/share/doe_perception/environment/path.sh
[0.908s] -- Installing: /home/hollowknight/Documents/code/Doe/install/doe_perception/share/doe_perception/environment/path.dsv
[0.908s] -- Installing: /home/hollowknight/Documents/code/Doe/install/doe_perception/share/doe_perception/local_setup.bash
[0.908s] -- Installing: /home/hollowknight/Documents/code/Doe/install/doe_perception/share/doe_perception/local_setup.sh
[0.909s] -- Installing: /home/hollowknight/Documents/code/Doe/install/doe_perception/share/doe_perception/local_setup.zsh
[0.909s] -- Installing: /home/hollowknight/Documents/code/Doe/install/doe_perception/share/doe_perception/local_setup.dsv
[0.909s] -- Installing: /home/hollowknight/Documents/code/Doe/install/doe_perception/share/doe_perception/package.dsv
[0.909s] -- Installing: /home/hollowknight/Documents/code/Doe/install/doe_perception/share/ament_index/resource_index/packages/doe_perception
[0.909s] -- Installing: /home/hollowknight/Documents/code/Doe/install/doe_perception/share/doe_perception/cmake/doe_perceptionConfig.cmake
[0.909s] -- Installing: /home/hollowknight/Documents/code/Doe/install/doe_perception/share/doe_perception/cmake/doe_perceptionConfig-version.cmake
[0.909s] -- Installing: /home/hollowknight/Documents/code/Doe/install/doe_perception/share/doe_perception/package.xml
[0.925s] Invoked command in '/home/hollowknight/Documents/code/Doe/build/doe_perception' returned '0': CMAKE_PREFIX_PATH=${CMAKE_PREFIX_PATH}:/opt/ros/jazzy DEBUGINFOD_URLS=https://debuginfod.ubuntu.com /usr/bin/cmake --install /home/hollowknight/Documents/code/Doe/build/doe_perception
