[0.007s] Invoking command in '/home/hollowknight/Documents/code/Doe/src/build/doe_mission_control': DEBUGINFOD_URLS=https://debuginfod.ubuntu.com /usr/bin/cmake /home/hollowknight/Documents/code/Doe/src/doe_mission_control -DCMAKE_INSTALL_PREFIX=/home/hollowknight/Documents/code/Doe/src/install/doe_mission_control
[0.049s] -- The C compiler identification is GNU 13.2.0
[0.107s] -- The CXX compiler identification is GNU 13.2.0
[0.123s] -- Detecting C compiler ABI info
[0.191s] -- Detecting C compiler ABI info - done
[0.200s] -- Check for working C compiler: /usr/bin/cc - skipped
[0.200s] -- Detecting C compile features
[0.200s] -- Detecting C compile features - done
[0.209s] -- Detecting CXX compiler ABI info
[0.289s] -- Detecting CXX compiler ABI info - done
[0.299s] -- Check for working CXX compiler: /usr/bin/c++ - skipped
[0.300s] -- Detecting CXX compile features
[0.300s] -- Detecting CXX compile features - done
[0.310s] [31mCMake Error at CMakeLists.txt:9 (find_package):
[0.311s]   By not providing "Findament_cmake.cmake" in CMAKE_MODULE_PATH this project
[0.311s]   has asked CMake to find a package configuration file provided by
[0.311s]   "ament_cmake", but CMake did not find one.
[0.312s] 
[0.312s]   Could not find a package configuration file provided by "ament_cmake" with
[0.312s]   any of the following names:
[0.312s] 
[0.312s]     ament_cmakeConfig.cmake
[0.312s]     ament_cmake-config.cmake
[0.312s] 
[0.313s]   Add the installation prefix of "ament_cmake" to CMAKE_PREFIX_PATH or set
[0.313s]   "ament_cmake_DIR" to a directory containing one of the above files.  If
[0.313s]   "ament_cmake" provides a separate development package or SDK, be sure it
[0.313s]   has been installed.
[0.313s] 
[0.313s] [0m
[0.313s] -- Configuring incomplete, errors occurred!
