[0.012s] Invoking command in '/home/hollowknight/Documents/code/Doe/build/doe_navigation': CMAKE_PREFIX_PATH=${CMAKE_PREFIX_PATH}:/opt/ros/jazzy DEBUGINFOD_URLS=https://debuginfod.ubuntu.com /usr/bin/cmake --build /home/hollowknight/Documents/code/Doe/build/doe_navigation -- -j12 -l12
[0.041s] Invoked command in '/home/hollowknight/Documents/code/Doe/build/doe_navigation' returned '0': CMAKE_PREFIX_PATH=${CMAKE_PREFIX_PATH}:/opt/ros/jazzy DEBUGINFOD_URLS=https://debuginfod.ubuntu.com /usr/bin/cmake --build /home/hollowknight/Documents/code/Doe/build/doe_navigation -- -j12 -l12
[0.063s] Invoking command in '/home/hollowknight/Documents/code/Doe/build/doe_navigation': CMAKE_PREFIX_PATH=${CMAKE_PREFIX_PATH}:/opt/ros/jazzy DEBUGINFOD_URLS=https://debuginfod.ubuntu.com /usr/bin/cmake --install /home/hollowknight/Documents/code/Doe/build/doe_navigation
[0.069s] -- Install configuration: ""
[0.069s] -- Up-to-date: /home/hollowknight/Documents/code/Doe/install/doe_navigation/share/ament_index/resource_index/package_run_dependencies/doe_navigation
[0.069s] -- Up-to-date: /home/hollowknight/Documents/code/Doe/install/doe_navigation/share/ament_index/resource_index/parent_prefix_path/doe_navigation
[0.069s] -- Up-to-date: /home/hollowknight/Documents/code/Doe/install/doe_navigation/share/doe_navigation/environment/ament_prefix_path.sh
[0.069s] -- Up-to-date: /home/hollowknight/Documents/code/Doe/install/doe_navigation/share/doe_navigation/environment/ament_prefix_path.dsv
[0.069s] -- Up-to-date: /home/hollowknight/Documents/code/Doe/install/doe_navigation/share/doe_navigation/environment/path.sh
[0.070s] -- Up-to-date: /home/hollowknight/Documents/code/Doe/install/doe_navigation/share/doe_navigation/environment/path.dsv
[0.070s] -- Up-to-date: /home/hollowknight/Documents/code/Doe/install/doe_navigation/share/doe_navigation/local_setup.bash
[0.070s] -- Up-to-date: /home/hollowknight/Documents/code/Doe/install/doe_navigation/share/doe_navigation/local_setup.sh
[0.070s] -- Up-to-date: /home/hollowknight/Documents/code/Doe/install/doe_navigation/share/doe_navigation/local_setup.zsh
[0.070s] -- Up-to-date: /home/hollowknight/Documents/code/Doe/install/doe_navigation/share/doe_navigation/local_setup.dsv
[0.070s] -- Installing: /home/hollowknight/Documents/code/Doe/install/doe_navigation/share/doe_navigation/package.dsv
[0.070s] -- Up-to-date: /home/hollowknight/Documents/code/Doe/install/doe_navigation/share/ament_index/resource_index/packages/doe_navigation
[0.070s] -- Up-to-date: /home/hollowknight/Documents/code/Doe/install/doe_navigation/share/doe_navigation/cmake/doe_navigationConfig.cmake
[0.070s] -- Up-to-date: /home/hollowknight/Documents/code/Doe/install/doe_navigation/share/doe_navigation/cmake/doe_navigationConfig-version.cmake
[0.070s] -- Up-to-date: /home/hollowknight/Documents/code/Doe/install/doe_navigation/share/doe_navigation/package.xml
[0.073s] Invoked command in '/home/hollowknight/Documents/code/Doe/build/doe_navigation' returned '0': CMAKE_PREFIX_PATH=${CMAKE_PREFIX_PATH}:/opt/ros/jazzy DEBUGINFOD_URLS=https://debuginfod.ubuntu.com /usr/bin/cmake --install /home/hollowknight/Documents/code/Doe/build/doe_navigation
