[0.084s] DEBUG:colcon:Command line arguments: ['/usr/bin/colcon', 'build']
[0.084s] DEBUG:colcon:Parsed command line arguments: Namespace(log_base=None, log_level=None, verb_name='build', build_base='build', install_base='install', merge_install=False, symlink_install=False, test_result_base=None, continue_on_error=False, executor='parallel', parallel_workers=12, event_handlers=None, ignore_user_meta=False, metas=['./colcon.meta'], base_paths=['.'], packages_ignore=None, packages_ignore_regex=None, paths=None, packages_up_to=None, packages_up_to_regex=None, packages_above=None, packages_above_and_dependencies=None, packages_above_depth=None, packages_select_by_dep=None, packages_skip_by_dep=None, packages_skip_up_to=None, packages_select_build_failed=False, packages_skip_build_finished=False, packages_select_test_failures=False, packages_skip_test_passed=False, packages_select=None, packages_skip=None, packages_select_regex=None, packages_skip_regex=None, packages_start=None, packages_end=None, allow_overriding=[], cmake_args=None, cmake_target=None, cmake_target_skip_unavailable=False, cmake_clean_cache=False, cmake_clean_first=False, cmake_force_configure=False, ament_cmake_args=None, catkin_cmake_args=None, catkin_skip_building_tests=False, mixin_files=None, mixin=None, verb_parser=<colcon_mixin.mixin.mixin_argument.MixinArgumentDecorator object at 0x7ae6058ce5a0>, verb_extension=<colcon_core.verb.build.BuildVerb object at 0x7ae6058cd8b0>, main=<bound method BuildVerb.main of <colcon_core.verb.build.BuildVerb object at 0x7ae6058cd8b0>>, mixin_verb=('build',))
[0.113s] Level 1:colcon.colcon_core.package_discovery:discover_packages(colcon_meta) check parameters
[0.113s] Level 1:colcon.colcon_core.package_discovery:discover_packages(recursive) check parameters
[0.113s] Level 1:colcon.colcon_core.package_discovery:discover_packages(ignore) check parameters
[0.113s] Level 1:colcon.colcon_core.package_discovery:discover_packages(path) check parameters
[0.113s] Level 1:colcon.colcon_core.package_discovery:discover_packages(colcon_meta) discover
[0.113s] Level 1:colcon.colcon_core.package_discovery:discover_packages(recursive) discover
[0.113s] INFO:colcon.colcon_core.package_discovery:Crawling recursively for packages in '/home/hollowknight/Documents/code/Doe'
[0.113s] Level 1:colcon.colcon_core.package_identification:_identify(.) by extensions ['ignore', 'ignore_ament_install']
[0.113s] Level 1:colcon.colcon_core.package_identification:_identify(.) by extension 'ignore'
[0.113s] Level 1:colcon.colcon_core.package_identification:_identify(.) by extension 'ignore_ament_install'
[0.113s] Level 1:colcon.colcon_core.package_identification:_identify(.) by extensions ['colcon_pkg']
[0.113s] Level 1:colcon.colcon_core.package_identification:_identify(.) by extension 'colcon_pkg'
[0.113s] Level 1:colcon.colcon_core.package_identification:_identify(.) by extensions ['colcon_meta']
[0.113s] Level 1:colcon.colcon_core.package_identification:_identify(.) by extension 'colcon_meta'
[0.113s] Level 1:colcon.colcon_core.package_identification:_identify(.) by extensions ['ros']
[0.113s] Level 1:colcon.colcon_core.package_identification:_identify(.) by extension 'ros'
[0.130s] Level 1:colcon.colcon_core.package_identification:_identify(.) by extensions ['cmake', 'python']
[0.130s] Level 1:colcon.colcon_core.package_identification:_identify(.) by extension 'cmake'
[0.130s] Level 1:colcon.colcon_core.package_identification:_identify(.) by extension 'python'
[0.130s] Level 1:colcon.colcon_core.package_identification:_identify(.) by extensions ['python_setup_py']
[0.130s] Level 1:colcon.colcon_core.package_identification:_identify(.) by extension 'python_setup_py'
[0.130s] Level 1:colcon.colcon_core.package_identification:_identify(build) by extensions ['ignore', 'ignore_ament_install']
[0.130s] Level 1:colcon.colcon_core.package_identification:_identify(build) by extension 'ignore'
[0.130s] Level 1:colcon.colcon_core.package_identification:_identify(build) ignored
[0.130s] Level 1:colcon.colcon_core.package_identification:_identify(install) by extensions ['ignore', 'ignore_ament_install']
[0.130s] Level 1:colcon.colcon_core.package_identification:_identify(install) by extension 'ignore'
[0.131s] Level 1:colcon.colcon_core.package_identification:_identify(install) ignored
[0.131s] Level 1:colcon.colcon_core.package_identification:_identify(log) by extensions ['ignore', 'ignore_ament_install']
[0.131s] Level 1:colcon.colcon_core.package_identification:_identify(log) by extension 'ignore'
[0.131s] Level 1:colcon.colcon_core.package_identification:_identify(log) ignored
[0.131s] Level 1:colcon.colcon_core.package_identification:_identify(src) by extensions ['ignore', 'ignore_ament_install']
[0.131s] Level 1:colcon.colcon_core.package_identification:_identify(src) by extension 'ignore'
[0.131s] Level 1:colcon.colcon_core.package_identification:_identify(src) by extension 'ignore_ament_install'
[0.131s] Level 1:colcon.colcon_core.package_identification:_identify(src) by extensions ['colcon_pkg']
[0.131s] Level 1:colcon.colcon_core.package_identification:_identify(src) by extension 'colcon_pkg'
[0.131s] Level 1:colcon.colcon_core.package_identification:_identify(src) by extensions ['colcon_meta']
[0.131s] Level 1:colcon.colcon_core.package_identification:_identify(src) by extension 'colcon_meta'
[0.131s] Level 1:colcon.colcon_core.package_identification:_identify(src) by extensions ['ros']
[0.131s] Level 1:colcon.colcon_core.package_identification:_identify(src) by extension 'ros'
[0.131s] Level 1:colcon.colcon_core.package_identification:_identify(src) by extensions ['cmake', 'python']
[0.131s] Level 1:colcon.colcon_core.package_identification:_identify(src) by extension 'cmake'
[0.131s] Level 1:colcon.colcon_core.package_identification:_identify(src) by extension 'python'
[0.131s] Level 1:colcon.colcon_core.package_identification:_identify(src) by extensions ['python_setup_py']
[0.131s] Level 1:colcon.colcon_core.package_identification:_identify(src) by extension 'python_setup_py'
[0.131s] Level 1:colcon.colcon_core.package_identification:_identify(src/build) by extensions ['ignore', 'ignore_ament_install']
[0.131s] Level 1:colcon.colcon_core.package_identification:_identify(src/build) by extension 'ignore'
[0.131s] Level 1:colcon.colcon_core.package_identification:_identify(src/build) ignored
[0.131s] Level 1:colcon.colcon_core.package_identification:_identify(src/doe_control) by extensions ['ignore', 'ignore_ament_install']
[0.131s] Level 1:colcon.colcon_core.package_identification:_identify(src/doe_control) by extension 'ignore'
[0.131s] Level 1:colcon.colcon_core.package_identification:_identify(src/doe_control) by extension 'ignore_ament_install'
[0.131s] Level 1:colcon.colcon_core.package_identification:_identify(src/doe_control) by extensions ['colcon_pkg']
[0.131s] Level 1:colcon.colcon_core.package_identification:_identify(src/doe_control) by extension 'colcon_pkg'
[0.132s] Level 1:colcon.colcon_core.package_identification:_identify(src/doe_control) by extensions ['colcon_meta']
[0.132s] Level 1:colcon.colcon_core.package_identification:_identify(src/doe_control) by extension 'colcon_meta'
[0.132s] Level 1:colcon.colcon_core.package_identification:_identify(src/doe_control) by extensions ['ros']
[0.132s] Level 1:colcon.colcon_core.package_identification:_identify(src/doe_control) by extension 'ros'
[0.133s] DEBUG:colcon.colcon_core.package_identification:Package 'src/doe_control' with type 'ros.ament_cmake' and name 'doe_control'
[0.133s] Level 1:colcon.colcon_core.package_identification:_identify(src/doe_mission_control) by extensions ['ignore', 'ignore_ament_install']
[0.133s] Level 1:colcon.colcon_core.package_identification:_identify(src/doe_mission_control) by extension 'ignore'
[0.133s] Level 1:colcon.colcon_core.package_identification:_identify(src/doe_mission_control) by extension 'ignore_ament_install'
[0.133s] Level 1:colcon.colcon_core.package_identification:_identify(src/doe_mission_control) by extensions ['colcon_pkg']
[0.133s] Level 1:colcon.colcon_core.package_identification:_identify(src/doe_mission_control) by extension 'colcon_pkg'
[0.133s] Level 1:colcon.colcon_core.package_identification:_identify(src/doe_mission_control) by extensions ['colcon_meta']
[0.133s] Level 1:colcon.colcon_core.package_identification:_identify(src/doe_mission_control) by extension 'colcon_meta'
[0.133s] Level 1:colcon.colcon_core.package_identification:_identify(src/doe_mission_control) by extensions ['ros']
[0.133s] Level 1:colcon.colcon_core.package_identification:_identify(src/doe_mission_control) by extension 'ros'
[0.134s] DEBUG:colcon.colcon_core.package_identification:Package 'src/doe_mission_control' with type 'ros.ament_cmake' and name 'doe_mission_control'
[0.134s] Level 1:colcon.colcon_core.package_identification:_identify(src/doe_navigation) by extensions ['ignore', 'ignore_ament_install']
[0.134s] Level 1:colcon.colcon_core.package_identification:_identify(src/doe_navigation) by extension 'ignore'
[0.134s] Level 1:colcon.colcon_core.package_identification:_identify(src/doe_navigation) by extension 'ignore_ament_install'
[0.134s] Level 1:colcon.colcon_core.package_identification:_identify(src/doe_navigation) by extensions ['colcon_pkg']
[0.134s] Level 1:colcon.colcon_core.package_identification:_identify(src/doe_navigation) by extension 'colcon_pkg'
[0.134s] Level 1:colcon.colcon_core.package_identification:_identify(src/doe_navigation) by extensions ['colcon_meta']
[0.134s] Level 1:colcon.colcon_core.package_identification:_identify(src/doe_navigation) by extension 'colcon_meta'
[0.134s] Level 1:colcon.colcon_core.package_identification:_identify(src/doe_navigation) by extensions ['ros']
[0.134s] Level 1:colcon.colcon_core.package_identification:_identify(src/doe_navigation) by extension 'ros'
[0.134s] DEBUG:colcon.colcon_core.package_identification:Package 'src/doe_navigation' with type 'ros.ament_cmake' and name 'doe_navigation'
[0.134s] Level 1:colcon.colcon_core.package_identification:_identify(src/doe_perception) by extensions ['ignore', 'ignore_ament_install']
[0.134s] Level 1:colcon.colcon_core.package_identification:_identify(src/doe_perception) by extension 'ignore'
[0.134s] Level 1:colcon.colcon_core.package_identification:_identify(src/doe_perception) by extension 'ignore_ament_install'
[0.134s] Level 1:colcon.colcon_core.package_identification:_identify(src/doe_perception) by extensions ['colcon_pkg']
[0.134s] Level 1:colcon.colcon_core.package_identification:_identify(src/doe_perception) by extension 'colcon_pkg'
[0.135s] Level 1:colcon.colcon_core.package_identification:_identify(src/doe_perception) by extensions ['colcon_meta']
[0.135s] Level 1:colcon.colcon_core.package_identification:_identify(src/doe_perception) by extension 'colcon_meta'
[0.135s] Level 1:colcon.colcon_core.package_identification:_identify(src/doe_perception) by extensions ['ros']
[0.135s] Level 1:colcon.colcon_core.package_identification:_identify(src/doe_perception) by extension 'ros'
[0.135s] DEBUG:colcon.colcon_core.package_identification:Package 'src/doe_perception' with type 'ros.ament_cmake' and name 'doe_perception'
[0.135s] Level 1:colcon.colcon_core.package_identification:_identify(src/doe_simulation) by extensions ['ignore', 'ignore_ament_install']
[0.135s] Level 1:colcon.colcon_core.package_identification:_identify(src/doe_simulation) by extension 'ignore'
[0.135s] Level 1:colcon.colcon_core.package_identification:_identify(src/doe_simulation) by extension 'ignore_ament_install'
[0.135s] Level 1:colcon.colcon_core.package_identification:_identify(src/doe_simulation) by extensions ['colcon_pkg']
[0.135s] Level 1:colcon.colcon_core.package_identification:_identify(src/doe_simulation) by extension 'colcon_pkg'
[0.135s] Level 1:colcon.colcon_core.package_identification:_identify(src/doe_simulation) by extensions ['colcon_meta']
[0.135s] Level 1:colcon.colcon_core.package_identification:_identify(src/doe_simulation) by extension 'colcon_meta'
[0.135s] Level 1:colcon.colcon_core.package_identification:_identify(src/doe_simulation) by extensions ['ros']
[0.135s] Level 1:colcon.colcon_core.package_identification:_identify(src/doe_simulation) by extension 'ros'
[0.135s] DEBUG:colcon.colcon_core.package_identification:Package 'src/doe_simulation' with type 'ros.ament_cmake' and name 'doe_simulation'
[0.135s] Level 1:colcon.colcon_core.package_identification:_identify(src/install) by extensions ['ignore', 'ignore_ament_install']
[0.136s] Level 1:colcon.colcon_core.package_identification:_identify(src/install) by extension 'ignore'
[0.136s] Level 1:colcon.colcon_core.package_identification:_identify(src/install) ignored
[0.136s] Level 1:colcon.colcon_core.package_identification:_identify(src/log) by extensions ['ignore', 'ignore_ament_install']
[0.136s] Level 1:colcon.colcon_core.package_identification:_identify(src/log) by extension 'ignore'
[0.136s] Level 1:colcon.colcon_core.package_identification:_identify(src/log) ignored
[0.136s] Level 1:colcon.colcon_core.package_discovery:discover_packages(recursive) using defaults
[0.136s] Level 1:colcon.colcon_core.package_discovery:discover_packages(ignore) discover
[0.136s] Level 1:colcon.colcon_core.package_discovery:discover_packages(ignore) using defaults
[0.136s] Level 1:colcon.colcon_core.package_discovery:discover_packages(path) discover
[0.136s] Level 1:colcon.colcon_core.package_discovery:discover_packages(path) using defaults
[0.148s] Level 1:colcon.colcon_core.package_discovery:discover_packages(prefix_path) check parameters
[0.148s] Level 1:colcon.colcon_core.package_discovery:discover_packages(prefix_path) discover
[0.150s] DEBUG:colcon.colcon_installed_package_information.package_discovery:Found 285 installed packages in /opt/ros/jazzy
[0.151s] Level 1:colcon.colcon_core.package_discovery:discover_packages(prefix_path) using defaults
[0.180s] Level 5:colcon.colcon_core.verb:set package 'doe_control' build argument 'cmake_args' from command line to 'None'
[0.180s] Level 5:colcon.colcon_core.verb:set package 'doe_control' build argument 'cmake_target' from command line to 'None'
[0.180s] Level 5:colcon.colcon_core.verb:set package 'doe_control' build argument 'cmake_target_skip_unavailable' from command line to 'False'
[0.180s] Level 5:colcon.colcon_core.verb:set package 'doe_control' build argument 'cmake_clean_cache' from command line to 'False'
[0.180s] Level 5:colcon.colcon_core.verb:set package 'doe_control' build argument 'cmake_clean_first' from command line to 'False'
[0.180s] Level 5:colcon.colcon_core.verb:set package 'doe_control' build argument 'cmake_force_configure' from command line to 'False'
[0.180s] Level 5:colcon.colcon_core.verb:set package 'doe_control' build argument 'ament_cmake_args' from command line to 'None'
[0.180s] Level 5:colcon.colcon_core.verb:set package 'doe_control' build argument 'catkin_cmake_args' from command line to 'None'
[0.180s] Level 5:colcon.colcon_core.verb:set package 'doe_control' build argument 'catkin_skip_building_tests' from command line to 'False'
[0.180s] DEBUG:colcon.colcon_core.verb:Building package 'doe_control' with the following arguments: {'ament_cmake_args': None, 'build_base': '/home/hollowknight/Documents/code/Doe/build/doe_control', 'catkin_cmake_args': None, 'catkin_skip_building_tests': False, 'cmake_args': None, 'cmake_clean_cache': False, 'cmake_clean_first': False, 'cmake_force_configure': False, 'cmake_target': None, 'cmake_target_skip_unavailable': False, 'install_base': '/home/hollowknight/Documents/code/Doe/install/doe_control', 'merge_install': False, 'path': '/home/hollowknight/Documents/code/Doe/src/doe_control', 'symlink_install': False, 'test_result_base': None}
[0.180s] Level 5:colcon.colcon_core.verb:set package 'doe_mission_control' build argument 'cmake_args' from command line to 'None'
[0.180s] Level 5:colcon.colcon_core.verb:set package 'doe_mission_control' build argument 'cmake_target' from command line to 'None'
[0.180s] Level 5:colcon.colcon_core.verb:set package 'doe_mission_control' build argument 'cmake_target_skip_unavailable' from command line to 'False'
[0.180s] Level 5:colcon.colcon_core.verb:set package 'doe_mission_control' build argument 'cmake_clean_cache' from command line to 'False'
[0.181s] Level 5:colcon.colcon_core.verb:set package 'doe_mission_control' build argument 'cmake_clean_first' from command line to 'False'
[0.181s] Level 5:colcon.colcon_core.verb:set package 'doe_mission_control' build argument 'cmake_force_configure' from command line to 'False'
[0.181s] Level 5:colcon.colcon_core.verb:set package 'doe_mission_control' build argument 'ament_cmake_args' from command line to 'None'
[0.181s] Level 5:colcon.colcon_core.verb:set package 'doe_mission_control' build argument 'catkin_cmake_args' from command line to 'None'
[0.181s] Level 5:colcon.colcon_core.verb:set package 'doe_mission_control' build argument 'catkin_skip_building_tests' from command line to 'False'
[0.181s] DEBUG:colcon.colcon_core.verb:Building package 'doe_mission_control' with the following arguments: {'ament_cmake_args': None, 'build_base': '/home/hollowknight/Documents/code/Doe/build/doe_mission_control', 'catkin_cmake_args': None, 'catkin_skip_building_tests': False, 'cmake_args': None, 'cmake_clean_cache': False, 'cmake_clean_first': False, 'cmake_force_configure': False, 'cmake_target': None, 'cmake_target_skip_unavailable': False, 'install_base': '/home/hollowknight/Documents/code/Doe/install/doe_mission_control', 'merge_install': False, 'path': '/home/hollowknight/Documents/code/Doe/src/doe_mission_control', 'symlink_install': False, 'test_result_base': None}
[0.181s] Level 5:colcon.colcon_core.verb:set package 'doe_navigation' build argument 'cmake_args' from command line to 'None'
[0.181s] Level 5:colcon.colcon_core.verb:set package 'doe_navigation' build argument 'cmake_target' from command line to 'None'
[0.181s] Level 5:colcon.colcon_core.verb:set package 'doe_navigation' build argument 'cmake_target_skip_unavailable' from command line to 'False'
[0.181s] Level 5:colcon.colcon_core.verb:set package 'doe_navigation' build argument 'cmake_clean_cache' from command line to 'False'
[0.181s] Level 5:colcon.colcon_core.verb:set package 'doe_navigation' build argument 'cmake_clean_first' from command line to 'False'
[0.181s] Level 5:colcon.colcon_core.verb:set package 'doe_navigation' build argument 'cmake_force_configure' from command line to 'False'
[0.181s] Level 5:colcon.colcon_core.verb:set package 'doe_navigation' build argument 'ament_cmake_args' from command line to 'None'
[0.181s] Level 5:colcon.colcon_core.verb:set package 'doe_navigation' build argument 'catkin_cmake_args' from command line to 'None'
[0.181s] Level 5:colcon.colcon_core.verb:set package 'doe_navigation' build argument 'catkin_skip_building_tests' from command line to 'False'
[0.181s] DEBUG:colcon.colcon_core.verb:Building package 'doe_navigation' with the following arguments: {'ament_cmake_args': None, 'build_base': '/home/hollowknight/Documents/code/Doe/build/doe_navigation', 'catkin_cmake_args': None, 'catkin_skip_building_tests': False, 'cmake_args': None, 'cmake_clean_cache': False, 'cmake_clean_first': False, 'cmake_force_configure': False, 'cmake_target': None, 'cmake_target_skip_unavailable': False, 'install_base': '/home/hollowknight/Documents/code/Doe/install/doe_navigation', 'merge_install': False, 'path': '/home/hollowknight/Documents/code/Doe/src/doe_navigation', 'symlink_install': False, 'test_result_base': None}
[0.181s] Level 5:colcon.colcon_core.verb:set package 'doe_perception' build argument 'cmake_args' from command line to 'None'
[0.181s] Level 5:colcon.colcon_core.verb:set package 'doe_perception' build argument 'cmake_target' from command line to 'None'
[0.181s] Level 5:colcon.colcon_core.verb:set package 'doe_perception' build argument 'cmake_target_skip_unavailable' from command line to 'False'
[0.181s] Level 5:colcon.colcon_core.verb:set package 'doe_perception' build argument 'cmake_clean_cache' from command line to 'False'
[0.181s] Level 5:colcon.colcon_core.verb:set package 'doe_perception' build argument 'cmake_clean_first' from command line to 'False'
[0.181s] Level 5:colcon.colcon_core.verb:set package 'doe_perception' build argument 'cmake_force_configure' from command line to 'False'
[0.181s] Level 5:colcon.colcon_core.verb:set package 'doe_perception' build argument 'ament_cmake_args' from command line to 'None'
[0.181s] Level 5:colcon.colcon_core.verb:set package 'doe_perception' build argument 'catkin_cmake_args' from command line to 'None'
[0.181s] Level 5:colcon.colcon_core.verb:set package 'doe_perception' build argument 'catkin_skip_building_tests' from command line to 'False'
[0.181s] DEBUG:colcon.colcon_core.verb:Building package 'doe_perception' with the following arguments: {'ament_cmake_args': None, 'build_base': '/home/hollowknight/Documents/code/Doe/build/doe_perception', 'catkin_cmake_args': None, 'catkin_skip_building_tests': False, 'cmake_args': None, 'cmake_clean_cache': False, 'cmake_clean_first': False, 'cmake_force_configure': False, 'cmake_target': None, 'cmake_target_skip_unavailable': False, 'install_base': '/home/hollowknight/Documents/code/Doe/install/doe_perception', 'merge_install': False, 'path': '/home/hollowknight/Documents/code/Doe/src/doe_perception', 'symlink_install': False, 'test_result_base': None}
[0.181s] Level 5:colcon.colcon_core.verb:set package 'doe_simulation' build argument 'cmake_args' from command line to 'None'
[0.181s] Level 5:colcon.colcon_core.verb:set package 'doe_simulation' build argument 'cmake_target' from command line to 'None'
[0.181s] Level 5:colcon.colcon_core.verb:set package 'doe_simulation' build argument 'cmake_target_skip_unavailable' from command line to 'False'
[0.181s] Level 5:colcon.colcon_core.verb:set package 'doe_simulation' build argument 'cmake_clean_cache' from command line to 'False'
[0.181s] Level 5:colcon.colcon_core.verb:set package 'doe_simulation' build argument 'cmake_clean_first' from command line to 'False'
[0.181s] Level 5:colcon.colcon_core.verb:set package 'doe_simulation' build argument 'cmake_force_configure' from command line to 'False'
[0.181s] Level 5:colcon.colcon_core.verb:set package 'doe_simulation' build argument 'ament_cmake_args' from command line to 'None'
[0.181s] Level 5:colcon.colcon_core.verb:set package 'doe_simulation' build argument 'catkin_cmake_args' from command line to 'None'
[0.181s] Level 5:colcon.colcon_core.verb:set package 'doe_simulation' build argument 'catkin_skip_building_tests' from command line to 'False'
[0.182s] DEBUG:colcon.colcon_core.verb:Building package 'doe_simulation' with the following arguments: {'ament_cmake_args': None, 'build_base': '/home/hollowknight/Documents/code/Doe/build/doe_simulation', 'catkin_cmake_args': None, 'catkin_skip_building_tests': False, 'cmake_args': None, 'cmake_clean_cache': False, 'cmake_clean_first': False, 'cmake_force_configure': False, 'cmake_target': None, 'cmake_target_skip_unavailable': False, 'install_base': '/home/hollowknight/Documents/code/Doe/install/doe_simulation', 'merge_install': False, 'path': '/home/hollowknight/Documents/code/Doe/src/doe_simulation', 'symlink_install': False, 'test_result_base': None}
[0.182s] INFO:colcon.colcon_core.executor:Executing jobs using 'parallel' executor
[0.182s] DEBUG:colcon.colcon_parallel_executor.executor.parallel:run_until_complete
[0.182s] INFO:colcon.colcon_ros.task.ament_cmake.build:Building ROS package in '/home/hollowknight/Documents/code/Doe/src/doe_control' with build type 'ament_cmake'
[0.182s] INFO:colcon.colcon_cmake.task.cmake.build:Building CMake package in '/home/hollowknight/Documents/code/Doe/src/doe_control'
[0.184s] INFO:colcon.colcon_core.plugin_system:Skipping extension 'colcon_core.shell.bat': Not used on non-Windows systems
[0.184s] INFO:colcon.colcon_core.shell:Skip shell extension 'powershell' for command environment: Not usable outside of PowerShell
[0.184s] DEBUG:colcon.colcon_core.shell:Skip shell extension 'dsv' for command environment
[0.186s] INFO:colcon.colcon_ros.task.ament_cmake.build:Building ROS package in '/home/hollowknight/Documents/code/Doe/src/doe_mission_control' with build type 'ament_cmake'
[0.186s] INFO:colcon.colcon_cmake.task.cmake.build:Building CMake package in '/home/hollowknight/Documents/code/Doe/src/doe_mission_control'
[0.186s] INFO:colcon.colcon_core.shell:Skip shell extension 'powershell' for command environment: Not usable outside of PowerShell
[0.186s] DEBUG:colcon.colcon_core.shell:Skip shell extension 'dsv' for command environment
[0.188s] INFO:colcon.colcon_ros.task.ament_cmake.build:Building ROS package in '/home/hollowknight/Documents/code/Doe/src/doe_navigation' with build type 'ament_cmake'
[0.188s] INFO:colcon.colcon_cmake.task.cmake.build:Building CMake package in '/home/hollowknight/Documents/code/Doe/src/doe_navigation'
[0.188s] INFO:colcon.colcon_core.shell:Skip shell extension 'powershell' for command environment: Not usable outside of PowerShell
[0.188s] DEBUG:colcon.colcon_core.shell:Skip shell extension 'dsv' for command environment
[0.190s] INFO:colcon.colcon_ros.task.ament_cmake.build:Building ROS package in '/home/hollowknight/Documents/code/Doe/src/doe_perception' with build type 'ament_cmake'
[0.190s] INFO:colcon.colcon_cmake.task.cmake.build:Building CMake package in '/home/hollowknight/Documents/code/Doe/src/doe_perception'
[0.190s] INFO:colcon.colcon_core.shell:Skip shell extension 'powershell' for command environment: Not usable outside of PowerShell
[0.190s] DEBUG:colcon.colcon_core.shell:Skip shell extension 'dsv' for command environment
[0.192s] INFO:colcon.colcon_ros.task.ament_cmake.build:Building ROS package in '/home/hollowknight/Documents/code/Doe/src/doe_simulation' with build type 'ament_cmake'
[0.192s] INFO:colcon.colcon_cmake.task.cmake.build:Building CMake package in '/home/hollowknight/Documents/code/Doe/src/doe_simulation'
[0.192s] INFO:colcon.colcon_core.shell:Skip shell extension 'powershell' for command environment: Not usable outside of PowerShell
[0.192s] DEBUG:colcon.colcon_core.shell:Skip shell extension 'dsv' for command environment
[0.197s] DEBUG:colcon.colcon_core.event_handler.log_command:Invoking command in '/home/hollowknight/Documents/code/Doe/build/doe_control': CMAKE_PREFIX_PATH=${CMAKE_PREFIX_PATH}:/opt/ros/jazzy DEBUGINFOD_URLS=https://debuginfod.ubuntu.com /usr/bin/cmake --build /home/hollowknight/Documents/code/Doe/build/doe_control -- -j12 -l12
[0.198s] DEBUG:colcon.colcon_core.event_handler.log_command:Invoking command in '/home/hollowknight/Documents/code/Doe/build/doe_mission_control': CMAKE_PREFIX_PATH=${CMAKE_PREFIX_PATH}:/opt/ros/jazzy DEBUGINFOD_URLS=https://debuginfod.ubuntu.com /usr/bin/cmake --build /home/hollowknight/Documents/code/Doe/build/doe_mission_control -- -j12 -l12
[0.199s] DEBUG:colcon.colcon_core.event_handler.log_command:Invoking command in '/home/hollowknight/Documents/code/Doe/build/doe_navigation': CMAKE_PREFIX_PATH=${CMAKE_PREFIX_PATH}:/opt/ros/jazzy DEBUGINFOD_URLS=https://debuginfod.ubuntu.com /usr/bin/cmake --build /home/hollowknight/Documents/code/Doe/build/doe_navigation -- -j12 -l12
[0.202s] DEBUG:colcon.colcon_core.event_handler.log_command:Invoking command in '/home/hollowknight/Documents/code/Doe/build/doe_perception': CMAKE_PREFIX_PATH=${CMAKE_PREFIX_PATH}:/opt/ros/jazzy DEBUGINFOD_URLS=https://debuginfod.ubuntu.com /usr/bin/cmake --build /home/hollowknight/Documents/code/Doe/build/doe_perception -- -j12 -l12
[0.204s] DEBUG:colcon.colcon_core.event_handler.log_command:Invoking command in '/home/hollowknight/Documents/code/Doe/build/doe_simulation': CMAKE_PREFIX_PATH=${CMAKE_PREFIX_PATH}:/opt/ros/jazzy DEBUGINFOD_URLS=https://debuginfod.ubuntu.com /usr/bin/cmake --build /home/hollowknight/Documents/code/Doe/build/doe_simulation -- -j12 -l12
[0.230s] DEBUG:colcon.colcon_core.event_handler.log_command:Invoked command in '/home/hollowknight/Documents/code/Doe/build/doe_mission_control' returned '0': CMAKE_PREFIX_PATH=${CMAKE_PREFIX_PATH}:/opt/ros/jazzy DEBUGINFOD_URLS=https://debuginfod.ubuntu.com /usr/bin/cmake --build /home/hollowknight/Documents/code/Doe/build/doe_mission_control -- -j12 -l12
[0.231s] DEBUG:colcon.colcon_core.event_handler.log_command:Invoked command in '/home/hollowknight/Documents/code/Doe/build/doe_navigation' returned '0': CMAKE_PREFIX_PATH=${CMAKE_PREFIX_PATH}:/opt/ros/jazzy DEBUGINFOD_URLS=https://debuginfod.ubuntu.com /usr/bin/cmake --build /home/hollowknight/Documents/code/Doe/build/doe_navigation -- -j12 -l12
[0.231s] DEBUG:colcon.colcon_core.event_handler.log_command:Invoked command in '/home/hollowknight/Documents/code/Doe/build/doe_perception' returned '0': CMAKE_PREFIX_PATH=${CMAKE_PREFIX_PATH}:/opt/ros/jazzy DEBUGINFOD_URLS=https://debuginfod.ubuntu.com /usr/bin/cmake --build /home/hollowknight/Documents/code/Doe/build/doe_perception -- -j12 -l12
[0.234s] DEBUG:colcon.colcon_core.event_handler.log_command:Invoked command in '/home/hollowknight/Documents/code/Doe/build/doe_simulation' returned '0': CMAKE_PREFIX_PATH=${CMAKE_PREFIX_PATH}:/opt/ros/jazzy DEBUGINFOD_URLS=https://debuginfod.ubuntu.com /usr/bin/cmake --build /home/hollowknight/Documents/code/Doe/build/doe_simulation -- -j12 -l12
[0.253s] DEBUG:colcon.colcon_core.event_handler.log_command:Invoking command in '/home/hollowknight/Documents/code/Doe/build/doe_mission_control': CMAKE_PREFIX_PATH=${CMAKE_PREFIX_PATH}:/opt/ros/jazzy DEBUGINFOD_URLS=https://debuginfod.ubuntu.com /usr/bin/cmake --install /home/hollowknight/Documents/code/Doe/build/doe_mission_control
[0.254s] DEBUG:colcon.colcon_core.event_handler.log_command:Invoking command in '/home/hollowknight/Documents/code/Doe/build/doe_navigation': CMAKE_PREFIX_PATH=${CMAKE_PREFIX_PATH}:/opt/ros/jazzy DEBUGINFOD_URLS=https://debuginfod.ubuntu.com /usr/bin/cmake --install /home/hollowknight/Documents/code/Doe/build/doe_navigation
[0.256s] DEBUG:colcon.colcon_core.event_handler.log_command:Invoking command in '/home/hollowknight/Documents/code/Doe/build/doe_perception': CMAKE_PREFIX_PATH=${CMAKE_PREFIX_PATH}:/opt/ros/jazzy DEBUGINFOD_URLS=https://debuginfod.ubuntu.com /usr/bin/cmake --install /home/hollowknight/Documents/code/Doe/build/doe_perception
[0.256s] DEBUG:colcon.colcon_core.event_handler.log_command:Invoking command in '/home/hollowknight/Documents/code/Doe/build/doe_simulation': CMAKE_PREFIX_PATH=${CMAKE_PREFIX_PATH}:/opt/ros/jazzy DEBUGINFOD_URLS=https://debuginfod.ubuntu.com /usr/bin/cmake --install /home/hollowknight/Documents/code/Doe/build/doe_simulation
[0.263s] Level 1:colcon.colcon_core.environment:create_environment_scripts_only(doe_mission_control)
[0.264s] DEBUG:colcon.colcon_core.event_handler.log_command:Invoked command in '/home/hollowknight/Documents/code/Doe/build/doe_mission_control' returned '0': CMAKE_PREFIX_PATH=${CMAKE_PREFIX_PATH}:/opt/ros/jazzy DEBUGINFOD_URLS=https://debuginfod.ubuntu.com /usr/bin/cmake --install /home/hollowknight/Documents/code/Doe/build/doe_mission_control
[0.266s] Level 1:colcon.colcon_core.environment:checking '/home/hollowknight/Documents/code/Doe/install/doe_mission_control' for CMake module files
[0.266s] Level 1:colcon.colcon_core.environment:checking '/home/hollowknight/Documents/code/Doe/install/doe_mission_control' for CMake config files
[0.267s] Level 1:colcon.colcon_core.shell:create_environment_hook('doe_mission_control', 'cmake_prefix_path')
[0.267s] INFO:colcon.colcon_core.shell:Creating environment hook '/home/hollowknight/Documents/code/Doe/install/doe_mission_control/share/doe_mission_control/hook/cmake_prefix_path.ps1'
[0.267s] INFO:colcon.colcon_core.shell:Creating environment descriptor '/home/hollowknight/Documents/code/Doe/install/doe_mission_control/share/doe_mission_control/hook/cmake_prefix_path.dsv'
[0.268s] INFO:colcon.colcon_core.shell:Creating environment hook '/home/hollowknight/Documents/code/Doe/install/doe_mission_control/share/doe_mission_control/hook/cmake_prefix_path.sh'
[0.268s] Level 1:colcon.colcon_core.environment:checking '/home/hollowknight/Documents/code/Doe/install/doe_mission_control/bin'
[0.268s] Level 1:colcon.colcon_core.environment:checking '/home/hollowknight/Documents/code/Doe/install/doe_mission_control/lib/pkgconfig/doe_mission_control.pc'
[0.268s] Level 1:colcon.colcon_core.environment:checking '/home/hollowknight/Documents/code/Doe/install/doe_mission_control/lib/python3.12/site-packages'
[0.269s] Level 1:colcon.colcon_core.environment:checking '/home/hollowknight/Documents/code/Doe/install/doe_mission_control/bin'
[0.269s] INFO:colcon.colcon_core.shell:Creating package script '/home/hollowknight/Documents/code/Doe/install/doe_mission_control/share/doe_mission_control/package.ps1'
[0.269s] INFO:colcon.colcon_core.shell:Creating package descriptor '/home/hollowknight/Documents/code/Doe/install/doe_mission_control/share/doe_mission_control/package.dsv'
[0.270s] INFO:colcon.colcon_core.shell:Creating package script '/home/hollowknight/Documents/code/Doe/install/doe_mission_control/share/doe_mission_control/package.sh'
[0.270s] INFO:colcon.colcon_core.shell:Creating package script '/home/hollowknight/Documents/code/Doe/install/doe_mission_control/share/doe_mission_control/package.bash'
[0.270s] INFO:colcon.colcon_core.shell:Creating package script '/home/hollowknight/Documents/code/Doe/install/doe_mission_control/share/doe_mission_control/package.zsh'
[0.271s] Level 1:colcon.colcon_core.environment:create_file_with_runtime_dependencies(/home/hollowknight/Documents/code/Doe/install/doe_mission_control/share/colcon-core/packages/doe_mission_control)
[0.272s] Level 1:colcon.colcon_core.environment:create_environment_scripts_only(doe_perception)
[0.272s] Level 1:colcon.colcon_core.environment:checking '/home/hollowknight/Documents/code/Doe/install/doe_perception' for CMake module files
[0.272s] DEBUG:colcon.colcon_core.event_handler.log_command:Invoked command in '/home/hollowknight/Documents/code/Doe/build/doe_perception' returned '0': CMAKE_PREFIX_PATH=${CMAKE_PREFIX_PATH}:/opt/ros/jazzy DEBUGINFOD_URLS=https://debuginfod.ubuntu.com /usr/bin/cmake --install /home/hollowknight/Documents/code/Doe/build/doe_perception
[0.272s] Level 1:colcon.colcon_core.environment:checking '/home/hollowknight/Documents/code/Doe/install/doe_perception' for CMake config files
[0.273s] Level 1:colcon.colcon_core.shell:create_environment_hook('doe_perception', 'cmake_prefix_path')
[0.273s] INFO:colcon.colcon_core.shell:Creating environment hook '/home/hollowknight/Documents/code/Doe/install/doe_perception/share/doe_perception/hook/cmake_prefix_path.ps1'
[0.273s] INFO:colcon.colcon_core.shell:Creating environment descriptor '/home/hollowknight/Documents/code/Doe/install/doe_perception/share/doe_perception/hook/cmake_prefix_path.dsv'
[0.273s] INFO:colcon.colcon_core.shell:Creating environment hook '/home/hollowknight/Documents/code/Doe/install/doe_perception/share/doe_perception/hook/cmake_prefix_path.sh'
[0.274s] Level 1:colcon.colcon_core.environment:checking '/home/hollowknight/Documents/code/Doe/install/doe_perception/bin'
[0.274s] Level 1:colcon.colcon_core.environment:checking '/home/hollowknight/Documents/code/Doe/install/doe_perception/lib/pkgconfig/doe_perception.pc'
[0.274s] Level 1:colcon.colcon_core.environment:checking '/home/hollowknight/Documents/code/Doe/install/doe_perception/lib/python3.12/site-packages'
[0.274s] Level 1:colcon.colcon_core.environment:checking '/home/hollowknight/Documents/code/Doe/install/doe_perception/bin'
[0.274s] INFO:colcon.colcon_core.shell:Creating package script '/home/hollowknight/Documents/code/Doe/install/doe_perception/share/doe_perception/package.ps1'
[0.274s] INFO:colcon.colcon_core.shell:Creating package descriptor '/home/hollowknight/Documents/code/Doe/install/doe_perception/share/doe_perception/package.dsv'
[0.275s] INFO:colcon.colcon_core.shell:Creating package script '/home/hollowknight/Documents/code/Doe/install/doe_perception/share/doe_perception/package.sh'
[0.275s] INFO:colcon.colcon_core.shell:Creating package script '/home/hollowknight/Documents/code/Doe/install/doe_perception/share/doe_perception/package.bash'
[0.275s] INFO:colcon.colcon_core.shell:Creating package script '/home/hollowknight/Documents/code/Doe/install/doe_perception/share/doe_perception/package.zsh'
[0.275s] Level 1:colcon.colcon_core.environment:create_file_with_runtime_dependencies(/home/hollowknight/Documents/code/Doe/install/doe_perception/share/colcon-core/packages/doe_perception)
[0.276s] Level 1:colcon.colcon_core.environment:create_environment_scripts_only(doe_navigation)
[0.276s] Level 1:colcon.colcon_core.environment:checking '/home/hollowknight/Documents/code/Doe/install/doe_navigation' for CMake module files
[0.276s] DEBUG:colcon.colcon_core.event_handler.log_command:Invoked command in '/home/hollowknight/Documents/code/Doe/build/doe_navigation' returned '0': CMAKE_PREFIX_PATH=${CMAKE_PREFIX_PATH}:/opt/ros/jazzy DEBUGINFOD_URLS=https://debuginfod.ubuntu.com /usr/bin/cmake --install /home/hollowknight/Documents/code/Doe/build/doe_navigation
[0.276s] Level 1:colcon.colcon_core.environment:checking '/home/hollowknight/Documents/code/Doe/install/doe_navigation' for CMake config files
[0.277s] Level 1:colcon.colcon_core.shell:create_environment_hook('doe_navigation', 'cmake_prefix_path')
[0.277s] INFO:colcon.colcon_core.shell:Creating environment hook '/home/hollowknight/Documents/code/Doe/install/doe_navigation/share/doe_navigation/hook/cmake_prefix_path.ps1'
[0.277s] INFO:colcon.colcon_core.shell:Creating environment descriptor '/home/hollowknight/Documents/code/Doe/install/doe_navigation/share/doe_navigation/hook/cmake_prefix_path.dsv'
[0.277s] INFO:colcon.colcon_core.shell:Creating environment hook '/home/hollowknight/Documents/code/Doe/install/doe_navigation/share/doe_navigation/hook/cmake_prefix_path.sh'
[0.277s] Level 1:colcon.colcon_core.environment:checking '/home/hollowknight/Documents/code/Doe/install/doe_navigation/bin'
[0.277s] Level 1:colcon.colcon_core.environment:checking '/home/hollowknight/Documents/code/Doe/install/doe_navigation/lib/pkgconfig/doe_navigation.pc'
[0.278s] Level 1:colcon.colcon_core.environment:checking '/home/hollowknight/Documents/code/Doe/install/doe_navigation/lib/python3.12/site-packages'
[0.278s] Level 1:colcon.colcon_core.environment:checking '/home/hollowknight/Documents/code/Doe/install/doe_navigation/bin'
[0.278s] INFO:colcon.colcon_core.shell:Creating package script '/home/hollowknight/Documents/code/Doe/install/doe_navigation/share/doe_navigation/package.ps1'
[0.278s] INFO:colcon.colcon_core.shell:Creating package descriptor '/home/hollowknight/Documents/code/Doe/install/doe_navigation/share/doe_navigation/package.dsv'
[0.278s] INFO:colcon.colcon_core.shell:Creating package script '/home/hollowknight/Documents/code/Doe/install/doe_navigation/share/doe_navigation/package.sh'
[0.279s] INFO:colcon.colcon_core.shell:Creating package script '/home/hollowknight/Documents/code/Doe/install/doe_navigation/share/doe_navigation/package.bash'
[0.279s] INFO:colcon.colcon_core.shell:Creating package script '/home/hollowknight/Documents/code/Doe/install/doe_navigation/share/doe_navigation/package.zsh'
[0.279s] Level 1:colcon.colcon_core.environment:create_file_with_runtime_dependencies(/home/hollowknight/Documents/code/Doe/install/doe_navigation/share/colcon-core/packages/doe_navigation)
[0.280s] Level 1:colcon.colcon_core.environment:create_environment_scripts_only(doe_simulation)
[0.280s] Level 1:colcon.colcon_core.environment:checking '/home/hollowknight/Documents/code/Doe/install/doe_simulation' for CMake module files
[0.280s] DEBUG:colcon.colcon_core.event_handler.log_command:Invoked command in '/home/hollowknight/Documents/code/Doe/build/doe_simulation' returned '0': CMAKE_PREFIX_PATH=${CMAKE_PREFIX_PATH}:/opt/ros/jazzy DEBUGINFOD_URLS=https://debuginfod.ubuntu.com /usr/bin/cmake --install /home/hollowknight/Documents/code/Doe/build/doe_simulation
[0.280s] Level 1:colcon.colcon_core.environment:checking '/home/hollowknight/Documents/code/Doe/install/doe_simulation' for CMake config files
[0.280s] Level 1:colcon.colcon_core.shell:create_environment_hook('doe_simulation', 'cmake_prefix_path')
[0.280s] INFO:colcon.colcon_core.shell:Creating environment hook '/home/hollowknight/Documents/code/Doe/install/doe_simulation/share/doe_simulation/hook/cmake_prefix_path.ps1'
[0.281s] INFO:colcon.colcon_core.shell:Creating environment descriptor '/home/hollowknight/Documents/code/Doe/install/doe_simulation/share/doe_simulation/hook/cmake_prefix_path.dsv'
[0.281s] INFO:colcon.colcon_core.shell:Creating environment hook '/home/hollowknight/Documents/code/Doe/install/doe_simulation/share/doe_simulation/hook/cmake_prefix_path.sh'
[0.281s] Level 1:colcon.colcon_core.environment:checking '/home/hollowknight/Documents/code/Doe/install/doe_simulation/bin'
[0.282s] Level 1:colcon.colcon_core.environment:checking '/home/hollowknight/Documents/code/Doe/install/doe_simulation/lib/pkgconfig/doe_simulation.pc'
[0.282s] Level 1:colcon.colcon_core.environment:checking '/home/hollowknight/Documents/code/Doe/install/doe_simulation/lib/python3.12/site-packages'
[0.282s] Level 1:colcon.colcon_core.environment:checking '/home/hollowknight/Documents/code/Doe/install/doe_simulation/bin'
[0.282s] INFO:colcon.colcon_core.shell:Creating package script '/home/hollowknight/Documents/code/Doe/install/doe_simulation/share/doe_simulation/package.ps1'
[0.283s] INFO:colcon.colcon_core.shell:Creating package descriptor '/home/hollowknight/Documents/code/Doe/install/doe_simulation/share/doe_simulation/package.dsv'
[0.283s] INFO:colcon.colcon_core.shell:Creating package script '/home/hollowknight/Documents/code/Doe/install/doe_simulation/share/doe_simulation/package.sh'
[0.283s] INFO:colcon.colcon_core.shell:Creating package script '/home/hollowknight/Documents/code/Doe/install/doe_simulation/share/doe_simulation/package.bash'
[0.284s] INFO:colcon.colcon_core.shell:Creating package script '/home/hollowknight/Documents/code/Doe/install/doe_simulation/share/doe_simulation/package.zsh'
[0.284s] Level 1:colcon.colcon_core.environment:create_file_with_runtime_dependencies(/home/hollowknight/Documents/code/Doe/install/doe_simulation/share/colcon-core/packages/doe_simulation)
[0.288s] Level 1:colcon.colcon_core.environment:create_environment_scripts_only(doe_mission_control)
[0.288s] Level 1:colcon.colcon_core.environment:checking '/home/hollowknight/Documents/code/Doe/install/doe_mission_control' for CMake module files
[0.288s] Level 1:colcon.colcon_core.environment:checking '/home/hollowknight/Documents/code/Doe/install/doe_mission_control' for CMake config files
[0.289s] Level 1:colcon.colcon_core.shell:create_environment_hook('doe_mission_control', 'cmake_prefix_path')
[0.289s] INFO:colcon.colcon_core.shell:Creating environment hook '/home/hollowknight/Documents/code/Doe/install/doe_mission_control/share/doe_mission_control/hook/cmake_prefix_path.ps1'
[0.289s] INFO:colcon.colcon_core.shell:Creating environment descriptor '/home/hollowknight/Documents/code/Doe/install/doe_mission_control/share/doe_mission_control/hook/cmake_prefix_path.dsv'
[0.290s] INFO:colcon.colcon_core.shell:Creating environment hook '/home/hollowknight/Documents/code/Doe/install/doe_mission_control/share/doe_mission_control/hook/cmake_prefix_path.sh'
[0.290s] Level 1:colcon.colcon_core.environment:checking '/home/hollowknight/Documents/code/Doe/install/doe_mission_control/bin'
[0.290s] Level 1:colcon.colcon_core.environment:checking '/home/hollowknight/Documents/code/Doe/install/doe_mission_control/lib/pkgconfig/doe_mission_control.pc'
[0.290s] Level 1:colcon.colcon_core.environment:checking '/home/hollowknight/Documents/code/Doe/install/doe_mission_control/lib/python3.12/site-packages'
[0.290s] Level 1:colcon.colcon_core.environment:checking '/home/hollowknight/Documents/code/Doe/install/doe_mission_control/bin'
[0.291s] INFO:colcon.colcon_core.shell:Creating package script '/home/hollowknight/Documents/code/Doe/install/doe_mission_control/share/doe_mission_control/package.ps1'
[0.291s] INFO:colcon.colcon_core.shell:Creating package descriptor '/home/hollowknight/Documents/code/Doe/install/doe_mission_control/share/doe_mission_control/package.dsv'
[0.292s] INFO:colcon.colcon_core.shell:Creating package script '/home/hollowknight/Documents/code/Doe/install/doe_mission_control/share/doe_mission_control/package.sh'
[0.292s] INFO:colcon.colcon_core.shell:Creating package script '/home/hollowknight/Documents/code/Doe/install/doe_mission_control/share/doe_mission_control/package.bash'
[0.292s] INFO:colcon.colcon_core.shell:Creating package script '/home/hollowknight/Documents/code/Doe/install/doe_mission_control/share/doe_mission_control/package.zsh'
[0.292s] Level 1:colcon.colcon_core.environment:create_file_with_runtime_dependencies(/home/hollowknight/Documents/code/Doe/install/doe_mission_control/share/colcon-core/packages/doe_mission_control)
[0.293s] Level 1:colcon.colcon_core.environment:create_environment_scripts_only(doe_perception)
[0.293s] Level 1:colcon.colcon_core.environment:checking '/home/hollowknight/Documents/code/Doe/install/doe_perception' for CMake module files
[0.294s] Level 1:colcon.colcon_core.environment:checking '/home/hollowknight/Documents/code/Doe/install/doe_perception' for CMake config files
[0.294s] Level 1:colcon.colcon_core.shell:create_environment_hook('doe_perception', 'cmake_prefix_path')
[0.294s] INFO:colcon.colcon_core.shell:Creating environment hook '/home/hollowknight/Documents/code/Doe/install/doe_perception/share/doe_perception/hook/cmake_prefix_path.ps1'
[0.294s] INFO:colcon.colcon_core.shell:Creating environment descriptor '/home/hollowknight/Documents/code/Doe/install/doe_perception/share/doe_perception/hook/cmake_prefix_path.dsv'
[0.294s] INFO:colcon.colcon_core.shell:Creating environment hook '/home/hollowknight/Documents/code/Doe/install/doe_perception/share/doe_perception/hook/cmake_prefix_path.sh'
[0.295s] Level 1:colcon.colcon_core.environment:checking '/home/hollowknight/Documents/code/Doe/install/doe_perception/bin'
[0.295s] Level 1:colcon.colcon_core.environment:checking '/home/hollowknight/Documents/code/Doe/install/doe_perception/lib/pkgconfig/doe_perception.pc'
[0.295s] Level 1:colcon.colcon_core.environment:checking '/home/hollowknight/Documents/code/Doe/install/doe_perception/lib/python3.12/site-packages'
[0.295s] Level 1:colcon.colcon_core.environment:checking '/home/hollowknight/Documents/code/Doe/install/doe_perception/bin'
[0.295s] INFO:colcon.colcon_core.shell:Creating package script '/home/hollowknight/Documents/code/Doe/install/doe_perception/share/doe_perception/package.ps1'
[0.296s] INFO:colcon.colcon_core.shell:Creating package descriptor '/home/hollowknight/Documents/code/Doe/install/doe_perception/share/doe_perception/package.dsv'
[0.296s] INFO:colcon.colcon_core.shell:Creating package script '/home/hollowknight/Documents/code/Doe/install/doe_perception/share/doe_perception/package.sh'
[0.296s] INFO:colcon.colcon_core.shell:Creating package script '/home/hollowknight/Documents/code/Doe/install/doe_perception/share/doe_perception/package.bash'
[0.296s] INFO:colcon.colcon_core.shell:Creating package script '/home/hollowknight/Documents/code/Doe/install/doe_perception/share/doe_perception/package.zsh'
[0.297s] Level 1:colcon.colcon_core.environment:create_file_with_runtime_dependencies(/home/hollowknight/Documents/code/Doe/install/doe_perception/share/colcon-core/packages/doe_perception)
[0.297s] Level 1:colcon.colcon_core.environment:create_environment_scripts_only(doe_navigation)
[0.297s] Level 1:colcon.colcon_core.environment:checking '/home/hollowknight/Documents/code/Doe/install/doe_navigation' for CMake module files
[0.298s] Level 1:colcon.colcon_core.environment:checking '/home/hollowknight/Documents/code/Doe/install/doe_navigation' for CMake config files
[0.298s] Level 1:colcon.colcon_core.shell:create_environment_hook('doe_navigation', 'cmake_prefix_path')
[0.298s] INFO:colcon.colcon_core.shell:Creating environment hook '/home/hollowknight/Documents/code/Doe/install/doe_navigation/share/doe_navigation/hook/cmake_prefix_path.ps1'
[0.298s] INFO:colcon.colcon_core.shell:Creating environment descriptor '/home/hollowknight/Documents/code/Doe/install/doe_navigation/share/doe_navigation/hook/cmake_prefix_path.dsv'
[0.298s] INFO:colcon.colcon_core.shell:Creating environment hook '/home/hollowknight/Documents/code/Doe/install/doe_navigation/share/doe_navigation/hook/cmake_prefix_path.sh'
[0.299s] Level 1:colcon.colcon_core.environment:checking '/home/hollowknight/Documents/code/Doe/install/doe_navigation/bin'
[0.299s] Level 1:colcon.colcon_core.environment:checking '/home/hollowknight/Documents/code/Doe/install/doe_navigation/lib/pkgconfig/doe_navigation.pc'
[0.299s] Level 1:colcon.colcon_core.environment:checking '/home/hollowknight/Documents/code/Doe/install/doe_navigation/lib/python3.12/site-packages'
[0.299s] Level 1:colcon.colcon_core.environment:checking '/home/hollowknight/Documents/code/Doe/install/doe_navigation/bin'
[0.299s] INFO:colcon.colcon_core.shell:Creating package script '/home/hollowknight/Documents/code/Doe/install/doe_navigation/share/doe_navigation/package.ps1'
[0.300s] INFO:colcon.colcon_core.shell:Creating package descriptor '/home/hollowknight/Documents/code/Doe/install/doe_navigation/share/doe_navigation/package.dsv'
[0.300s] INFO:colcon.colcon_core.shell:Creating package script '/home/hollowknight/Documents/code/Doe/install/doe_navigation/share/doe_navigation/package.sh'
[0.300s] INFO:colcon.colcon_core.shell:Creating package script '/home/hollowknight/Documents/code/Doe/install/doe_navigation/share/doe_navigation/package.bash'
[0.300s] INFO:colcon.colcon_core.shell:Creating package script '/home/hollowknight/Documents/code/Doe/install/doe_navigation/share/doe_navigation/package.zsh'
[0.301s] Level 1:colcon.colcon_core.environment:create_file_with_runtime_dependencies(/home/hollowknight/Documents/code/Doe/install/doe_navigation/share/colcon-core/packages/doe_navigation)
[0.302s] Level 1:colcon.colcon_core.environment:create_environment_scripts_only(doe_simulation)
[0.302s] Level 1:colcon.colcon_core.environment:checking '/home/hollowknight/Documents/code/Doe/install/doe_simulation' for CMake module files
[0.302s] Level 1:colcon.colcon_core.environment:checking '/home/hollowknight/Documents/code/Doe/install/doe_simulation' for CMake config files
[0.302s] Level 1:colcon.colcon_core.shell:create_environment_hook('doe_simulation', 'cmake_prefix_path')
[0.302s] INFO:colcon.colcon_core.shell:Creating environment hook '/home/hollowknight/Documents/code/Doe/install/doe_simulation/share/doe_simulation/hook/cmake_prefix_path.ps1'
[0.302s] INFO:colcon.colcon_core.shell:Creating environment descriptor '/home/hollowknight/Documents/code/Doe/install/doe_simulation/share/doe_simulation/hook/cmake_prefix_path.dsv'
[0.303s] INFO:colcon.colcon_core.shell:Creating environment hook '/home/hollowknight/Documents/code/Doe/install/doe_simulation/share/doe_simulation/hook/cmake_prefix_path.sh'
[0.303s] Level 1:colcon.colcon_core.environment:checking '/home/hollowknight/Documents/code/Doe/install/doe_simulation/bin'
[0.303s] Level 1:colcon.colcon_core.environment:checking '/home/hollowknight/Documents/code/Doe/install/doe_simulation/lib/pkgconfig/doe_simulation.pc'
[0.303s] Level 1:colcon.colcon_core.environment:checking '/home/hollowknight/Documents/code/Doe/install/doe_simulation/lib/python3.12/site-packages'
[0.303s] Level 1:colcon.colcon_core.environment:checking '/home/hollowknight/Documents/code/Doe/install/doe_simulation/bin'
[0.303s] INFO:colcon.colcon_core.shell:Creating package script '/home/hollowknight/Documents/code/Doe/install/doe_simulation/share/doe_simulation/package.ps1'
[0.304s] INFO:colcon.colcon_core.shell:Creating package descriptor '/home/hollowknight/Documents/code/Doe/install/doe_simulation/share/doe_simulation/package.dsv'
[0.304s] INFO:colcon.colcon_core.shell:Creating package script '/home/hollowknight/Documents/code/Doe/install/doe_simulation/share/doe_simulation/package.sh'
[0.304s] INFO:colcon.colcon_core.shell:Creating package script '/home/hollowknight/Documents/code/Doe/install/doe_simulation/share/doe_simulation/package.bash'
[0.305s] INFO:colcon.colcon_core.shell:Creating package script '/home/hollowknight/Documents/code/Doe/install/doe_simulation/share/doe_simulation/package.zsh'
[0.305s] Level 1:colcon.colcon_core.environment:create_file_with_runtime_dependencies(/home/hollowknight/Documents/code/Doe/install/doe_simulation/share/colcon-core/packages/doe_simulation)
[4.464s] DEBUG:colcon.colcon_core.event_handler.log_command:Invoked command in '/home/hollowknight/Documents/code/Doe/build/doe_control' returned '2': CMAKE_PREFIX_PATH=${CMAKE_PREFIX_PATH}:/opt/ros/jazzy DEBUGINFOD_URLS=https://debuginfod.ubuntu.com /usr/bin/cmake --build /home/hollowknight/Documents/code/Doe/build/doe_control -- -j12 -l12
[4.485s] Level 1:colcon.colcon_core.environment:create_environment_scripts_only(doe_control)
[4.485s] Level 1:colcon.colcon_core.environment:checking '/home/hollowknight/Documents/code/Doe/install/doe_control' for CMake module files
[4.485s] Level 1:colcon.colcon_core.environment:checking '/home/hollowknight/Documents/code/Doe/install/doe_control' for CMake config files
[4.486s] Level 1:colcon.colcon_core.environment:checking '/home/hollowknight/Documents/code/Doe/install/doe_control/bin'
[4.486s] Level 1:colcon.colcon_core.environment:checking '/home/hollowknight/Documents/code/Doe/install/doe_control/lib/pkgconfig/doe_control.pc'
[4.486s] Level 1:colcon.colcon_core.environment:checking '/home/hollowknight/Documents/code/Doe/install/doe_control/lib/python3.12/site-packages'
[4.486s] Level 1:colcon.colcon_core.environment:checking '/home/hollowknight/Documents/code/Doe/install/doe_control/bin'
[4.486s] INFO:colcon.colcon_core.shell:Creating package script '/home/hollowknight/Documents/code/Doe/install/doe_control/share/doe_control/package.ps1'
[4.487s] INFO:colcon.colcon_core.shell:Creating package descriptor '/home/hollowknight/Documents/code/Doe/install/doe_control/share/doe_control/package.dsv'
[4.488s] INFO:colcon.colcon_core.shell:Creating package script '/home/hollowknight/Documents/code/Doe/install/doe_control/share/doe_control/package.sh'
[4.488s] INFO:colcon.colcon_core.shell:Creating package script '/home/hollowknight/Documents/code/Doe/install/doe_control/share/doe_control/package.bash'
[4.489s] INFO:colcon.colcon_core.shell:Creating package script '/home/hollowknight/Documents/code/Doe/install/doe_control/share/doe_control/package.zsh'
[4.489s] Level 1:colcon.colcon_core.environment:create_file_with_runtime_dependencies(/home/hollowknight/Documents/code/Doe/install/doe_control/share/colcon-core/packages/doe_control)
[4.490s] DEBUG:colcon.colcon_parallel_executor.executor.parallel:closing loop
[4.490s] DEBUG:colcon.colcon_parallel_executor.executor.parallel:loop closed
[4.490s] DEBUG:colcon.colcon_parallel_executor.executor.parallel:run_until_complete finished with '2'
[4.490s] DEBUG:colcon.colcon_core.event_reactor:joining thread
[4.497s] INFO:colcon.colcon_core.plugin_system:Skipping extension 'colcon_notification.desktop_notification.terminal_notifier': Not used on non-Darwin systems
[4.497s] INFO:colcon.colcon_core.plugin_system:Skipping extension 'colcon_notification.desktop_notification.win32': Not used on non-Windows systems
[4.497s] INFO:colcon.colcon_notification.desktop_notification:Sending desktop notification using 'notify2'
[4.509s] DEBUG:colcon.colcon_core.event_reactor:joined thread
[4.509s] INFO:colcon.colcon_core.shell:Creating prefix script '/home/hollowknight/Documents/code/Doe/install/local_setup.ps1'
[4.510s] INFO:colcon.colcon_core.shell:Creating prefix util module '/home/hollowknight/Documents/code/Doe/install/_local_setup_util_ps1.py'
[4.512s] INFO:colcon.colcon_core.shell:Creating prefix chain script '/home/hollowknight/Documents/code/Doe/install/setup.ps1'
[4.513s] INFO:colcon.colcon_core.shell:Creating prefix script '/home/hollowknight/Documents/code/Doe/install/local_setup.sh'
[4.514s] INFO:colcon.colcon_core.shell:Creating prefix util module '/home/hollowknight/Documents/code/Doe/install/_local_setup_util_sh.py'
[4.515s] INFO:colcon.colcon_core.shell:Creating prefix chain script '/home/hollowknight/Documents/code/Doe/install/setup.sh'
[4.516s] INFO:colcon.colcon_core.shell:Creating prefix script '/home/hollowknight/Documents/code/Doe/install/local_setup.bash'
[4.517s] INFO:colcon.colcon_core.shell:Creating prefix chain script '/home/hollowknight/Documents/code/Doe/install/setup.bash'
[4.518s] INFO:colcon.colcon_core.shell:Creating prefix script '/home/hollowknight/Documents/code/Doe/install/local_setup.zsh'
[4.519s] INFO:colcon.colcon_core.shell:Creating prefix chain script '/home/hollowknight/Documents/code/Doe/install/setup.zsh'
