[0.015s] Invoking command in '/home/hollowknight/Documents/code/Doe/build/doe_control': CMAKE_PREFIX_PATH=${CMAKE_PREFIX_PATH}:/opt/ros/jazzy DEBUGINFOD_URLS=https://debuginfod.ubuntu.com /usr/bin/cmake --build /home/hollowknight/Documents/code/Doe/build/doe_control -- -j12 -l12
[0.038s] -- Found ament_cmake: 2.5.2 (/opt/ros/jazzy/share/ament_cmake/cmake)
[0.212s] -- Found rclcpp: 28.1.5 (/opt/ros/jazzy/share/rclcpp/cmake)
[0.246s] -- Found rosidl_generator_c: 4.6.4 (/opt/ros/jazzy/share/rosidl_generator_c/cmake)
[0.252s] -- Found rosidl_generator_cpp: 4.6.4 (/opt/ros/jazzy/share/rosidl_generator_cpp/cmake)
[0.261s] -- Using all available rosidl_typesupport_c: rosidl_typesupport_fastrtps_c;rosidl_typesupport_introspection_c
[0.271s] -- Using all available rosidl_typesupport_cpp: rosidl_typesupport_fastrtps_cpp;rosidl_typesupport_introspection_cpp
[0.318s] -- Found rmw_implementation_cmake: 7.3.1 (/opt/ros/jazzy/share/rmw_implementation_cmake/cmake)
[0.319s] -- Found rmw_fastrtps_cpp: 8.4.1 (/opt/ros/jazzy/share/rmw_fastrtps_cpp/cmake)
[0.368s] -- Using RMW implementation 'rmw_fastrtps_cpp' as default
[0.419s] -- Found rclcpp_components: 28.1.5 (/opt/ros/jazzy/share/rclcpp_components/cmake)
[0.440s] -- Found geometry_msgs: 5.3.5 (/opt/ros/jazzy/share/geometry_msgs/cmake)
[0.464s] -- Found sensor_msgs: 5.3.5 (/opt/ros/jazzy/share/sensor_msgs/cmake)
[0.484s] -- Found nav_msgs: 5.3.5 (/opt/ros/jazzy/share/nav_msgs/cmake)
[0.507s] -- Found tf2: 0.36.4 (/opt/ros/jazzy/share/tf2/cmake)
[0.511s] -- Found ament_lint_auto: 0.17.1 (/opt/ros/jazzy/share/ament_lint_auto/cmake)
[0.578s] -- Added test 'cppcheck' to perform static code analysis on C / C++ code
[0.578s] -- Configured cppcheck include dirs: /home/hollowknight/Documents/code/Doe/src/doe_control/include
[0.578s] -- Configured cppcheck exclude dirs and/or files: 
[0.578s] -- Added test 'lint_cmake' to check CMake code style
[0.579s] -- Added test 'uncrustify' to check C / C++ code style
[0.579s] -- Configured uncrustify additional arguments: 
[0.579s] -- Added test 'xmllint' to check XML markup files
[0.580s] -- Configuring done (0.5s)
[0.591s] -- Generating done (0.0s)
[0.592s] -- Build files have been written to: /home/hollowknight/Documents/code/Doe/build/doe_control
[0.630s] [ 50%] [32mBuilding CXX object CMakeFiles/thrust_publisher.dir/src/thrust_publisher.cpp.o[0m
[8.335s] [100%] [32m[1mLinking CXX executable thrust_publisher[0m
[8.572s] [100%] Built target thrust_publisher
[8.582s] Invoked command in '/home/hollowknight/Documents/code/Doe/build/doe_control' returned '0': CMAKE_PREFIX_PATH=${CMAKE_PREFIX_PATH}:/opt/ros/jazzy DEBUGINFOD_URLS=https://debuginfod.ubuntu.com /usr/bin/cmake --build /home/hollowknight/Documents/code/Doe/build/doe_control -- -j12 -l12
[8.602s] Invoking command in '/home/hollowknight/Documents/code/Doe/build/doe_control': CMAKE_PREFIX_PATH=${CMAKE_PREFIX_PATH}:/opt/ros/jazzy DEBUGINFOD_URLS=https://debuginfod.ubuntu.com /usr/bin/cmake --install /home/hollowknight/Documents/code/Doe/build/doe_control
[8.610s] -- Install configuration: ""
[8.610s] -- Installing: /home/hollowknight/Documents/code/Doe/install/doe_control/lib/doe_control/thrust_publisher
[8.614s] -- Set non-toolchain portion of runtime path of "/home/hollowknight/Documents/code/Doe/install/doe_control/lib/doe_control/thrust_publisher" to ""
[8.614s] -- Installing: /home/hollowknight/Documents/code/Doe/install/doe_control/share/ament_index/resource_index/package_run_dependencies/doe_control
[8.615s] -- Installing: /home/hollowknight/Documents/code/Doe/install/doe_control/share/ament_index/resource_index/parent_prefix_path/doe_control
[8.615s] -- Installing: /home/hollowknight/Documents/code/Doe/install/doe_control/share/doe_control/environment/ament_prefix_path.sh
[8.615s] -- Installing: /home/hollowknight/Documents/code/Doe/install/doe_control/share/doe_control/environment/ament_prefix_path.dsv
[8.615s] -- Installing: /home/hollowknight/Documents/code/Doe/install/doe_control/share/doe_control/environment/path.sh
[8.615s] -- Installing: /home/hollowknight/Documents/code/Doe/install/doe_control/share/doe_control/environment/path.dsv
[8.615s] -- Installing: /home/hollowknight/Documents/code/Doe/install/doe_control/share/doe_control/local_setup.bash
[8.615s] -- Installing: /home/hollowknight/Documents/code/Doe/install/doe_control/share/doe_control/local_setup.sh
[8.615s] -- Installing: /home/hollowknight/Documents/code/Doe/install/doe_control/share/doe_control/local_setup.zsh
[8.616s] -- Installing: /home/hollowknight/Documents/code/Doe/install/doe_control/share/doe_control/local_setup.dsv
[8.616s] -- Installing: /home/hollowknight/Documents/code/Doe/install/doe_control/share/doe_control/package.dsv
[8.616s] -- Installing: /home/hollowknight/Documents/code/Doe/install/doe_control/share/ament_index/resource_index/packages/doe_control
[8.616s] -- Installing: /home/hollowknight/Documents/code/Doe/install/doe_control/share/doe_control/cmake/doe_controlConfig.cmake
[8.616s] -- Installing: /home/hollowknight/Documents/code/Doe/install/doe_control/share/doe_control/cmake/doe_controlConfig-version.cmake
[8.616s] -- Installing: /home/hollowknight/Documents/code/Doe/install/doe_control/share/doe_control/package.xml
[8.619s] Invoked command in '/home/hollowknight/Documents/code/Doe/build/doe_control' returned '0': CMAKE_PREFIX_PATH=${CMAKE_PREFIX_PATH}:/opt/ros/jazzy DEBUGINFOD_URLS=https://debuginfod.ubuntu.com /usr/bin/cmake --install /home/hollowknight/Documents/code/Doe/build/doe_control
