[0.013s] Invoking command in '/home/hollowknight/Documents/code/Doe/build/doe_mission_control': CMAKE_PREFIX_PATH=${CMAKE_PREFIX_PATH}:/opt/ros/jazzy DEBUGINFOD_URLS=https://debuginfod.ubuntu.com /usr/bin/cmake --build /home/hollowknight/Documents/code/Doe/build/doe_mission_control -- -j12 -l12
[0.045s] Invoked command in '/home/hollowknight/Documents/code/Doe/build/doe_mission_control' returned '0': CMAKE_PREFIX_PATH=${CMAKE_PREFIX_PATH}:/opt/ros/jazzy DEBUGINFOD_URLS=https://debuginfod.ubuntu.com /usr/bin/cmake --build /home/hollowknight/Documents/code/Doe/build/doe_mission_control -- -j12 -l12
[0.068s] Invoking command in '/home/hollowknight/Documents/code/Doe/build/doe_mission_control': CMAKE_PREFIX_PATH=${CMAKE_PREFIX_PATH}:/opt/ros/jazzy DEBUGINFOD_URLS=https://debuginfod.ubuntu.com /usr/bin/cmake --install /home/hollowknight/Documents/code/Doe/build/doe_mission_control
[0.077s] -- Install configuration: ""
[0.077s] -- Up-to-date: /home/hollowknight/Documents/code/Doe/install/doe_mission_control/share/ament_index/resource_index/package_run_dependencies/doe_mission_control
[0.077s] -- Up-to-date: /home/hollowknight/Documents/code/Doe/install/doe_mission_control/share/ament_index/resource_index/parent_prefix_path/doe_mission_control
[0.077s] -- Up-to-date: /home/hollowknight/Documents/code/Doe/install/doe_mission_control/share/doe_mission_control/environment/ament_prefix_path.sh
[0.077s] -- Up-to-date: /home/hollowknight/Documents/code/Doe/install/doe_mission_control/share/doe_mission_control/environment/ament_prefix_path.dsv
[0.077s] -- Up-to-date: /home/hollowknight/Documents/code/Doe/install/doe_mission_control/share/doe_mission_control/environment/path.sh
[0.077s] -- Up-to-date: /home/hollowknight/Documents/code/Doe/install/doe_mission_control/share/doe_mission_control/environment/path.dsv
[0.077s] -- Up-to-date: /home/hollowknight/Documents/code/Doe/install/doe_mission_control/share/doe_mission_control/local_setup.bash
[0.077s] -- Up-to-date: /home/hollowknight/Documents/code/Doe/install/doe_mission_control/share/doe_mission_control/local_setup.sh
[0.078s] -- Up-to-date: /home/hollowknight/Documents/code/Doe/install/doe_mission_control/share/doe_mission_control/local_setup.zsh
[0.078s] -- Up-to-date: /home/hollowknight/Documents/code/Doe/install/doe_mission_control/share/doe_mission_control/local_setup.dsv
[0.078s] -- Installing: /home/hollowknight/Documents/code/Doe/install/doe_mission_control/share/doe_mission_control/package.dsv
[0.078s] -- Up-to-date: /home/hollowknight/Documents/code/Doe/install/doe_mission_control/share/ament_index/resource_index/packages/doe_mission_control
[0.079s] -- Up-to-date: /home/hollowknight/Documents/code/Doe/install/doe_mission_control/share/doe_mission_control/cmake/doe_mission_controlConfig.cmake
[0.079s] -- Up-to-date: /home/hollowknight/Documents/code/Doe/install/doe_mission_control/share/doe_mission_control/cmake/doe_mission_controlConfig-version.cmake
[0.079s] -- Up-to-date: /home/hollowknight/Documents/code/Doe/install/doe_mission_control/share/doe_mission_control/package.xml
[0.090s] Invoked command in '/home/hollowknight/Documents/code/Doe/build/doe_mission_control' returned '0': CMAKE_PREFIX_PATH=${CMAKE_PREFIX_PATH}:/opt/ros/jazzy DEBUGINFOD_URLS=https://debuginfod.ubuntu.com /usr/bin/cmake --install /home/hollowknight/Documents/code/Doe/build/doe_mission_control
