[0.014s] Invoking command in '/home/hollowknight/Documents/code/Doe/build/doe_control': CMAKE_PREFIX_PATH=${CMAKE_PREFIX_PATH}:/opt/ros/jazzy DEBUGINFOD_URLS=https://debuginfod.ubuntu.com /usr/bin/cmake --build /home/hollowknight/Documents/code/Doe/build/doe_control -- -j12 -l12
[0.035s] -- Found ament_cmake: 2.5.2 (/opt/ros/jazzy/share/ament_cmake/cmake)
[0.199s] -- Found rclcpp: 28.1.5 (/opt/ros/jazzy/share/rclcpp/cmake)
[0.228s] -- Found rosidl_generator_c: 4.6.4 (/opt/ros/jazzy/share/rosidl_generator_c/cmake)
[0.234s] -- Found rosidl_generator_cpp: 4.6.4 (/opt/ros/jazzy/share/rosidl_generator_cpp/cmake)
[0.243s] -- Using all available rosidl_typesupport_c: rosidl_typesupport_fastrtps_c;rosidl_typesupport_introspection_c
[0.252s] -- Using all available rosidl_typesupport_cpp: rosidl_typesupport_fastrtps_cpp;rosidl_typesupport_introspection_cpp
[0.299s] -- Found rmw_implementation_cmake: 7.3.1 (/opt/ros/jazzy/share/rmw_implementation_cmake/cmake)
[0.299s] -- Found rmw_fastrtps_cpp: 8.4.1 (/opt/ros/jazzy/share/rmw_fastrtps_cpp/cmake)
[0.347s] -- Using RMW implementation 'rmw_fastrtps_cpp' as default
[0.396s] -- Found rclcpp_components: 28.1.5 (/opt/ros/jazzy/share/rclcpp_components/cmake)
[0.417s] -- Found geometry_msgs: 5.3.5 (/opt/ros/jazzy/share/geometry_msgs/cmake)
[0.441s] -- Found sensor_msgs: 5.3.5 (/opt/ros/jazzy/share/sensor_msgs/cmake)
[0.459s] -- Found nav_msgs: 5.3.5 (/opt/ros/jazzy/share/nav_msgs/cmake)
[0.482s] -- Found tf2: 0.36.4 (/opt/ros/jazzy/share/tf2/cmake)
[0.485s] -- Found ament_lint_auto: 0.17.1 (/opt/ros/jazzy/share/ament_lint_auto/cmake)
[0.552s] -- Added test 'cppcheck' to perform static code analysis on C / C++ code
[0.553s] -- Configured cppcheck include dirs: /home/hollowknight/Documents/code/Doe/src/doe_control/include
[0.553s] -- Configured cppcheck exclude dirs and/or files: 
[0.553s] -- Added test 'lint_cmake' to check CMake code style
[0.554s] -- Added test 'uncrustify' to check C / C++ code style
[0.554s] -- Configured uncrustify additional arguments: 
[0.554s] -- Added test 'xmllint' to check XML markup files
[0.554s] -- Configuring done (0.5s)
[0.564s] -- Generating done (0.0s)
[0.565s] -- Build files have been written to: /home/hollowknight/Documents/code/Doe/build/doe_control
[0.595s] [ 50%] [32mBuilding CXX object CMakeFiles/thrust_publisher.dir/src/thrust_publisher.cpp.o[0m
[0.829s] In file included from [01m[K/home/hollowknight/Documents/code/Doe/src/doe_control/src/thrust_publisher.cpp:1[m[K:
[0.829s] [01m[K/home/hollowknight/Documents/code/Doe/src/doe_control/include/doe_control/thrust_publisher.hpp:90:10:[m[K [01;31m[Kfatal error: [m[Krclcpp_components/register_node_macro.hpp: No such file or directory
[0.829s]    90 | #include [01;31m[K"rclcpp_components/register_node_macro.hpp"[m[K
[0.829s]       |          [01;31m[K^~~~~~~~~~~~~~~~~~~~~~~~~~~~~~~~~~~~~~~~~~~[m[K
[0.829s] compilation terminated.
[0.834s] gmake[2]: *** [CMakeFiles/thrust_publisher.dir/build.make:76: CMakeFiles/thrust_publisher.dir/src/thrust_publisher.cpp.o] Error 1
[0.834s] gmake[1]: *** [CMakeFiles/Makefile2:137: CMakeFiles/thrust_publisher.dir/all] Error 2
[0.834s] gmake: *** [Makefile:146: all] Error 2
[0.836s] Invoked command in '/home/hollowknight/Documents/code/Doe/build/doe_control' returned '2': CMAKE_PREFIX_PATH=${CMAKE_PREFIX_PATH}:/opt/ros/jazzy DEBUGINFOD_URLS=https://debuginfod.ubuntu.com /usr/bin/cmake --build /home/hollowknight/Documents/code/Doe/build/doe_control -- -j12 -l12
