-- The C compiler identification is GNU 13.2.0
-- The CXX compiler identification is GNU 13.2.0
-- Detecting C compiler ABI info
-- Detecting C compiler ABI info - done
-- Check for working C compiler: /usr/bin/cc - skipped
-- Detecting C compile features
-- Detecting C compile features - done
-- Detecting CXX compiler ABI info
-- Detecting CXX compiler ABI info - done
-- Check for working CXX compiler: /usr/bin/c++ - skipped
-- Detecting CXX compile features
-- Detecting CXX compile features - done
-- Found ament_cmake: 2.5.2 (/opt/ros/jazzy/share/ament_cmake/cmake)
-- Found Python3: /usr/bin/python3 (found version "3.12.3") found components: Interpreter 
-- Found ament_lint_auto: 0.17.1 (/opt/ros/jazzy/share/ament_lint_auto/cmake)
-- Added test 'lint_cmake' to check CMake code style
-- Added test 'xmllint' to check XML markup files
-- Configuring done (0.8s)
-- Generating done (0.0s)
-- Build files have been written to: /home/hollowknight/Documents/code/Doe/build/doe_mission_control
-- Install configuration: ""
-- Installing: /home/hollowknight/Documents/code/Doe/install/doe_mission_control/share/ament_index/resource_index/package_run_dependencies/doe_mission_control
-- Installing: /home/hollowknight/Documents/code/Doe/install/doe_mission_control/share/ament_index/resource_index/parent_prefix_path/doe_mission_control
-- Installing: /home/hollowknight/Documents/code/Doe/install/doe_mission_control/share/doe_mission_control/environment/ament_prefix_path.sh
-- Installing: /home/hollowknight/Documents/code/Doe/install/doe_mission_control/share/doe_mission_control/environment/ament_prefix_path.dsv
-- Installing: /home/hollowknight/Documents/code/Doe/install/doe_mission_control/share/doe_mission_control/environment/path.sh
-- Installing: /home/hollowknight/Documents/code/Doe/install/doe_mission_control/share/doe_mission_control/environment/path.dsv
-- Installing: /home/hollowknight/Documents/code/Doe/install/doe_mission_control/share/doe_mission_control/local_setup.bash
-- Installing: /home/hollowknight/Documents/code/Doe/install/doe_mission_control/share/doe_mission_control/local_setup.sh
-- Installing: /home/hollowknight/Documents/code/Doe/install/doe_mission_control/share/doe_mission_control/local_setup.zsh
-- Installing: /home/hollowknight/Documents/code/Doe/install/doe_mission_control/share/doe_mission_control/local_setup.dsv
-- Installing: /home/hollowknight/Documents/code/Doe/install/doe_mission_control/share/doe_mission_control/package.dsv
-- Installing: /home/hollowknight/Documents/code/Doe/install/doe_mission_control/share/ament_index/resource_index/packages/doe_mission_control
-- Installing: /home/hollowknight/Documents/code/Doe/install/doe_mission_control/share/doe_mission_control/cmake/doe_mission_controlConfig.cmake
-- Installing: /home/hollowknight/Documents/code/Doe/install/doe_mission_control/share/doe_mission_control/cmake/doe_mission_controlConfig-version.cmake
-- Installing: /home/hollowknight/Documents/code/Doe/install/doe_mission_control/share/doe_mission_control/package.xml
