[0.013s] Invoking command in '/home/hollowknight/Documents/code/Doe/build/doe_mission_control': CMAKE_PREFIX_PATH=${CMAKE_PREFIX_PATH}:/opt/ros/jazzy DEBUGINFOD_URLS=https://debuginfod.ubuntu.com /usr/bin/cmake /home/hollowknight/Documents/code/Doe/src/doe_mission_control -DCMAKE_INSTALL_PREFIX=/home/hollowknight/Documents/code/Doe/install/doe_mission_control
[0.199s] -- The C compiler identification is GNU 13.2.0
[0.344s] -- The CXX compiler identification is GNU 13.2.0
[0.362s] -- Detecting C compiler ABI info
[0.440s] -- Detecting C compiler ABI info - done
[0.448s] -- Check for working C compiler: /usr/bin/cc - skipped
[0.449s] -- Detecting C compile features
[0.449s] -- Detecting C compile features - done
[0.457s] -- Detecting CXX compiler ABI info
[0.532s] -- Detecting CXX compiler ABI info - done
[0.544s] -- Check for working CXX compiler: /usr/bin/c++ - skipped
[0.544s] -- Detecting CXX compile features
[0.545s] -- Detecting CXX compile features - done
[0.547s] -- Found ament_cmake: 2.5.2 (/opt/ros/jazzy/share/ament_cmake/cmake)
[0.661s] -- Found Python3: /usr/bin/python3 (found version "3.12.3") found components: Interpreter 
[0.754s] -- Found ament_lint_auto: 0.17.1 (/opt/ros/jazzy/share/ament_lint_auto/cmake)
[0.839s] -- Added test 'lint_cmake' to check CMake code style
[0.840s] -- Added test 'xmllint' to check XML markup files
[0.841s] -- Configuring done (0.8s)
[0.844s] -- Generating done (0.0s)
[0.845s] -- Build files have been written to: /home/hollowknight/Documents/code/Doe/build/doe_mission_control
[0.850s] Invoked command in '/home/hollowknight/Documents/code/Doe/build/doe_mission_control' returned '0': CMAKE_PREFIX_PATH=${CMAKE_PREFIX_PATH}:/opt/ros/jazzy DEBUGINFOD_URLS=https://debuginfod.ubuntu.com /usr/bin/cmake /home/hollowknight/Documents/code/Doe/src/doe_mission_control -DCMAKE_INSTALL_PREFIX=/home/hollowknight/Documents/code/Doe/install/doe_mission_control
[0.851s] Invoking command in '/home/hollowknight/Documents/code/Doe/build/doe_mission_control': CMAKE_PREFIX_PATH=${CMAKE_PREFIX_PATH}:/opt/ros/jazzy DEBUGINFOD_URLS=https://debuginfod.ubuntu.com /usr/bin/cmake --build /home/hollowknight/Documents/code/Doe/build/doe_mission_control -- -j12 -l12
[0.880s] Invoked command in '/home/hollowknight/Documents/code/Doe/build/doe_mission_control' returned '0': CMAKE_PREFIX_PATH=${CMAKE_PREFIX_PATH}:/opt/ros/jazzy DEBUGINFOD_URLS=https://debuginfod.ubuntu.com /usr/bin/cmake --build /home/hollowknight/Documents/code/Doe/build/doe_mission_control -- -j12 -l12
[0.902s] Invoking command in '/home/hollowknight/Documents/code/Doe/build/doe_mission_control': CMAKE_PREFIX_PATH=${CMAKE_PREFIX_PATH}:/opt/ros/jazzy DEBUGINFOD_URLS=https://debuginfod.ubuntu.com /usr/bin/cmake --install /home/hollowknight/Documents/code/Doe/build/doe_mission_control
[0.908s] -- Install configuration: ""
[0.908s] -- Installing: /home/hollowknight/Documents/code/Doe/install/doe_mission_control/share/ament_index/resource_index/package_run_dependencies/doe_mission_control
[0.909s] -- Installing: /home/hollowknight/Documents/code/Doe/install/doe_mission_control/share/ament_index/resource_index/parent_prefix_path/doe_mission_control
[0.909s] -- Installing: /home/hollowknight/Documents/code/Doe/install/doe_mission_control/share/doe_mission_control/environment/ament_prefix_path.sh
[0.909s] -- Installing: /home/hollowknight/Documents/code/Doe/install/doe_mission_control/share/doe_mission_control/environment/ament_prefix_path.dsv
[0.909s] -- Installing: /home/hollowknight/Documents/code/Doe/install/doe_mission_control/share/doe_mission_control/environment/path.sh
[0.909s] -- Installing: /home/hollowknight/Documents/code/Doe/install/doe_mission_control/share/doe_mission_control/environment/path.dsv
[0.910s] -- Installing: /home/hollowknight/Documents/code/Doe/install/doe_mission_control/share/doe_mission_control/local_setup.bash
[0.910s] -- Installing: /home/hollowknight/Documents/code/Doe/install/doe_mission_control/share/doe_mission_control/local_setup.sh
[0.910s] -- Installing: /home/hollowknight/Documents/code/Doe/install/doe_mission_control/share/doe_mission_control/local_setup.zsh
[0.910s] -- Installing: /home/hollowknight/Documents/code/Doe/install/doe_mission_control/share/doe_mission_control/local_setup.dsv
[0.910s] -- Installing: /home/hollowknight/Documents/code/Doe/install/doe_mission_control/share/doe_mission_control/package.dsv
[0.911s] -- Installing: /home/hollowknight/Documents/code/Doe/install/doe_mission_control/share/ament_index/resource_index/packages/doe_mission_control
[0.911s] -- Installing: /home/hollowknight/Documents/code/Doe/install/doe_mission_control/share/doe_mission_control/cmake/doe_mission_controlConfig.cmake
[0.911s] -- Installing: /home/hollowknight/Documents/code/Doe/install/doe_mission_control/share/doe_mission_control/cmake/doe_mission_controlConfig-version.cmake
[0.912s] -- Installing: /home/hollowknight/Documents/code/Doe/install/doe_mission_control/share/doe_mission_control/package.xml
[0.914s] Invoked command in '/home/hollowknight/Documents/code/Doe/build/doe_mission_control' returned '0': CMAKE_PREFIX_PATH=${CMAKE_PREFIX_PATH}:/opt/ros/jazzy DEBUGINFOD_URLS=https://debuginfod.ubuntu.com /usr/bin/cmake --install /home/hollowknight/Documents/code/Doe/build/doe_mission_control
