[0.015s] Invoking command in '/home/hollowknight/Documents/code/Doe/build/doe_control': CMAKE_PREFIX_PATH=${CMAKE_PREFIX_PATH}:/opt/ros/jazzy DEBUGINFOD_URLS=https://debuginfod.ubuntu.com /usr/bin/cmake /home/hollowknight/Documents/code/Doe/src/doe_control -DCMAKE_INSTALL_PREFIX=/home/hollowknight/Documents/code/Doe/install/doe_control
[0.026s] -- Found ament_cmake: 2.5.2 (/opt/ros/jazzy/share/ament_cmake/cmake)
[0.191s] -- Found rclcpp: 28.1.5 (/opt/ros/jazzy/share/rclcpp/cmake)
[0.223s] -- Found rosidl_generator_c: 4.6.4 (/opt/ros/jazzy/share/rosidl_generator_c/cmake)
[0.229s] -- Found rosidl_generator_cpp: 4.6.4 (/opt/ros/jazzy/share/rosidl_generator_cpp/cmake)
[0.237s] -- Using all available rosidl_typesupport_c: rosidl_typesupport_fastrtps_c;rosidl_typesupport_introspection_c
[0.248s] -- Using all available rosidl_typesupport_cpp: rosidl_typesupport_fastrtps_cpp;rosidl_typesupport_introspection_cpp
[0.294s] -- Found rmw_implementation_cmake: 7.3.1 (/opt/ros/jazzy/share/rmw_implementation_cmake/cmake)
[0.295s] -- Found rmw_fastrtps_cpp: 8.4.1 (/opt/ros/jazzy/share/rmw_fastrtps_cpp/cmake)
[0.343s] -- Using RMW implementation 'rmw_fastrtps_cpp' as default
[0.391s] -- Found rclcpp_components: 28.1.5 (/opt/ros/jazzy/share/rclcpp_components/cmake)
[0.412s] -- Found geometry_msgs: 5.3.5 (/opt/ros/jazzy/share/geometry_msgs/cmake)
[0.435s] -- Found sensor_msgs: 5.3.5 (/opt/ros/jazzy/share/sensor_msgs/cmake)
[0.454s] -- Found nav_msgs: 5.3.5 (/opt/ros/jazzy/share/nav_msgs/cmake)
[0.483s] [31mCMake Error at CMakeLists.txt:27 (find_package):
[0.484s]   Could not find a configuration file for package "OpenCV" that is compatible
[0.484s]   with requested version "4.10.0".
[0.484s] 
[0.484s]   The following configuration files were considered but not accepted:
[0.484s] 
[0.484s]     /usr/lib/x86_64-linux-gnu/cmake/opencv4/OpenCVConfig.cmake, version: 4.6.0
[0.484s]     /lib/x86_64-linux-gnu/cmake/opencv4/OpenCVConfig.cmake, version: 4.6.0
[0.484s] 
[0.484s] 
[0.484s] [0m
[0.484s] -- Configuring incomplete, errors occurred!
[0.490s] Invoked command in '/home/hollowknight/Documents/code/Doe/build/doe_control' returned '1': CMAKE_PREFIX_PATH=${CMAKE_PREFIX_PATH}:/opt/ros/jazzy DEBUGINFOD_URLS=https://debuginfod.ubuntu.com /usr/bin/cmake /home/hollowknight/Documents/code/Doe/src/doe_control -DCMAKE_INSTALL_PREFIX=/home/hollowknight/Documents/code/Doe/install/doe_control
