[0.141s] DEBUG:colcon:Command line arguments: ['/usr/bin/colcon', 'build']
[0.141s] DEBUG:colcon:Parsed command line arguments: Namespace(log_base=None, log_level=None, verb_name='build', build_base='build', install_base='install', merge_install=False, symlink_install=False, test_result_base=None, continue_on_error=False, executor='parallel', parallel_workers=12, event_handlers=None, ignore_user_meta=False, metas=['./colcon.meta'], base_paths=['.'], packages_ignore=None, packages_ignore_regex=None, paths=None, packages_up_to=None, packages_up_to_regex=None, packages_above=None, packages_above_and_dependencies=None, packages_above_depth=None, packages_select_by_dep=None, packages_skip_by_dep=None, packages_skip_up_to=None, packages_select_build_failed=False, packages_skip_build_finished=False, packages_select_test_failures=False, packages_skip_test_passed=False, packages_select=None, packages_skip=None, packages_select_regex=None, packages_skip_regex=None, packages_start=None, packages_end=None, allow_overriding=[], cmake_args=None, cmake_target=None, cmake_target_skip_unavailable=False, cmake_clean_cache=False, cmake_clean_first=False, cmake_force_configure=False, ament_cmake_args=None, catkin_cmake_args=None, catkin_skip_building_tests=False, mixin_files=None, mixin=None, verb_parser=<colcon_mixin.mixin.mixin_argument.MixinArgumentDecorator object at 0x7a6e1d7b6690>, verb_extension=<colcon_core.verb.build.BuildVerb object at 0x7a6e1d7255e0>, main=<bound method BuildVerb.main of <colcon_core.verb.build.BuildVerb object at 0x7a6e1d7255e0>>, mixin_verb=('build',))
[0.184s] Level 1:colcon.colcon_core.package_discovery:discover_packages(colcon_meta) check parameters
[0.184s] Level 1:colcon.colcon_core.package_discovery:discover_packages(recursive) check parameters
[0.184s] Level 1:colcon.colcon_core.package_discovery:discover_packages(ignore) check parameters
[0.184s] Level 1:colcon.colcon_core.package_discovery:discover_packages(path) check parameters
[0.184s] Level 1:colcon.colcon_core.package_discovery:discover_packages(colcon_meta) discover
[0.184s] Level 1:colcon.colcon_core.package_discovery:discover_packages(recursive) discover
[0.184s] INFO:colcon.colcon_core.package_discovery:Crawling recursively for packages in '/home/hollowknight/Documents/code/Doe'
[0.184s] Level 1:colcon.colcon_core.package_identification:_identify(.) by extensions ['ignore', 'ignore_ament_install']
[0.184s] Level 1:colcon.colcon_core.package_identification:_identify(.) by extension 'ignore'
[0.184s] Level 1:colcon.colcon_core.package_identification:_identify(.) by extension 'ignore_ament_install'
[0.184s] Level 1:colcon.colcon_core.package_identification:_identify(.) by extensions ['colcon_pkg']
[0.184s] Level 1:colcon.colcon_core.package_identification:_identify(.) by extension 'colcon_pkg'
[0.184s] Level 1:colcon.colcon_core.package_identification:_identify(.) by extensions ['colcon_meta']
[0.184s] Level 1:colcon.colcon_core.package_identification:_identify(.) by extension 'colcon_meta'
[0.184s] Level 1:colcon.colcon_core.package_identification:_identify(.) by extensions ['ros']
[0.184s] Level 1:colcon.colcon_core.package_identification:_identify(.) by extension 'ros'
[0.202s] Level 1:colcon.colcon_core.package_identification:_identify(.) by extensions ['cmake', 'python']
[0.202s] Level 1:colcon.colcon_core.package_identification:_identify(.) by extension 'cmake'
[0.202s] Level 1:colcon.colcon_core.package_identification:_identify(.) by extension 'python'
[0.202s] Level 1:colcon.colcon_core.package_identification:_identify(.) by extensions ['python_setup_py']
[0.202s] Level 1:colcon.colcon_core.package_identification:_identify(.) by extension 'python_setup_py'
[0.202s] Level 1:colcon.colcon_core.package_identification:_identify(build) by extensions ['ignore', 'ignore_ament_install']
[0.202s] Level 1:colcon.colcon_core.package_identification:_identify(build) by extension 'ignore'
[0.202s] Level 1:colcon.colcon_core.package_identification:_identify(build) ignored
[0.202s] Level 1:colcon.colcon_core.package_identification:_identify(install) by extensions ['ignore', 'ignore_ament_install']
[0.202s] Level 1:colcon.colcon_core.package_identification:_identify(install) by extension 'ignore'
[0.202s] Level 1:colcon.colcon_core.package_identification:_identify(install) ignored
[0.202s] Level 1:colcon.colcon_core.package_identification:_identify(log) by extensions ['ignore', 'ignore_ament_install']
[0.202s] Level 1:colcon.colcon_core.package_identification:_identify(log) by extension 'ignore'
[0.202s] Level 1:colcon.colcon_core.package_identification:_identify(log) ignored
[0.202s] Level 1:colcon.colcon_core.package_identification:_identify(src) by extensions ['ignore', 'ignore_ament_install']
[0.202s] Level 1:colcon.colcon_core.package_identification:_identify(src) by extension 'ignore'
[0.202s] Level 1:colcon.colcon_core.package_identification:_identify(src) by extension 'ignore_ament_install'
[0.203s] Level 1:colcon.colcon_core.package_identification:_identify(src) by extensions ['colcon_pkg']
[0.203s] Level 1:colcon.colcon_core.package_identification:_identify(src) by extension 'colcon_pkg'
[0.203s] Level 1:colcon.colcon_core.package_identification:_identify(src) by extensions ['colcon_meta']
[0.203s] Level 1:colcon.colcon_core.package_identification:_identify(src) by extension 'colcon_meta'
[0.203s] Level 1:colcon.colcon_core.package_identification:_identify(src) by extensions ['ros']
[0.203s] Level 1:colcon.colcon_core.package_identification:_identify(src) by extension 'ros'
[0.203s] Level 1:colcon.colcon_core.package_identification:_identify(src) by extensions ['cmake', 'python']
[0.203s] Level 1:colcon.colcon_core.package_identification:_identify(src) by extension 'cmake'
[0.203s] Level 1:colcon.colcon_core.package_identification:_identify(src) by extension 'python'
[0.203s] Level 1:colcon.colcon_core.package_identification:_identify(src) by extensions ['python_setup_py']
[0.203s] Level 1:colcon.colcon_core.package_identification:_identify(src) by extension 'python_setup_py'
[0.203s] Level 1:colcon.colcon_core.package_identification:_identify(src/build) by extensions ['ignore', 'ignore_ament_install']
[0.203s] Level 1:colcon.colcon_core.package_identification:_identify(src/build) by extension 'ignore'
[0.203s] Level 1:colcon.colcon_core.package_identification:_identify(src/build) ignored
[0.203s] Level 1:colcon.colcon_core.package_identification:_identify(src/doe_control) by extensions ['ignore', 'ignore_ament_install']
[0.203s] Level 1:colcon.colcon_core.package_identification:_identify(src/doe_control) by extension 'ignore'
[0.203s] Level 1:colcon.colcon_core.package_identification:_identify(src/doe_control) by extension 'ignore_ament_install'
[0.203s] Level 1:colcon.colcon_core.package_identification:_identify(src/doe_control) by extensions ['colcon_pkg']
[0.203s] Level 1:colcon.colcon_core.package_identification:_identify(src/doe_control) by extension 'colcon_pkg'
[0.203s] Level 1:colcon.colcon_core.package_identification:_identify(src/doe_control) by extensions ['colcon_meta']
[0.203s] Level 1:colcon.colcon_core.package_identification:_identify(src/doe_control) by extension 'colcon_meta'
[0.203s] Level 1:colcon.colcon_core.package_identification:_identify(src/doe_control) by extensions ['ros']
[0.203s] Level 1:colcon.colcon_core.package_identification:_identify(src/doe_control) by extension 'ros'
[0.205s] DEBUG:colcon.colcon_core.package_identification:Package 'src/doe_control' with type 'ros.ament_cmake' and name 'doe_control'
[0.205s] Level 1:colcon.colcon_core.package_identification:_identify(src/doe_mission_control) by extensions ['ignore', 'ignore_ament_install']
[0.205s] Level 1:colcon.colcon_core.package_identification:_identify(src/doe_mission_control) by extension 'ignore'
[0.206s] Level 1:colcon.colcon_core.package_identification:_identify(src/doe_mission_control) by extension 'ignore_ament_install'
[0.206s] Level 1:colcon.colcon_core.package_identification:_identify(src/doe_mission_control) by extensions ['colcon_pkg']
[0.206s] Level 1:colcon.colcon_core.package_identification:_identify(src/doe_mission_control) by extension 'colcon_pkg'
[0.206s] Level 1:colcon.colcon_core.package_identification:_identify(src/doe_mission_control) by extensions ['colcon_meta']
[0.206s] Level 1:colcon.colcon_core.package_identification:_identify(src/doe_mission_control) by extension 'colcon_meta'
[0.206s] Level 1:colcon.colcon_core.package_identification:_identify(src/doe_mission_control) by extensions ['ros']
[0.206s] Level 1:colcon.colcon_core.package_identification:_identify(src/doe_mission_control) by extension 'ros'
[0.206s] DEBUG:colcon.colcon_core.package_identification:Package 'src/doe_mission_control' with type 'ros.ament_cmake' and name 'doe_mission_control'
[0.206s] Level 1:colcon.colcon_core.package_identification:_identify(src/doe_navigation) by extensions ['ignore', 'ignore_ament_install']
[0.206s] Level 1:colcon.colcon_core.package_identification:_identify(src/doe_navigation) by extension 'ignore'
[0.206s] Level 1:colcon.colcon_core.package_identification:_identify(src/doe_navigation) by extension 'ignore_ament_install'
[0.206s] Level 1:colcon.colcon_core.package_identification:_identify(src/doe_navigation) by extensions ['colcon_pkg']
[0.206s] Level 1:colcon.colcon_core.package_identification:_identify(src/doe_navigation) by extension 'colcon_pkg'
[0.206s] Level 1:colcon.colcon_core.package_identification:_identify(src/doe_navigation) by extensions ['colcon_meta']
[0.206s] Level 1:colcon.colcon_core.package_identification:_identify(src/doe_navigation) by extension 'colcon_meta'
[0.206s] Level 1:colcon.colcon_core.package_identification:_identify(src/doe_navigation) by extensions ['ros']
[0.206s] Level 1:colcon.colcon_core.package_identification:_identify(src/doe_navigation) by extension 'ros'
[0.207s] DEBUG:colcon.colcon_core.package_identification:Package 'src/doe_navigation' with type 'ros.ament_cmake' and name 'doe_navigation'
[0.207s] Level 1:colcon.colcon_core.package_identification:_identify(src/doe_perception) by extensions ['ignore', 'ignore_ament_install']
[0.207s] Level 1:colcon.colcon_core.package_identification:_identify(src/doe_perception) by extension 'ignore'
[0.207s] Level 1:colcon.colcon_core.package_identification:_identify(src/doe_perception) by extension 'ignore_ament_install'
[0.207s] Level 1:colcon.colcon_core.package_identification:_identify(src/doe_perception) by extensions ['colcon_pkg']
[0.207s] Level 1:colcon.colcon_core.package_identification:_identify(src/doe_perception) by extension 'colcon_pkg'
[0.207s] Level 1:colcon.colcon_core.package_identification:_identify(src/doe_perception) by extensions ['colcon_meta']
[0.207s] Level 1:colcon.colcon_core.package_identification:_identify(src/doe_perception) by extension 'colcon_meta'
[0.207s] Level 1:colcon.colcon_core.package_identification:_identify(src/doe_perception) by extensions ['ros']
[0.207s] Level 1:colcon.colcon_core.package_identification:_identify(src/doe_perception) by extension 'ros'
[0.208s] DEBUG:colcon.colcon_core.package_identification:Package 'src/doe_perception' with type 'ros.ament_cmake' and name 'doe_perception'
[0.208s] Level 1:colcon.colcon_core.package_identification:_identify(src/doe_simulation) by extensions ['ignore', 'ignore_ament_install']
[0.208s] Level 1:colcon.colcon_core.package_identification:_identify(src/doe_simulation) by extension 'ignore'
[0.208s] Level 1:colcon.colcon_core.package_identification:_identify(src/doe_simulation) by extension 'ignore_ament_install'
[0.208s] Level 1:colcon.colcon_core.package_identification:_identify(src/doe_simulation) by extensions ['colcon_pkg']
[0.208s] Level 1:colcon.colcon_core.package_identification:_identify(src/doe_simulation) by extension 'colcon_pkg'
[0.208s] Level 1:colcon.colcon_core.package_identification:_identify(src/doe_simulation) by extensions ['colcon_meta']
[0.208s] Level 1:colcon.colcon_core.package_identification:_identify(src/doe_simulation) by extension 'colcon_meta'
[0.208s] Level 1:colcon.colcon_core.package_identification:_identify(src/doe_simulation) by extensions ['ros']
[0.208s] Level 1:colcon.colcon_core.package_identification:_identify(src/doe_simulation) by extension 'ros'
[0.208s] DEBUG:colcon.colcon_core.package_identification:Package 'src/doe_simulation' with type 'ros.ament_cmake' and name 'doe_simulation'
[0.208s] Level 1:colcon.colcon_core.package_identification:_identify(src/install) by extensions ['ignore', 'ignore_ament_install']
[0.209s] Level 1:colcon.colcon_core.package_identification:_identify(src/install) by extension 'ignore'
[0.209s] Level 1:colcon.colcon_core.package_identification:_identify(src/install) ignored
[0.209s] Level 1:colcon.colcon_core.package_identification:_identify(src/log) by extensions ['ignore', 'ignore_ament_install']
[0.209s] Level 1:colcon.colcon_core.package_identification:_identify(src/log) by extension 'ignore'
[0.209s] Level 1:colcon.colcon_core.package_identification:_identify(src/log) ignored
[0.209s] Level 1:colcon.colcon_core.package_discovery:discover_packages(recursive) using defaults
[0.209s] Level 1:colcon.colcon_core.package_discovery:discover_packages(ignore) discover
[0.209s] Level 1:colcon.colcon_core.package_discovery:discover_packages(ignore) using defaults
[0.209s] Level 1:colcon.colcon_core.package_discovery:discover_packages(path) discover
[0.209s] Level 1:colcon.colcon_core.package_discovery:discover_packages(path) using defaults
[0.224s] Level 1:colcon.colcon_core.package_discovery:discover_packages(prefix_path) check parameters
[0.224s] Level 1:colcon.colcon_core.package_discovery:discover_packages(prefix_path) discover
[0.227s] DEBUG:colcon.colcon_installed_package_information.package_discovery:Found 285 installed packages in /opt/ros/jazzy
[0.228s] Level 1:colcon.colcon_core.package_discovery:discover_packages(prefix_path) using defaults
[0.257s] Level 5:colcon.colcon_core.verb:set package 'doe_control' build argument 'cmake_args' from command line to 'None'
[0.257s] Level 5:colcon.colcon_core.verb:set package 'doe_control' build argument 'cmake_target' from command line to 'None'
[0.257s] Level 5:colcon.colcon_core.verb:set package 'doe_control' build argument 'cmake_target_skip_unavailable' from command line to 'False'
[0.257s] Level 5:colcon.colcon_core.verb:set package 'doe_control' build argument 'cmake_clean_cache' from command line to 'False'
[0.257s] Level 5:colcon.colcon_core.verb:set package 'doe_control' build argument 'cmake_clean_first' from command line to 'False'
[0.257s] Level 5:colcon.colcon_core.verb:set package 'doe_control' build argument 'cmake_force_configure' from command line to 'False'
[0.257s] Level 5:colcon.colcon_core.verb:set package 'doe_control' build argument 'ament_cmake_args' from command line to 'None'
[0.257s] Level 5:colcon.colcon_core.verb:set package 'doe_control' build argument 'catkin_cmake_args' from command line to 'None'
[0.257s] Level 5:colcon.colcon_core.verb:set package 'doe_control' build argument 'catkin_skip_building_tests' from command line to 'False'
[0.257s] DEBUG:colcon.colcon_core.verb:Building package 'doe_control' with the following arguments: {'ament_cmake_args': None, 'build_base': '/home/hollowknight/Documents/code/Doe/build/doe_control', 'catkin_cmake_args': None, 'catkin_skip_building_tests': False, 'cmake_args': None, 'cmake_clean_cache': False, 'cmake_clean_first': False, 'cmake_force_configure': False, 'cmake_target': None, 'cmake_target_skip_unavailable': False, 'install_base': '/home/hollowknight/Documents/code/Doe/install/doe_control', 'merge_install': False, 'path': '/home/hollowknight/Documents/code/Doe/src/doe_control', 'symlink_install': False, 'test_result_base': None}
[0.258s] Level 5:colcon.colcon_core.verb:set package 'doe_mission_control' build argument 'cmake_args' from command line to 'None'
[0.258s] Level 5:colcon.colcon_core.verb:set package 'doe_mission_control' build argument 'cmake_target' from command line to 'None'
[0.258s] Level 5:colcon.colcon_core.verb:set package 'doe_mission_control' build argument 'cmake_target_skip_unavailable' from command line to 'False'
[0.258s] Level 5:colcon.colcon_core.verb:set package 'doe_mission_control' build argument 'cmake_clean_cache' from command line to 'False'
[0.258s] Level 5:colcon.colcon_core.verb:set package 'doe_mission_control' build argument 'cmake_clean_first' from command line to 'False'
[0.258s] Level 5:colcon.colcon_core.verb:set package 'doe_mission_control' build argument 'cmake_force_configure' from command line to 'False'
[0.258s] Level 5:colcon.colcon_core.verb:set package 'doe_mission_control' build argument 'ament_cmake_args' from command line to 'None'
[0.258s] Level 5:colcon.colcon_core.verb:set package 'doe_mission_control' build argument 'catkin_cmake_args' from command line to 'None'
[0.258s] Level 5:colcon.colcon_core.verb:set package 'doe_mission_control' build argument 'catkin_skip_building_tests' from command line to 'False'
[0.258s] DEBUG:colcon.colcon_core.verb:Building package 'doe_mission_control' with the following arguments: {'ament_cmake_args': None, 'build_base': '/home/hollowknight/Documents/code/Doe/build/doe_mission_control', 'catkin_cmake_args': None, 'catkin_skip_building_tests': False, 'cmake_args': None, 'cmake_clean_cache': False, 'cmake_clean_first': False, 'cmake_force_configure': False, 'cmake_target': None, 'cmake_target_skip_unavailable': False, 'install_base': '/home/hollowknight/Documents/code/Doe/install/doe_mission_control', 'merge_install': False, 'path': '/home/hollowknight/Documents/code/Doe/src/doe_mission_control', 'symlink_install': False, 'test_result_base': None}
[0.258s] Level 5:colcon.colcon_core.verb:set package 'doe_navigation' build argument 'cmake_args' from command line to 'None'
[0.258s] Level 5:colcon.colcon_core.verb:set package 'doe_navigation' build argument 'cmake_target' from command line to 'None'
[0.258s] Level 5:colcon.colcon_core.verb:set package 'doe_navigation' build argument 'cmake_target_skip_unavailable' from command line to 'False'
[0.258s] Level 5:colcon.colcon_core.verb:set package 'doe_navigation' build argument 'cmake_clean_cache' from command line to 'False'
[0.258s] Level 5:colcon.colcon_core.verb:set package 'doe_navigation' build argument 'cmake_clean_first' from command line to 'False'
[0.258s] Level 5:colcon.colcon_core.verb:set package 'doe_navigation' build argument 'cmake_force_configure' from command line to 'False'
[0.258s] Level 5:colcon.colcon_core.verb:set package 'doe_navigation' build argument 'ament_cmake_args' from command line to 'None'
[0.258s] Level 5:colcon.colcon_core.verb:set package 'doe_navigation' build argument 'catkin_cmake_args' from command line to 'None'
[0.258s] Level 5:colcon.colcon_core.verb:set package 'doe_navigation' build argument 'catkin_skip_building_tests' from command line to 'False'
[0.258s] DEBUG:colcon.colcon_core.verb:Building package 'doe_navigation' with the following arguments: {'ament_cmake_args': None, 'build_base': '/home/hollowknight/Documents/code/Doe/build/doe_navigation', 'catkin_cmake_args': None, 'catkin_skip_building_tests': False, 'cmake_args': None, 'cmake_clean_cache': False, 'cmake_clean_first': False, 'cmake_force_configure': False, 'cmake_target': None, 'cmake_target_skip_unavailable': False, 'install_base': '/home/hollowknight/Documents/code/Doe/install/doe_navigation', 'merge_install': False, 'path': '/home/hollowknight/Documents/code/Doe/src/doe_navigation', 'symlink_install': False, 'test_result_base': None}
[0.258s] Level 5:colcon.colcon_core.verb:set package 'doe_perception' build argument 'cmake_args' from command line to 'None'
[0.258s] Level 5:colcon.colcon_core.verb:set package 'doe_perception' build argument 'cmake_target' from command line to 'None'
[0.258s] Level 5:colcon.colcon_core.verb:set package 'doe_perception' build argument 'cmake_target_skip_unavailable' from command line to 'False'
[0.258s] Level 5:colcon.colcon_core.verb:set package 'doe_perception' build argument 'cmake_clean_cache' from command line to 'False'
[0.258s] Level 5:colcon.colcon_core.verb:set package 'doe_perception' build argument 'cmake_clean_first' from command line to 'False'
[0.258s] Level 5:colcon.colcon_core.verb:set package 'doe_perception' build argument 'cmake_force_configure' from command line to 'False'
[0.258s] Level 5:colcon.colcon_core.verb:set package 'doe_perception' build argument 'ament_cmake_args' from command line to 'None'
[0.258s] Level 5:colcon.colcon_core.verb:set package 'doe_perception' build argument 'catkin_cmake_args' from command line to 'None'
[0.258s] Level 5:colcon.colcon_core.verb:set package 'doe_perception' build argument 'catkin_skip_building_tests' from command line to 'False'
[0.258s] DEBUG:colcon.colcon_core.verb:Building package 'doe_perception' with the following arguments: {'ament_cmake_args': None, 'build_base': '/home/hollowknight/Documents/code/Doe/build/doe_perception', 'catkin_cmake_args': None, 'catkin_skip_building_tests': False, 'cmake_args': None, 'cmake_clean_cache': False, 'cmake_clean_first': False, 'cmake_force_configure': False, 'cmake_target': None, 'cmake_target_skip_unavailable': False, 'install_base': '/home/hollowknight/Documents/code/Doe/install/doe_perception', 'merge_install': False, 'path': '/home/hollowknight/Documents/code/Doe/src/doe_perception', 'symlink_install': False, 'test_result_base': None}
[0.258s] Level 5:colcon.colcon_core.verb:set package 'doe_simulation' build argument 'cmake_args' from command line to 'None'
[0.258s] Level 5:colcon.colcon_core.verb:set package 'doe_simulation' build argument 'cmake_target' from command line to 'None'
[0.258s] Level 5:colcon.colcon_core.verb:set package 'doe_simulation' build argument 'cmake_target_skip_unavailable' from command line to 'False'
[0.259s] Level 5:colcon.colcon_core.verb:set package 'doe_simulation' build argument 'cmake_clean_cache' from command line to 'False'
[0.259s] Level 5:colcon.colcon_core.verb:set package 'doe_simulation' build argument 'cmake_clean_first' from command line to 'False'
[0.259s] Level 5:colcon.colcon_core.verb:set package 'doe_simulation' build argument 'cmake_force_configure' from command line to 'False'
[0.259s] Level 5:colcon.colcon_core.verb:set package 'doe_simulation' build argument 'ament_cmake_args' from command line to 'None'
[0.259s] Level 5:colcon.colcon_core.verb:set package 'doe_simulation' build argument 'catkin_cmake_args' from command line to 'None'
[0.259s] Level 5:colcon.colcon_core.verb:set package 'doe_simulation' build argument 'catkin_skip_building_tests' from command line to 'False'
[0.259s] DEBUG:colcon.colcon_core.verb:Building package 'doe_simulation' with the following arguments: {'ament_cmake_args': None, 'build_base': '/home/hollowknight/Documents/code/Doe/build/doe_simulation', 'catkin_cmake_args': None, 'catkin_skip_building_tests': False, 'cmake_args': None, 'cmake_clean_cache': False, 'cmake_clean_first': False, 'cmake_force_configure': False, 'cmake_target': None, 'cmake_target_skip_unavailable': False, 'install_base': '/home/hollowknight/Documents/code/Doe/install/doe_simulation', 'merge_install': False, 'path': '/home/hollowknight/Documents/code/Doe/src/doe_simulation', 'symlink_install': False, 'test_result_base': None}
[0.259s] INFO:colcon.colcon_core.executor:Executing jobs using 'parallel' executor
[0.259s] DEBUG:colcon.colcon_parallel_executor.executor.parallel:run_until_complete
[0.259s] INFO:colcon.colcon_ros.task.ament_cmake.build:Building ROS package in '/home/hollowknight/Documents/code/Doe/src/doe_control' with build type 'ament_cmake'
[0.259s] INFO:colcon.colcon_cmake.task.cmake.build:Building CMake package in '/home/hollowknight/Documents/code/Doe/src/doe_control'
[0.262s] INFO:colcon.colcon_core.plugin_system:Skipping extension 'colcon_core.shell.bat': Not used on non-Windows systems
[0.262s] INFO:colcon.colcon_core.shell:Skip shell extension 'powershell' for command environment: Not usable outside of PowerShell
[0.262s] DEBUG:colcon.colcon_core.shell:Skip shell extension 'dsv' for command environment
[0.264s] INFO:colcon.colcon_ros.task.ament_cmake.build:Building ROS package in '/home/hollowknight/Documents/code/Doe/src/doe_mission_control' with build type 'ament_cmake'
[0.264s] INFO:colcon.colcon_cmake.task.cmake.build:Building CMake package in '/home/hollowknight/Documents/code/Doe/src/doe_mission_control'
[0.264s] INFO:colcon.colcon_core.shell:Skip shell extension 'powershell' for command environment: Not usable outside of PowerShell
[0.264s] DEBUG:colcon.colcon_core.shell:Skip shell extension 'dsv' for command environment
[0.266s] INFO:colcon.colcon_ros.task.ament_cmake.build:Building ROS package in '/home/hollowknight/Documents/code/Doe/src/doe_navigation' with build type 'ament_cmake'
[0.266s] INFO:colcon.colcon_cmake.task.cmake.build:Building CMake package in '/home/hollowknight/Documents/code/Doe/src/doe_navigation'
[0.266s] INFO:colcon.colcon_core.shell:Skip shell extension 'powershell' for command environment: Not usable outside of PowerShell
[0.266s] DEBUG:colcon.colcon_core.shell:Skip shell extension 'dsv' for command environment
[0.268s] INFO:colcon.colcon_ros.task.ament_cmake.build:Building ROS package in '/home/hollowknight/Documents/code/Doe/src/doe_perception' with build type 'ament_cmake'
[0.268s] INFO:colcon.colcon_cmake.task.cmake.build:Building CMake package in '/home/hollowknight/Documents/code/Doe/src/doe_perception'
[0.268s] INFO:colcon.colcon_core.shell:Skip shell extension 'powershell' for command environment: Not usable outside of PowerShell
[0.268s] DEBUG:colcon.colcon_core.shell:Skip shell extension 'dsv' for command environment
[0.270s] INFO:colcon.colcon_ros.task.ament_cmake.build:Building ROS package in '/home/hollowknight/Documents/code/Doe/src/doe_simulation' with build type 'ament_cmake'
[0.270s] INFO:colcon.colcon_cmake.task.cmake.build:Building CMake package in '/home/hollowknight/Documents/code/Doe/src/doe_simulation'
[0.270s] INFO:colcon.colcon_core.shell:Skip shell extension 'powershell' for command environment: Not usable outside of PowerShell
[0.270s] DEBUG:colcon.colcon_core.shell:Skip shell extension 'dsv' for command environment
[0.275s] DEBUG:colcon.colcon_core.event_handler.log_command:Invoking command in '/home/hollowknight/Documents/code/Doe/build/doe_control': CMAKE_PREFIX_PATH=${CMAKE_PREFIX_PATH}:/opt/ros/jazzy DEBUGINFOD_URLS=https://debuginfod.ubuntu.com /usr/bin/cmake /home/hollowknight/Documents/code/Doe/src/doe_control -DCMAKE_INSTALL_PREFIX=/home/hollowknight/Documents/code/Doe/install/doe_control
[0.277s] DEBUG:colcon.colcon_core.event_handler.log_command:Invoking command in '/home/hollowknight/Documents/code/Doe/build/doe_mission_control': CMAKE_PREFIX_PATH=${CMAKE_PREFIX_PATH}:/opt/ros/jazzy DEBUGINFOD_URLS=https://debuginfod.ubuntu.com /usr/bin/cmake /home/hollowknight/Documents/code/Doe/src/doe_mission_control -DCMAKE_INSTALL_PREFIX=/home/hollowknight/Documents/code/Doe/install/doe_mission_control
[0.278s] DEBUG:colcon.colcon_core.event_handler.log_command:Invoking command in '/home/hollowknight/Documents/code/Doe/build/doe_navigation': CMAKE_PREFIX_PATH=${CMAKE_PREFIX_PATH}:/opt/ros/jazzy DEBUGINFOD_URLS=https://debuginfod.ubuntu.com /usr/bin/cmake /home/hollowknight/Documents/code/Doe/src/doe_navigation -DCMAKE_INSTALL_PREFIX=/home/hollowknight/Documents/code/Doe/install/doe_navigation
[0.280s] DEBUG:colcon.colcon_core.event_handler.log_command:Invoking command in '/home/hollowknight/Documents/code/Doe/build/doe_perception': CMAKE_PREFIX_PATH=${CMAKE_PREFIX_PATH}:/opt/ros/jazzy DEBUGINFOD_URLS=https://debuginfod.ubuntu.com /usr/bin/cmake /home/hollowknight/Documents/code/Doe/src/doe_perception -DCMAKE_INSTALL_PREFIX=/home/hollowknight/Documents/code/Doe/install/doe_perception
[0.282s] DEBUG:colcon.colcon_core.event_handler.log_command:Invoking command in '/home/hollowknight/Documents/code/Doe/build/doe_simulation': CMAKE_PREFIX_PATH=${CMAKE_PREFIX_PATH}:/opt/ros/jazzy DEBUGINFOD_URLS=https://debuginfod.ubuntu.com /usr/bin/cmake /home/hollowknight/Documents/code/Doe/src/doe_simulation -DCMAKE_INSTALL_PREFIX=/home/hollowknight/Documents/code/Doe/install/doe_simulation
[1.113s] DEBUG:colcon.colcon_core.event_handler.log_command:Invoked command in '/home/hollowknight/Documents/code/Doe/build/doe_navigation' returned '0': CMAKE_PREFIX_PATH=${CMAKE_PREFIX_PATH}:/opt/ros/jazzy DEBUGINFOD_URLS=https://debuginfod.ubuntu.com /usr/bin/cmake /home/hollowknight/Documents/code/Doe/src/doe_navigation -DCMAKE_INSTALL_PREFIX=/home/hollowknight/Documents/code/Doe/install/doe_navigation
[1.114s] DEBUG:colcon.colcon_core.event_handler.log_command:Invoking command in '/home/hollowknight/Documents/code/Doe/build/doe_navigation': CMAKE_PREFIX_PATH=${CMAKE_PREFIX_PATH}:/opt/ros/jazzy DEBUGINFOD_URLS=https://debuginfod.ubuntu.com /usr/bin/cmake --build /home/hollowknight/Documents/code/Doe/build/doe_navigation -- -j12 -l12
[1.115s] DEBUG:colcon.colcon_core.event_handler.log_command:Invoked command in '/home/hollowknight/Documents/code/Doe/build/doe_mission_control' returned '0': CMAKE_PREFIX_PATH=${CMAKE_PREFIX_PATH}:/opt/ros/jazzy DEBUGINFOD_URLS=https://debuginfod.ubuntu.com /usr/bin/cmake /home/hollowknight/Documents/code/Doe/src/doe_mission_control -DCMAKE_INSTALL_PREFIX=/home/hollowknight/Documents/code/Doe/install/doe_mission_control
[1.115s] DEBUG:colcon.colcon_core.event_handler.log_command:Invoking command in '/home/hollowknight/Documents/code/Doe/build/doe_mission_control': CMAKE_PREFIX_PATH=${CMAKE_PREFIX_PATH}:/opt/ros/jazzy DEBUGINFOD_URLS=https://debuginfod.ubuntu.com /usr/bin/cmake --build /home/hollowknight/Documents/code/Doe/build/doe_mission_control -- -j12 -l12
[1.116s] DEBUG:colcon.colcon_core.event_handler.log_command:Invoked command in '/home/hollowknight/Documents/code/Doe/build/doe_simulation' returned '0': CMAKE_PREFIX_PATH=${CMAKE_PREFIX_PATH}:/opt/ros/jazzy DEBUGINFOD_URLS=https://debuginfod.ubuntu.com /usr/bin/cmake /home/hollowknight/Documents/code/Doe/src/doe_simulation -DCMAKE_INSTALL_PREFIX=/home/hollowknight/Documents/code/Doe/install/doe_simulation
[1.117s] DEBUG:colcon.colcon_core.event_handler.log_command:Invoking command in '/home/hollowknight/Documents/code/Doe/build/doe_simulation': CMAKE_PREFIX_PATH=${CMAKE_PREFIX_PATH}:/opt/ros/jazzy DEBUGINFOD_URLS=https://debuginfod.ubuntu.com /usr/bin/cmake --build /home/hollowknight/Documents/code/Doe/build/doe_simulation -- -j12 -l12
[1.119s] DEBUG:colcon.colcon_core.event_handler.log_command:Invoked command in '/home/hollowknight/Documents/code/Doe/build/doe_perception' returned '0': CMAKE_PREFIX_PATH=${CMAKE_PREFIX_PATH}:/opt/ros/jazzy DEBUGINFOD_URLS=https://debuginfod.ubuntu.com /usr/bin/cmake /home/hollowknight/Documents/code/Doe/src/doe_perception -DCMAKE_INSTALL_PREFIX=/home/hollowknight/Documents/code/Doe/install/doe_perception
[1.120s] DEBUG:colcon.colcon_core.event_handler.log_command:Invoking command in '/home/hollowknight/Documents/code/Doe/build/doe_perception': CMAKE_PREFIX_PATH=${CMAKE_PREFIX_PATH}:/opt/ros/jazzy DEBUGINFOD_URLS=https://debuginfod.ubuntu.com /usr/bin/cmake --build /home/hollowknight/Documents/code/Doe/build/doe_perception -- -j12 -l12
[1.145s] DEBUG:colcon.colcon_core.event_handler.log_command:Invoked command in '/home/hollowknight/Documents/code/Doe/build/doe_mission_control' returned '0': CMAKE_PREFIX_PATH=${CMAKE_PREFIX_PATH}:/opt/ros/jazzy DEBUGINFOD_URLS=https://debuginfod.ubuntu.com /usr/bin/cmake --build /home/hollowknight/Documents/code/Doe/build/doe_mission_control -- -j12 -l12
[1.146s] DEBUG:colcon.colcon_core.event_handler.log_command:Invoked command in '/home/hollowknight/Documents/code/Doe/build/doe_navigation' returned '0': CMAKE_PREFIX_PATH=${CMAKE_PREFIX_PATH}:/opt/ros/jazzy DEBUGINFOD_URLS=https://debuginfod.ubuntu.com /usr/bin/cmake --build /home/hollowknight/Documents/code/Doe/build/doe_navigation -- -j12 -l12
[1.147s] DEBUG:colcon.colcon_core.event_handler.log_command:Invoked command in '/home/hollowknight/Documents/code/Doe/build/doe_simulation' returned '0': CMAKE_PREFIX_PATH=${CMAKE_PREFIX_PATH}:/opt/ros/jazzy DEBUGINFOD_URLS=https://debuginfod.ubuntu.com /usr/bin/cmake --build /home/hollowknight/Documents/code/Doe/build/doe_simulation -- -j12 -l12
[1.150s] DEBUG:colcon.colcon_core.event_handler.log_command:Invoked command in '/home/hollowknight/Documents/code/Doe/build/doe_perception' returned '0': CMAKE_PREFIX_PATH=${CMAKE_PREFIX_PATH}:/opt/ros/jazzy DEBUGINFOD_URLS=https://debuginfod.ubuntu.com /usr/bin/cmake --build /home/hollowknight/Documents/code/Doe/build/doe_perception -- -j12 -l12
[1.166s] DEBUG:colcon.colcon_core.event_handler.log_command:Invoking command in '/home/hollowknight/Documents/code/Doe/build/doe_mission_control': CMAKE_PREFIX_PATH=${CMAKE_PREFIX_PATH}:/opt/ros/jazzy DEBUGINFOD_URLS=https://debuginfod.ubuntu.com /usr/bin/cmake --install /home/hollowknight/Documents/code/Doe/build/doe_mission_control
[1.168s] DEBUG:colcon.colcon_core.event_handler.log_command:Invoking command in '/home/hollowknight/Documents/code/Doe/build/doe_simulation': CMAKE_PREFIX_PATH=${CMAKE_PREFIX_PATH}:/opt/ros/jazzy DEBUGINFOD_URLS=https://debuginfod.ubuntu.com /usr/bin/cmake --install /home/hollowknight/Documents/code/Doe/build/doe_simulation
[1.168s] DEBUG:colcon.colcon_core.event_handler.log_command:Invoking command in '/home/hollowknight/Documents/code/Doe/build/doe_perception': CMAKE_PREFIX_PATH=${CMAKE_PREFIX_PATH}:/opt/ros/jazzy DEBUGINFOD_URLS=https://debuginfod.ubuntu.com /usr/bin/cmake --install /home/hollowknight/Documents/code/Doe/build/doe_perception
[1.169s] DEBUG:colcon.colcon_core.event_handler.log_command:Invoking command in '/home/hollowknight/Documents/code/Doe/build/doe_navigation': CMAKE_PREFIX_PATH=${CMAKE_PREFIX_PATH}:/opt/ros/jazzy DEBUGINFOD_URLS=https://debuginfod.ubuntu.com /usr/bin/cmake --install /home/hollowknight/Documents/code/Doe/build/doe_navigation
[1.178s] Level 1:colcon.colcon_core.environment:create_environment_scripts_only(doe_mission_control)
[1.179s] DEBUG:colcon.colcon_core.event_handler.log_command:Invoked command in '/home/hollowknight/Documents/code/Doe/build/doe_mission_control' returned '0': CMAKE_PREFIX_PATH=${CMAKE_PREFIX_PATH}:/opt/ros/jazzy DEBUGINFOD_URLS=https://debuginfod.ubuntu.com /usr/bin/cmake --install /home/hollowknight/Documents/code/Doe/build/doe_mission_control
[1.182s] Level 1:colcon.colcon_core.environment:checking '/home/hollowknight/Documents/code/Doe/install/doe_mission_control' for CMake module files
[1.182s] Level 1:colcon.colcon_core.environment:checking '/home/hollowknight/Documents/code/Doe/install/doe_mission_control' for CMake config files
[1.183s] Level 1:colcon.colcon_core.shell:create_environment_hook('doe_mission_control', 'cmake_prefix_path')
[1.183s] INFO:colcon.colcon_core.shell:Creating environment hook '/home/hollowknight/Documents/code/Doe/install/doe_mission_control/share/doe_mission_control/hook/cmake_prefix_path.ps1'
[1.183s] INFO:colcon.colcon_core.shell:Creating environment descriptor '/home/hollowknight/Documents/code/Doe/install/doe_mission_control/share/doe_mission_control/hook/cmake_prefix_path.dsv'
[1.184s] INFO:colcon.colcon_core.shell:Creating environment hook '/home/hollowknight/Documents/code/Doe/install/doe_mission_control/share/doe_mission_control/hook/cmake_prefix_path.sh'
[1.185s] Level 1:colcon.colcon_core.environment:checking '/home/hollowknight/Documents/code/Doe/install/doe_mission_control/bin'
[1.185s] Level 1:colcon.colcon_core.environment:checking '/home/hollowknight/Documents/code/Doe/install/doe_mission_control/lib/pkgconfig/doe_mission_control.pc'
[1.185s] Level 1:colcon.colcon_core.environment:checking '/home/hollowknight/Documents/code/Doe/install/doe_mission_control/lib/python3.12/site-packages'
[1.185s] Level 1:colcon.colcon_core.environment:checking '/home/hollowknight/Documents/code/Doe/install/doe_mission_control/bin'
[1.185s] INFO:colcon.colcon_core.shell:Creating package script '/home/hollowknight/Documents/code/Doe/install/doe_mission_control/share/doe_mission_control/package.ps1'
[1.186s] INFO:colcon.colcon_core.shell:Creating package descriptor '/home/hollowknight/Documents/code/Doe/install/doe_mission_control/share/doe_mission_control/package.dsv'
[1.186s] INFO:colcon.colcon_core.shell:Creating package script '/home/hollowknight/Documents/code/Doe/install/doe_mission_control/share/doe_mission_control/package.sh'
[1.187s] INFO:colcon.colcon_core.shell:Creating package script '/home/hollowknight/Documents/code/Doe/install/doe_mission_control/share/doe_mission_control/package.bash'
[1.187s] INFO:colcon.colcon_core.shell:Creating package script '/home/hollowknight/Documents/code/Doe/install/doe_mission_control/share/doe_mission_control/package.zsh'
[1.188s] Level 1:colcon.colcon_core.environment:create_file_with_runtime_dependencies(/home/hollowknight/Documents/code/Doe/install/doe_mission_control/share/colcon-core/packages/doe_mission_control)
[1.189s] Level 1:colcon.colcon_core.environment:create_environment_scripts_only(doe_simulation)
[1.189s] Level 1:colcon.colcon_core.environment:checking '/home/hollowknight/Documents/code/Doe/install/doe_simulation' for CMake module files
[1.189s] DEBUG:colcon.colcon_core.event_handler.log_command:Invoked command in '/home/hollowknight/Documents/code/Doe/build/doe_simulation' returned '0': CMAKE_PREFIX_PATH=${CMAKE_PREFIX_PATH}:/opt/ros/jazzy DEBUGINFOD_URLS=https://debuginfod.ubuntu.com /usr/bin/cmake --install /home/hollowknight/Documents/code/Doe/build/doe_simulation
[1.189s] Level 1:colcon.colcon_core.environment:checking '/home/hollowknight/Documents/code/Doe/install/doe_simulation' for CMake config files
[1.190s] Level 1:colcon.colcon_core.shell:create_environment_hook('doe_simulation', 'cmake_prefix_path')
[1.190s] INFO:colcon.colcon_core.shell:Creating environment hook '/home/hollowknight/Documents/code/Doe/install/doe_simulation/share/doe_simulation/hook/cmake_prefix_path.ps1'
[1.190s] INFO:colcon.colcon_core.shell:Creating environment descriptor '/home/hollowknight/Documents/code/Doe/install/doe_simulation/share/doe_simulation/hook/cmake_prefix_path.dsv'
[1.190s] INFO:colcon.colcon_core.shell:Creating environment hook '/home/hollowknight/Documents/code/Doe/install/doe_simulation/share/doe_simulation/hook/cmake_prefix_path.sh'
[1.191s] Level 1:colcon.colcon_core.environment:checking '/home/hollowknight/Documents/code/Doe/install/doe_simulation/bin'
[1.191s] Level 1:colcon.colcon_core.environment:checking '/home/hollowknight/Documents/code/Doe/install/doe_simulation/lib/pkgconfig/doe_simulation.pc'
[1.191s] Level 1:colcon.colcon_core.environment:checking '/home/hollowknight/Documents/code/Doe/install/doe_simulation/lib/python3.12/site-packages'
[1.191s] Level 1:colcon.colcon_core.environment:checking '/home/hollowknight/Documents/code/Doe/install/doe_simulation/bin'
[1.191s] INFO:colcon.colcon_core.shell:Creating package script '/home/hollowknight/Documents/code/Doe/install/doe_simulation/share/doe_simulation/package.ps1'
[1.192s] INFO:colcon.colcon_core.shell:Creating package descriptor '/home/hollowknight/Documents/code/Doe/install/doe_simulation/share/doe_simulation/package.dsv'
[1.192s] INFO:colcon.colcon_core.shell:Creating package script '/home/hollowknight/Documents/code/Doe/install/doe_simulation/share/doe_simulation/package.sh'
[1.192s] INFO:colcon.colcon_core.shell:Creating package script '/home/hollowknight/Documents/code/Doe/install/doe_simulation/share/doe_simulation/package.bash'
[1.192s] INFO:colcon.colcon_core.shell:Creating package script '/home/hollowknight/Documents/code/Doe/install/doe_simulation/share/doe_simulation/package.zsh'
[1.193s] Level 1:colcon.colcon_core.environment:create_file_with_runtime_dependencies(/home/hollowknight/Documents/code/Doe/install/doe_simulation/share/colcon-core/packages/doe_simulation)
[1.193s] Level 1:colcon.colcon_core.environment:create_environment_scripts_only(doe_perception)
[1.193s] Level 1:colcon.colcon_core.environment:checking '/home/hollowknight/Documents/code/Doe/install/doe_perception' for CMake module files
[1.194s] DEBUG:colcon.colcon_core.event_handler.log_command:Invoked command in '/home/hollowknight/Documents/code/Doe/build/doe_perception' returned '0': CMAKE_PREFIX_PATH=${CMAKE_PREFIX_PATH}:/opt/ros/jazzy DEBUGINFOD_URLS=https://debuginfod.ubuntu.com /usr/bin/cmake --install /home/hollowknight/Documents/code/Doe/build/doe_perception
[1.194s] Level 1:colcon.colcon_core.environment:checking '/home/hollowknight/Documents/code/Doe/install/doe_perception' for CMake config files
[1.194s] Level 1:colcon.colcon_core.shell:create_environment_hook('doe_perception', 'cmake_prefix_path')
[1.194s] INFO:colcon.colcon_core.shell:Creating environment hook '/home/hollowknight/Documents/code/Doe/install/doe_perception/share/doe_perception/hook/cmake_prefix_path.ps1'
[1.195s] INFO:colcon.colcon_core.shell:Creating environment descriptor '/home/hollowknight/Documents/code/Doe/install/doe_perception/share/doe_perception/hook/cmake_prefix_path.dsv'
[1.195s] INFO:colcon.colcon_core.shell:Creating environment hook '/home/hollowknight/Documents/code/Doe/install/doe_perception/share/doe_perception/hook/cmake_prefix_path.sh'
[1.195s] Level 1:colcon.colcon_core.environment:checking '/home/hollowknight/Documents/code/Doe/install/doe_perception/bin'
[1.195s] Level 1:colcon.colcon_core.environment:checking '/home/hollowknight/Documents/code/Doe/install/doe_perception/lib/pkgconfig/doe_perception.pc'
[1.196s] Level 1:colcon.colcon_core.environment:checking '/home/hollowknight/Documents/code/Doe/install/doe_perception/lib/python3.12/site-packages'
[1.196s] Level 1:colcon.colcon_core.environment:checking '/home/hollowknight/Documents/code/Doe/install/doe_perception/bin'
[1.196s] INFO:colcon.colcon_core.shell:Creating package script '/home/hollowknight/Documents/code/Doe/install/doe_perception/share/doe_perception/package.ps1'
[1.196s] INFO:colcon.colcon_core.shell:Creating package descriptor '/home/hollowknight/Documents/code/Doe/install/doe_perception/share/doe_perception/package.dsv'
[1.196s] INFO:colcon.colcon_core.shell:Creating package script '/home/hollowknight/Documents/code/Doe/install/doe_perception/share/doe_perception/package.sh'
[1.197s] INFO:colcon.colcon_core.shell:Creating package script '/home/hollowknight/Documents/code/Doe/install/doe_perception/share/doe_perception/package.bash'
[1.197s] INFO:colcon.colcon_core.shell:Creating package script '/home/hollowknight/Documents/code/Doe/install/doe_perception/share/doe_perception/package.zsh'
[1.197s] Level 1:colcon.colcon_core.environment:create_file_with_runtime_dependencies(/home/hollowknight/Documents/code/Doe/install/doe_perception/share/colcon-core/packages/doe_perception)
[1.198s] Level 1:colcon.colcon_core.environment:create_environment_scripts_only(doe_navigation)
[1.198s] Level 1:colcon.colcon_core.environment:checking '/home/hollowknight/Documents/code/Doe/install/doe_navigation' for CMake module files
[1.198s] DEBUG:colcon.colcon_core.event_handler.log_command:Invoked command in '/home/hollowknight/Documents/code/Doe/build/doe_navigation' returned '0': CMAKE_PREFIX_PATH=${CMAKE_PREFIX_PATH}:/opt/ros/jazzy DEBUGINFOD_URLS=https://debuginfod.ubuntu.com /usr/bin/cmake --install /home/hollowknight/Documents/code/Doe/build/doe_navigation
[1.199s] Level 1:colcon.colcon_core.environment:checking '/home/hollowknight/Documents/code/Doe/install/doe_navigation' for CMake config files
[1.199s] Level 1:colcon.colcon_core.shell:create_environment_hook('doe_navigation', 'cmake_prefix_path')
[1.199s] INFO:colcon.colcon_core.shell:Creating environment hook '/home/hollowknight/Documents/code/Doe/install/doe_navigation/share/doe_navigation/hook/cmake_prefix_path.ps1'
[1.199s] INFO:colcon.colcon_core.shell:Creating environment descriptor '/home/hollowknight/Documents/code/Doe/install/doe_navigation/share/doe_navigation/hook/cmake_prefix_path.dsv'
[1.199s] INFO:colcon.colcon_core.shell:Creating environment hook '/home/hollowknight/Documents/code/Doe/install/doe_navigation/share/doe_navigation/hook/cmake_prefix_path.sh'
[1.200s] Level 1:colcon.colcon_core.environment:checking '/home/hollowknight/Documents/code/Doe/install/doe_navigation/bin'
[1.200s] Level 1:colcon.colcon_core.environment:checking '/home/hollowknight/Documents/code/Doe/install/doe_navigation/lib/pkgconfig/doe_navigation.pc'
[1.200s] Level 1:colcon.colcon_core.environment:checking '/home/hollowknight/Documents/code/Doe/install/doe_navigation/lib/python3.12/site-packages'
[1.200s] Level 1:colcon.colcon_core.environment:checking '/home/hollowknight/Documents/code/Doe/install/doe_navigation/bin'
[1.200s] INFO:colcon.colcon_core.shell:Creating package script '/home/hollowknight/Documents/code/Doe/install/doe_navigation/share/doe_navigation/package.ps1'
[1.200s] INFO:colcon.colcon_core.shell:Creating package descriptor '/home/hollowknight/Documents/code/Doe/install/doe_navigation/share/doe_navigation/package.dsv'
[1.201s] INFO:colcon.colcon_core.shell:Creating package script '/home/hollowknight/Documents/code/Doe/install/doe_navigation/share/doe_navigation/package.sh'
[1.201s] INFO:colcon.colcon_core.shell:Creating package script '/home/hollowknight/Documents/code/Doe/install/doe_navigation/share/doe_navigation/package.bash'
[1.201s] INFO:colcon.colcon_core.shell:Creating package script '/home/hollowknight/Documents/code/Doe/install/doe_navigation/share/doe_navigation/package.zsh'
[1.201s] Level 1:colcon.colcon_core.environment:create_file_with_runtime_dependencies(/home/hollowknight/Documents/code/Doe/install/doe_navigation/share/colcon-core/packages/doe_navigation)
[1.204s] Level 1:colcon.colcon_core.environment:create_environment_scripts_only(doe_mission_control)
[1.204s] Level 1:colcon.colcon_core.environment:checking '/home/hollowknight/Documents/code/Doe/install/doe_mission_control' for CMake module files
[1.204s] Level 1:colcon.colcon_core.environment:checking '/home/hollowknight/Documents/code/Doe/install/doe_mission_control' for CMake config files
[1.205s] Level 1:colcon.colcon_core.shell:create_environment_hook('doe_mission_control', 'cmake_prefix_path')
[1.205s] INFO:colcon.colcon_core.shell:Creating environment hook '/home/hollowknight/Documents/code/Doe/install/doe_mission_control/share/doe_mission_control/hook/cmake_prefix_path.ps1'
[1.205s] INFO:colcon.colcon_core.shell:Creating environment descriptor '/home/hollowknight/Documents/code/Doe/install/doe_mission_control/share/doe_mission_control/hook/cmake_prefix_path.dsv'
[1.205s] INFO:colcon.colcon_core.shell:Creating environment hook '/home/hollowknight/Documents/code/Doe/install/doe_mission_control/share/doe_mission_control/hook/cmake_prefix_path.sh'
[1.206s] Level 1:colcon.colcon_core.environment:checking '/home/hollowknight/Documents/code/Doe/install/doe_mission_control/bin'
[1.206s] Level 1:colcon.colcon_core.environment:checking '/home/hollowknight/Documents/code/Doe/install/doe_mission_control/lib/pkgconfig/doe_mission_control.pc'
[1.206s] Level 1:colcon.colcon_core.environment:checking '/home/hollowknight/Documents/code/Doe/install/doe_mission_control/lib/python3.12/site-packages'
[1.206s] Level 1:colcon.colcon_core.environment:checking '/home/hollowknight/Documents/code/Doe/install/doe_mission_control/bin'
[1.206s] INFO:colcon.colcon_core.shell:Creating package script '/home/hollowknight/Documents/code/Doe/install/doe_mission_control/share/doe_mission_control/package.ps1'
[1.207s] INFO:colcon.colcon_core.shell:Creating package descriptor '/home/hollowknight/Documents/code/Doe/install/doe_mission_control/share/doe_mission_control/package.dsv'
[1.207s] INFO:colcon.colcon_core.shell:Creating package script '/home/hollowknight/Documents/code/Doe/install/doe_mission_control/share/doe_mission_control/package.sh'
[1.208s] INFO:colcon.colcon_core.shell:Creating package script '/home/hollowknight/Documents/code/Doe/install/doe_mission_control/share/doe_mission_control/package.bash'
[1.208s] INFO:colcon.colcon_core.shell:Creating package script '/home/hollowknight/Documents/code/Doe/install/doe_mission_control/share/doe_mission_control/package.zsh'
[1.208s] Level 1:colcon.colcon_core.environment:create_file_with_runtime_dependencies(/home/hollowknight/Documents/code/Doe/install/doe_mission_control/share/colcon-core/packages/doe_mission_control)
[1.209s] Level 1:colcon.colcon_core.environment:create_environment_scripts_only(doe_simulation)
[1.209s] Level 1:colcon.colcon_core.environment:checking '/home/hollowknight/Documents/code/Doe/install/doe_simulation' for CMake module files
[1.210s] Level 1:colcon.colcon_core.environment:checking '/home/hollowknight/Documents/code/Doe/install/doe_simulation' for CMake config files
[1.210s] Level 1:colcon.colcon_core.shell:create_environment_hook('doe_simulation', 'cmake_prefix_path')
[1.211s] INFO:colcon.colcon_core.shell:Creating environment hook '/home/hollowknight/Documents/code/Doe/install/doe_simulation/share/doe_simulation/hook/cmake_prefix_path.ps1'
[1.211s] INFO:colcon.colcon_core.shell:Creating environment descriptor '/home/hollowknight/Documents/code/Doe/install/doe_simulation/share/doe_simulation/hook/cmake_prefix_path.dsv'
[1.211s] INFO:colcon.colcon_core.shell:Creating environment hook '/home/hollowknight/Documents/code/Doe/install/doe_simulation/share/doe_simulation/hook/cmake_prefix_path.sh'
[1.212s] Level 1:colcon.colcon_core.environment:checking '/home/hollowknight/Documents/code/Doe/install/doe_simulation/bin'
[1.212s] Level 1:colcon.colcon_core.environment:checking '/home/hollowknight/Documents/code/Doe/install/doe_simulation/lib/pkgconfig/doe_simulation.pc'
[1.212s] Level 1:colcon.colcon_core.environment:checking '/home/hollowknight/Documents/code/Doe/install/doe_simulation/lib/python3.12/site-packages'
[1.212s] Level 1:colcon.colcon_core.environment:checking '/home/hollowknight/Documents/code/Doe/install/doe_simulation/bin'
[1.212s] INFO:colcon.colcon_core.shell:Creating package script '/home/hollowknight/Documents/code/Doe/install/doe_simulation/share/doe_simulation/package.ps1'
[1.212s] INFO:colcon.colcon_core.shell:Creating package descriptor '/home/hollowknight/Documents/code/Doe/install/doe_simulation/share/doe_simulation/package.dsv'
[1.213s] INFO:colcon.colcon_core.shell:Creating package script '/home/hollowknight/Documents/code/Doe/install/doe_simulation/share/doe_simulation/package.sh'
[1.213s] INFO:colcon.colcon_core.shell:Creating package script '/home/hollowknight/Documents/code/Doe/install/doe_simulation/share/doe_simulation/package.bash'
[1.213s] INFO:colcon.colcon_core.shell:Creating package script '/home/hollowknight/Documents/code/Doe/install/doe_simulation/share/doe_simulation/package.zsh'
[1.214s] Level 1:colcon.colcon_core.environment:create_file_with_runtime_dependencies(/home/hollowknight/Documents/code/Doe/install/doe_simulation/share/colcon-core/packages/doe_simulation)
[1.215s] Level 1:colcon.colcon_core.environment:create_environment_scripts_only(doe_perception)
[1.215s] Level 1:colcon.colcon_core.environment:checking '/home/hollowknight/Documents/code/Doe/install/doe_perception' for CMake module files
[1.215s] Level 1:colcon.colcon_core.environment:checking '/home/hollowknight/Documents/code/Doe/install/doe_perception' for CMake config files
[1.215s] Level 1:colcon.colcon_core.shell:create_environment_hook('doe_perception', 'cmake_prefix_path')
[1.215s] INFO:colcon.colcon_core.shell:Creating environment hook '/home/hollowknight/Documents/code/Doe/install/doe_perception/share/doe_perception/hook/cmake_prefix_path.ps1'
[1.216s] INFO:colcon.colcon_core.shell:Creating environment descriptor '/home/hollowknight/Documents/code/Doe/install/doe_perception/share/doe_perception/hook/cmake_prefix_path.dsv'
[1.216s] INFO:colcon.colcon_core.shell:Creating environment hook '/home/hollowknight/Documents/code/Doe/install/doe_perception/share/doe_perception/hook/cmake_prefix_path.sh'
[1.216s] Level 1:colcon.colcon_core.environment:checking '/home/hollowknight/Documents/code/Doe/install/doe_perception/bin'
[1.216s] Level 1:colcon.colcon_core.environment:checking '/home/hollowknight/Documents/code/Doe/install/doe_perception/lib/pkgconfig/doe_perception.pc'
[1.216s] Level 1:colcon.colcon_core.environment:checking '/home/hollowknight/Documents/code/Doe/install/doe_perception/lib/python3.12/site-packages'
[1.216s] Level 1:colcon.colcon_core.environment:checking '/home/hollowknight/Documents/code/Doe/install/doe_perception/bin'
[1.217s] INFO:colcon.colcon_core.shell:Creating package script '/home/hollowknight/Documents/code/Doe/install/doe_perception/share/doe_perception/package.ps1'
[1.217s] INFO:colcon.colcon_core.shell:Creating package descriptor '/home/hollowknight/Documents/code/Doe/install/doe_perception/share/doe_perception/package.dsv'
[1.217s] INFO:colcon.colcon_core.shell:Creating package script '/home/hollowknight/Documents/code/Doe/install/doe_perception/share/doe_perception/package.sh'
[1.217s] INFO:colcon.colcon_core.shell:Creating package script '/home/hollowknight/Documents/code/Doe/install/doe_perception/share/doe_perception/package.bash'
[1.218s] INFO:colcon.colcon_core.shell:Creating package script '/home/hollowknight/Documents/code/Doe/install/doe_perception/share/doe_perception/package.zsh'
[1.218s] Level 1:colcon.colcon_core.environment:create_file_with_runtime_dependencies(/home/hollowknight/Documents/code/Doe/install/doe_perception/share/colcon-core/packages/doe_perception)
[1.219s] Level 1:colcon.colcon_core.environment:create_environment_scripts_only(doe_navigation)
[1.219s] Level 1:colcon.colcon_core.environment:checking '/home/hollowknight/Documents/code/Doe/install/doe_navigation' for CMake module files
[1.219s] Level 1:colcon.colcon_core.environment:checking '/home/hollowknight/Documents/code/Doe/install/doe_navigation' for CMake config files
[1.220s] Level 1:colcon.colcon_core.shell:create_environment_hook('doe_navigation', 'cmake_prefix_path')
[1.220s] INFO:colcon.colcon_core.shell:Creating environment hook '/home/hollowknight/Documents/code/Doe/install/doe_navigation/share/doe_navigation/hook/cmake_prefix_path.ps1'
[1.220s] INFO:colcon.colcon_core.shell:Creating environment descriptor '/home/hollowknight/Documents/code/Doe/install/doe_navigation/share/doe_navigation/hook/cmake_prefix_path.dsv'
[1.220s] INFO:colcon.colcon_core.shell:Creating environment hook '/home/hollowknight/Documents/code/Doe/install/doe_navigation/share/doe_navigation/hook/cmake_prefix_path.sh'
[1.221s] Level 1:colcon.colcon_core.environment:checking '/home/hollowknight/Documents/code/Doe/install/doe_navigation/bin'
[1.221s] Level 1:colcon.colcon_core.environment:checking '/home/hollowknight/Documents/code/Doe/install/doe_navigation/lib/pkgconfig/doe_navigation.pc'
[1.221s] Level 1:colcon.colcon_core.environment:checking '/home/hollowknight/Documents/code/Doe/install/doe_navigation/lib/python3.12/site-packages'
[1.221s] Level 1:colcon.colcon_core.environment:checking '/home/hollowknight/Documents/code/Doe/install/doe_navigation/bin'
[1.221s] INFO:colcon.colcon_core.shell:Creating package script '/home/hollowknight/Documents/code/Doe/install/doe_navigation/share/doe_navigation/package.ps1'
[1.221s] INFO:colcon.colcon_core.shell:Creating package descriptor '/home/hollowknight/Documents/code/Doe/install/doe_navigation/share/doe_navigation/package.dsv'
[1.222s] INFO:colcon.colcon_core.shell:Creating package script '/home/hollowknight/Documents/code/Doe/install/doe_navigation/share/doe_navigation/package.sh'
[1.222s] INFO:colcon.colcon_core.shell:Creating package script '/home/hollowknight/Documents/code/Doe/install/doe_navigation/share/doe_navigation/package.bash'
[1.222s] INFO:colcon.colcon_core.shell:Creating package script '/home/hollowknight/Documents/code/Doe/install/doe_navigation/share/doe_navigation/package.zsh'
[1.223s] Level 1:colcon.colcon_core.environment:create_file_with_runtime_dependencies(/home/hollowknight/Documents/code/Doe/install/doe_navigation/share/colcon-core/packages/doe_navigation)
[1.414s] DEBUG:colcon.colcon_core.event_handler.log_command:Invoked command in '/home/hollowknight/Documents/code/Doe/build/doe_control' returned '1': CMAKE_PREFIX_PATH=${CMAKE_PREFIX_PATH}:/opt/ros/jazzy DEBUGINFOD_URLS=https://debuginfod.ubuntu.com /usr/bin/cmake /home/hollowknight/Documents/code/Doe/src/doe_control -DCMAKE_INSTALL_PREFIX=/home/hollowknight/Documents/code/Doe/install/doe_control
[1.424s] Level 1:colcon.colcon_core.environment:create_environment_scripts_only(doe_control)
[1.424s] Level 1:colcon.colcon_core.environment:checking '/home/hollowknight/Documents/code/Doe/install/doe_control' for CMake module files
[1.425s] Level 1:colcon.colcon_core.environment:checking '/home/hollowknight/Documents/code/Doe/install/doe_control' for CMake config files
[1.425s] Level 1:colcon.colcon_core.environment:checking '/home/hollowknight/Documents/code/Doe/install/doe_control/bin'
[1.425s] Level 1:colcon.colcon_core.environment:checking '/home/hollowknight/Documents/code/Doe/install/doe_control/lib/pkgconfig/doe_control.pc'
[1.425s] Level 1:colcon.colcon_core.environment:checking '/home/hollowknight/Documents/code/Doe/install/doe_control/lib/python3.12/site-packages'
[1.425s] Level 1:colcon.colcon_core.environment:checking '/home/hollowknight/Documents/code/Doe/install/doe_control/bin'
[1.425s] INFO:colcon.colcon_core.shell:Creating package script '/home/hollowknight/Documents/code/Doe/install/doe_control/share/doe_control/package.ps1'
[1.426s] INFO:colcon.colcon_core.shell:Creating package descriptor '/home/hollowknight/Documents/code/Doe/install/doe_control/share/doe_control/package.dsv'
[1.426s] INFO:colcon.colcon_core.shell:Creating package script '/home/hollowknight/Documents/code/Doe/install/doe_control/share/doe_control/package.sh'
[1.426s] INFO:colcon.colcon_core.shell:Creating package script '/home/hollowknight/Documents/code/Doe/install/doe_control/share/doe_control/package.bash'
[1.427s] INFO:colcon.colcon_core.shell:Creating package script '/home/hollowknight/Documents/code/Doe/install/doe_control/share/doe_control/package.zsh'
[1.427s] Level 1:colcon.colcon_core.environment:create_file_with_runtime_dependencies(/home/hollowknight/Documents/code/Doe/install/doe_control/share/colcon-core/packages/doe_control)
[1.437s] DEBUG:colcon.colcon_parallel_executor.executor.parallel:closing loop
[1.437s] DEBUG:colcon.colcon_parallel_executor.executor.parallel:loop closed
[1.438s] DEBUG:colcon.colcon_parallel_executor.executor.parallel:run_until_complete finished with '1'
[1.438s] DEBUG:colcon.colcon_core.event_reactor:joining thread
[1.444s] INFO:colcon.colcon_core.plugin_system:Skipping extension 'colcon_notification.desktop_notification.terminal_notifier': Not used on non-Darwin systems
[1.444s] INFO:colcon.colcon_core.plugin_system:Skipping extension 'colcon_notification.desktop_notification.win32': Not used on non-Windows systems
[1.445s] INFO:colcon.colcon_notification.desktop_notification:Sending desktop notification using 'notify2'
[1.458s] DEBUG:colcon.colcon_core.event_reactor:joined thread
[1.458s] INFO:colcon.colcon_core.shell:Creating prefix script '/home/hollowknight/Documents/code/Doe/install/local_setup.ps1'
[1.459s] INFO:colcon.colcon_core.shell:Creating prefix util module '/home/hollowknight/Documents/code/Doe/install/_local_setup_util_ps1.py'
[1.460s] INFO:colcon.colcon_core.shell:Creating prefix chain script '/home/hollowknight/Documents/code/Doe/install/setup.ps1'
[1.461s] INFO:colcon.colcon_core.shell:Creating prefix script '/home/hollowknight/Documents/code/Doe/install/local_setup.sh'
[1.462s] INFO:colcon.colcon_core.shell:Creating prefix util module '/home/hollowknight/Documents/code/Doe/install/_local_setup_util_sh.py'
[1.462s] INFO:colcon.colcon_core.shell:Creating prefix chain script '/home/hollowknight/Documents/code/Doe/install/setup.sh'
[1.463s] INFO:colcon.colcon_core.shell:Creating prefix script '/home/hollowknight/Documents/code/Doe/install/local_setup.bash'
[1.464s] INFO:colcon.colcon_core.shell:Creating prefix chain script '/home/hollowknight/Documents/code/Doe/install/setup.bash'
[1.465s] INFO:colcon.colcon_core.shell:Creating prefix script '/home/hollowknight/Documents/code/Doe/install/local_setup.zsh'
[1.465s] INFO:colcon.colcon_core.shell:Creating prefix chain script '/home/hollowknight/Documents/code/Doe/install/setup.zsh'
