[0.011s] Invoking command in '/home/hollowknight/Documents/code/Doe/build/doe_perception': CMAKE_PREFIX_PATH=${CMAKE_PREFIX_PATH}:/opt/ros/jazzy DEBUGINFOD_URLS=https://debuginfod.ubuntu.com /usr/bin/cmake --build /home/hollowknight/Documents/code/Doe/build/doe_perception -- -j12 -l12
[0.040s] Invoked command in '/home/hollowknight/Documents/code/Doe/build/doe_perception' returned '0': CMAKE_PREFIX_PATH=${CMAKE_PREFIX_PATH}:/opt/ros/jazzy DEBUGINFOD_URLS=https://debuginfod.ubuntu.com /usr/bin/cmake --build /home/hollowknight/Documents/code/Doe/build/doe_perception -- -j12 -l12
[0.063s] Invoking command in '/home/hollowknight/Documents/code/Doe/build/doe_perception': CMAKE_PREFIX_PATH=${CMAKE_PREFIX_PATH}:/opt/ros/jazzy DEBUGINFOD_URLS=https://debuginfod.ubuntu.com /usr/bin/cmake --install /home/hollowknight/Documents/code/Doe/build/doe_perception
[0.070s] -- Install configuration: ""
[0.071s] -- Up-to-date: /home/hollowknight/Documents/code/Doe/install/doe_perception/share/ament_index/resource_index/package_run_dependencies/doe_perception
[0.071s] -- Up-to-date: /home/hollowknight/Documents/code/Doe/install/doe_perception/share/ament_index/resource_index/parent_prefix_path/doe_perception
[0.071s] -- Up-to-date: /home/hollowknight/Documents/code/Doe/install/doe_perception/share/doe_perception/environment/ament_prefix_path.sh
[0.071s] -- Up-to-date: /home/hollowknight/Documents/code/Doe/install/doe_perception/share/doe_perception/environment/ament_prefix_path.dsv
[0.071s] -- Up-to-date: /home/hollowknight/Documents/code/Doe/install/doe_perception/share/doe_perception/environment/path.sh
[0.072s] -- Up-to-date: /home/hollowknight/Documents/code/Doe/install/doe_perception/share/doe_perception/environment/path.dsv
[0.072s] -- Up-to-date: /home/hollowknight/Documents/code/Doe/install/doe_perception/share/doe_perception/local_setup.bash
[0.072s] -- Up-to-date: /home/hollowknight/Documents/code/Doe/install/doe_perception/share/doe_perception/local_setup.sh
[0.072s] -- Up-to-date: /home/hollowknight/Documents/code/Doe/install/doe_perception/share/doe_perception/local_setup.zsh
[0.072s] -- Up-to-date: /home/hollowknight/Documents/code/Doe/install/doe_perception/share/doe_perception/local_setup.dsv
[0.072s] -- Installing: /home/hollowknight/Documents/code/Doe/install/doe_perception/share/doe_perception/package.dsv
[0.072s] -- Up-to-date: /home/hollowknight/Documents/code/Doe/install/doe_perception/share/ament_index/resource_index/packages/doe_perception
[0.072s] -- Up-to-date: /home/hollowknight/Documents/code/Doe/install/doe_perception/share/doe_perception/cmake/doe_perceptionConfig.cmake
[0.072s] -- Up-to-date: /home/hollowknight/Documents/code/Doe/install/doe_perception/share/doe_perception/cmake/doe_perceptionConfig-version.cmake
[0.072s] -- Up-to-date: /home/hollowknight/Documents/code/Doe/install/doe_perception/share/doe_perception/package.xml
[0.083s] Invoked command in '/home/hollowknight/Documents/code/Doe/build/doe_perception' returned '0': CMAKE_PREFIX_PATH=${CMAKE_PREFIX_PATH}:/opt/ros/jazzy DEBUGINFOD_URLS=https://debuginfod.ubuntu.com /usr/bin/cmake --install /home/hollowknight/Documents/code/Doe/build/doe_perception
