[0.015s] Invoking command in '/home/hollowknight/Documents/code/Doe/build/doe_control': CMAKE_PREFIX_PATH=${CMAKE_PREFIX_PATH}:/opt/ros/jazzy DEBUGINFOD_URLS=https://debuginfod.ubuntu.com /usr/bin/cmake --build /home/hollowknight/Documents/code/Doe/build/doe_control -- -j12 -l12
[0.036s] -- Found ament_cmake: 2.5.2 (/opt/ros/jazzy/share/ament_cmake/cmake)
[0.203s] -- Found rclcpp: 28.1.5 (/opt/ros/jazzy/share/rclcpp/cmake)
[0.230s] -- Found rosidl_generator_c: 4.6.4 (/opt/ros/jazzy/share/rosidl_generator_c/cmake)
[0.237s] -- Found rosidl_generator_cpp: 4.6.4 (/opt/ros/jazzy/share/rosidl_generator_cpp/cmake)
[0.245s] -- Using all available rosidl_typesupport_c: rosidl_typesupport_fastrtps_c;rosidl_typesupport_introspection_c
[0.254s] -- Using all available rosidl_typesupport_cpp: rosidl_typesupport_fastrtps_cpp;rosidl_typesupport_introspection_cpp
[0.300s] -- Found rmw_implementation_cmake: 7.3.1 (/opt/ros/jazzy/share/rmw_implementation_cmake/cmake)
[0.301s] -- Found rmw_fastrtps_cpp: 8.4.1 (/opt/ros/jazzy/share/rmw_fastrtps_cpp/cmake)
[0.350s] -- Using RMW implementation 'rmw_fastrtps_cpp' as default
[0.399s] -- Found rclcpp_components: 28.1.5 (/opt/ros/jazzy/share/rclcpp_components/cmake)
[0.420s] -- Found geometry_msgs: 5.3.5 (/opt/ros/jazzy/share/geometry_msgs/cmake)
[0.444s] -- Found sensor_msgs: 5.3.5 (/opt/ros/jazzy/share/sensor_msgs/cmake)
[0.463s] -- Found nav_msgs: 5.3.5 (/opt/ros/jazzy/share/nav_msgs/cmake)
[0.486s] -- Found tf2: 0.36.4 (/opt/ros/jazzy/share/tf2/cmake)
[0.489s] -- Found ament_lint_auto: 0.17.1 (/opt/ros/jazzy/share/ament_lint_auto/cmake)
[0.557s] -- Added test 'cppcheck' to perform static code analysis on C / C++ code
[0.557s] -- Configured cppcheck include dirs: /home/hollowknight/Documents/code/Doe/src/doe_control/include
[0.557s] -- Configured cppcheck exclude dirs and/or files: 
[0.557s] -- Added test 'lint_cmake' to check CMake code style
[0.558s] -- Added test 'uncrustify' to check C / C++ code style
[0.558s] -- Configured uncrustify additional arguments: 
[0.558s] -- Added test 'xmllint' to check XML markup files
[0.559s] -- Configuring done (0.5s)
[0.567s] -- Generating done (0.0s)
[0.568s] -- Build files have been written to: /home/hollowknight/Documents/code/Doe/build/doe_control
[0.597s] [ 50%] [32mBuilding CXX object CMakeFiles/thrust_publisher.dir/src/thrust_publisher.cpp.o[0m
[0.891s] In file included from [01m[K/home/hollowknight/Documents/code/Doe/src/doe_control/src/thrust_publisher.cpp:1[m[K:
[0.891s] [01m[K/home/hollowknight/Documents/code/Doe/src/doe_control/include/doe_control/thrust_publisher.hpp:10:10:[m[K [01;31m[Kfatal error: [m[Kgeometry_msgs/msg/wrench.hpp: No such file or directory
[0.891s]    10 | #include [01;31m[K"geometry_msgs/msg/wrench.hpp"[m[K
[0.891s]       |          [01;31m[K^~~~~~~~~~~~~~~~~~~~~~~~~~~~~~[m[K
[0.891s] compilation terminated.
[0.895s] gmake[2]: *** [CMakeFiles/thrust_publisher.dir/build.make:76: CMakeFiles/thrust_publisher.dir/src/thrust_publisher.cpp.o] Error 1
[0.895s] gmake[1]: *** [CMakeFiles/Makefile2:137: CMakeFiles/thrust_publisher.dir/all] Error 2
[0.895s] gmake: *** [Makefile:146: all] Error 2
[0.898s] Invoked command in '/home/hollowknight/Documents/code/Doe/build/doe_control' returned '2': CMAKE_PREFIX_PATH=${CMAKE_PREFIX_PATH}:/opt/ros/jazzy DEBUGINFOD_URLS=https://debuginfod.ubuntu.com /usr/bin/cmake --build /home/hollowknight/Documents/code/Doe/build/doe_control -- -j12 -l12
